2.5821 	WARNING 	Speech-to-text recognition module for PocketSphinx is not available (use command `pip install SpeechRecognition` to get it). Transcription will be unavailable using that service this session.
2.5827 	WARNING 	Speech-to-text recognition using Google online services is not available (use command `pip install google-api-core google-auth google-cloud google-cloud-speech googleapis-common-protos` to get it). Transcription will be unavailable using that service this session.
2.8373 	WARNING 	We strongly recommend you activate the PTB sound engine in PsychoPy prefs as the preferred audio engine. Its timing is vastly superior. Your prefs are currently set to use ['sounddevice', 'PTB', 'pyo', 'pygame'] (in that order).
6.1104 	WARNING 	User requested fullscreen with size [1080 1080], but screen is actually [1920, 1080]. Using actual size
6.7730 	EXP 	Created window1 = Window(allowGUI=False, allowStencil=False, autoLog=True, backendConf=UNKNOWN, bitsMode=UNKNOWN, blendMode='avg', bpc=(8, 8, 8), color=array([-1, -1, -1]), colorSpace='rgb', depthBits=8, fullscr=<method-wrapper '__getattribute__' of attributeSetter object at 0x000001C934848790>, gamma=None, gammaErrorPolicy='raise', lms=UNKNOWN, monitor=<psychopy.monitors.calibTools.Monitor object at 0x000001C939F8E580>, multiSample=False, name='window1', numSamples=2, pos=(2560, 0), screen=1, size=array([1920, 1080]), stencilBits=0, stereo=False, units='norm', useFBO=True, useRetina=False, viewOri=0.0, viewPos=None, viewScale=None, waitBlanking=True, winType='pyglet')
6.7731 	EXP 	window1: mouseVisible = True
6.7732 	EXP 	window1: Attempting to measure frame rate of screen (1) ...
6.7732 	EXP 	window1: recordFrameIntervals = False
6.9390 	EXP 	window1: recordFrameIntervals = True
7.1210 	EXP 	Screen (1) actual frame rate measured at 60.44Hz
7.1210 	EXP 	window1: recordFrameIntervals = False
7.1985 	EXP 	Created text = TextStim(__class__=<class 'psychopy.visual.text.TextStim'>, alignHoriz=method-wrapper(...), alignText='center', alignVert=method-wrapper(...), anchorHoriz='center', anchorVert='center', antialias=True, autoDraw=False, autoLog=True, bold=False, color=array([1., 1., 1.]), colorSpace='rgb', contrast=1.0, depth=0.0, flipHoriz=False, flipVert=False, font='Arial', fontFiles=[], height=0.06, italic=False, languageStyle='LTR', name='text', opacity=1.0, ori=0, pos=array([0. , 0.2]), rgb=UNKNOWN, text=str(...), units='norm', win=Window(...), wrapWidth=1.2)
7.1996 	EXP 	Created text = TextStim(__class__=<class 'psychopy.visual.text.TextStim'>, alignHoriz=method-wrapper(...), alignText='center', alignVert=method-wrapper(...), anchorHoriz='center', anchorVert='center', antialias=True, autoDraw=False, autoLog=True, bold=False, color=array([1., 1., 1.]), colorSpace='rgb', contrast=1.0, depth=0.0, flipHoriz=False, flipVert=False, font='Arial', fontFiles=[], height=0.06, italic=False, languageStyle='LTR', name='text', opacity=1.0, ori=0, pos=array([0., 0.]), rgb=UNKNOWN, text='', units='norm', win=Window(...), wrapWidth=1.2)
7.2063 	EXP 	Created waiting_for_trigger_text = TextStim(__class__=<class 'psychopy.visual.text.TextStim'>, alignHoriz=method-wrapper(...), alignText='center', alignVert=method-wrapper(...), anchorHoriz='center', anchorVert='center', antialias=True, autoDraw=False, autoLog=True, bold=False, color=array([1., 1., 1.]), colorSpace='rgb', contrast=1.0, depth=0.0, flipHoriz=False, flipVert=False, font='Arial', fontFiles=[], height=0.1, italic=False, languageStyle='LTR', name='waiting_for_trigger_text', opacity=1.0, ori=0, pos=array([0., 0.]), rgb=UNKNOWN, text='waiting for scanner', units='norm', win=Window(...), wrapWidth=2)
7.2124 	EXP 	Created text_2 = TextStim(__class__=<class 'psychopy.visual.text.TextStim'>, alignHoriz=method-wrapper(...), alignText='center', alignVert=method-wrapper(...), anchorHoriz='center', anchorVert='center', antialias=True, autoDraw=False, autoLog=True, bold=False, color=array([1., 1., 1.]), colorSpace='rgb', contrast=1.0, depth=0.0, flipHoriz=False, flipVert=False, font='Arial', fontFiles=[], height=0.3, italic=False, languageStyle='LTR', name='text_2', opacity=1.0, ori=0, pos=array([0., 0.]), rgb=UNKNOWN, text='+', units='norm', win=Window(...), wrapWidth=1)
7.2182 	EXP 	Created text_relax = TextStim(__class__=<class 'psychopy.visual.text.TextStim'>, alignHoriz=method-wrapper(...), alignText='center', alignVert=method-wrapper(...), anchorHoriz='center', anchorVert='center', antialias=True, autoDraw=False, autoLog=True, bold=False, color=array([1., 1., 1.]), colorSpace='rgb', contrast=1.0, depth=0.0, flipHoriz=False, flipVert=False, font='Arial', fontFiles=[], height=0.07, italic=False, languageStyle='LTR', name='text_relax', opacity=1.0, ori=0, pos=array([ 0. , -0.2]), rgb=UNKNOWN, text='Relax', units='norm', win=Window(...), wrapWidth=1)
7.2245 	EXP 	Created text_4 = TextStim(__class__=<class 'psychopy.visual.text.TextStim'>, alignHoriz=method-wrapper(...), alignText='center', alignVert=method-wrapper(...), anchorHoriz='center', anchorVert='center', antialias=True, autoDraw=False, autoLog=True, bold=False, color=array([1., 1., 1.]), colorSpace='rgb', contrast=1.0, depth=-3.0, flipHoriz=False, flipVert=False, font='Arial', fontFiles=[], height=0.1, italic=False, languageStyle='LTR', name='text_4', opacity=1.0, ori=0, pos=array([0., 0.]), rgb=UNKNOWN, text='default text', units='norm', win=Window(...), wrapWidth=1)
7.2350 	EXP 	Created unnamed Circle = Circle(__class__=<class 'psychopy.visual.circle.Circle'>, anchor=('center', 'center'), autoDraw=False, autoLog=True, closeShape=True, color=method-wrapper(...), colorSpace='rgb', contrast=None, depth=0, fillColor=array([0, 0, 0]), fillColorSpace='rgb', fillRGB=array([0, 0, 0]), interpolate=True, lineColor=array([ 1.,  1., -1.]), lineColorSpace='rgb', lineRGB=array([ 1,  1, -1]), lineWidth=2, name='unnamed Circle', opacity=0.5, ori=0.0, pos=array([0.        , 0.33333333]), size=array([1., 1.]), units='norm', vertices=ndarray(...), win=Window(...))
7.2412 	EXP 	Created unnamed Circle = Circle(__class__=<class 'psychopy.visual.circle.Circle'>, anchor=('center', 'center'), autoDraw=False, autoLog=True, closeShape=True, color=method-wrapper(...), colorSpace='rgb', contrast=None, depth=0, fillColor=array([0, 0, 0]), fillColorSpace='rgb', fillRGB=array([0, 0, 0]), interpolate=True, lineColor=array([-1., -1.,  1.]), lineColorSpace='rgb', lineRGB=array([-1, -1,  1]), lineWidth=2, name='unnamed Circle', opacity=0.5, ori=0.0, pos=array([ 0.        , -0.33333333]), size=array([1., 1.]), units='norm', vertices=ndarray(...), win=Window(...))
7.2446 	EXP 	Created unnamed Circle = Circle(__class__=<class 'psychopy.visual.circle.Circle'>, anchor=('center', 'center'), autoDraw=False, autoLog=True, closeShape=True, color=method-wrapper(...), colorSpace='rgb', contrast=None, depth=0, fillColor=array([1, 1, 1]), fillColorSpace='rgb', fillRGB=array([1, 1, 1]), interpolate=True, lineColor=array([1., 1., 1.]), lineColorSpace='rgb', lineRGB=array([1, 1, 1]), lineWidth=1.5, name='unnamed Circle', opacity=1.0, ori=0.0, pos=array([0., 0.]), size=array([1., 1.]), units='norm', vertices=ndarray(...), win=Window(...))
7.2469 	EXP 	Created unnamed Circle = Circle(__class__=<class 'psychopy.visual.circle.Circle'>, anchor=('center', 'center'), autoDraw=False, autoLog=True, closeShape=True, color=method-wrapper(...), colorSpace='rgb', contrast=None, depth=0, fillColor=array([1, 1, 1]), fillColorSpace='rgb', fillRGB=array([1, 1, 1]), interpolate=True, lineColor=array([1., 1., 1.]), lineColorSpace='rgb', lineRGB=array([1, 1, 1]), lineWidth=3, name='unnamed Circle', opacity=1.0, ori=0.0, pos=array([0., 0.]), size=array([1., 1.]), units='norm', vertices=ndarray(...), win=Window(...))
7.2537 	EXP 	Created instruct_text = TextStim(__class__=<class 'psychopy.visual.text.TextStim'>, alignHoriz=method-wrapper(...), alignText='center', alignVert=method-wrapper(...), anchorHoriz='center', anchorVert='center', antialias=True, autoDraw=False, autoLog=True, bold=False, color=array([1., 1., 1.]), colorSpace='rgb', contrast=1.0, depth=0.0, flipHoriz=False, flipVert=False, font='Arial', fontFiles=[], height=0.06, italic=False, languageStyle='LTR', name='instruct_text', opacity=1.0, ori=0, pos=array([0., 0.]), rgb=UNKNOWN, text='replace me', units='norm', win=Window(...), wrapWidth=1.2)
7.2595 	EXP 	Created thank_you_end_run_text = TextStim(__class__=<class 'psychopy.visual.text.TextStim'>, alignHoriz=method-wrapper(...), alignText='center', alignVert=method-wrapper(...), anchorHoriz='center', anchorVert='center', antialias=True, autoDraw=False, autoLog=True, bold=False, color=array([1., 1., 1.]), colorSpace='rgb', contrast=1.0, depth=0.0, flipHoriz=False, flipVert=False, font='Arial', fontFiles=[], height=0.1, italic=False, languageStyle='LTR', name='thank_you_end_run_text', opacity=1.0, ori=0, pos=array([0., 0.]), rgb=UNKNOWN, text='thank you!', units='norm', win=Window(...), wrapWidth=1)
7.2873 	EXP 	instruct_text: height = 0.06
7.2873 	EXP 	instruct_text: height = 0.06
7.2873 	EXP 	instruct_text: height = 0.06
7.2873 	EXP 	instruct_text: text = 'Great job! Next, you’ll get to practice Noting for another 2.5min. \nThis time the ball and circles will not move, so you don’t need to check them.'
23.7674 	DATA 	Keypress: space
23.8207 	EXP 	instruct_text: height = 0.06
23.8207 	EXP 	instruct_text: height = 0.06
23.8207 	EXP 	instruct_text: height = 0.06
23.8207 	EXP 	instruct_text: text = 'You will see the plus sign (+) for 30 seconds at the start. Whenever you see the plus +,  please don’t practice Noting – just relax.\n\nOnce the circles appear, please start the Noting practice. This practice will last 2.5 min.'
25.1002 	DATA 	Keypress: space
25.1206 	EXP 	waiting_for_trigger_text: autoDraw = True
44.2552 	DATA 	Keypress: 5
44.2873 	EXP 	waiting_for_trigger_text: autoDraw = False
44.2873 	EXP 	text_2: autoDraw = True
44.2873 	EXP 	text_relax: autoDraw = True
45.4625 	DATA 	Keypress: 5
46.6617 	DATA 	Keypress: 5
47.8484 	DATA 	Keypress: 5
49.0619 	DATA 	Keypress: 5
50.2609 	DATA 	Keypress: 5
51.4620 	DATA 	Keypress: 5
52.6460 	DATA 	Keypress: 5
53.8473 	DATA 	Keypress: 5
55.0457 	DATA 	Keypress: 5
56.2440 	DATA 	Keypress: 5
57.4480 	DATA 	Keypress: 5
58.6476 	DATA 	Keypress: 5
59.8808 	DATA 	Keypress: 5
61.0637 	DATA 	Keypress: 5
62.2797 	DATA 	Keypress: 5
63.4824 	DATA 	Keypress: 5
64.6490 	DATA 	Keypress: 5
65.8616 	DATA 	Keypress: 5
67.0650 	DATA 	Keypress: 5
68.2642 	DATA 	Keypress: 5
69.4659 	DATA 	Keypress: 5
70.6633 	DATA 	Keypress: 5
71.8806 	DATA 	Keypress: 5
73.0640 	DATA 	Keypress: 5
74.2612 	DATA 	Keypress: 5
74.2869 	EXP 	text_2: autoDraw = False
74.2869 	EXP 	text_relax: autoDraw = False
74.2869 	EXP 	text_2: autoDraw = False
75.4543 	DATA 	Keypress: 5
76.6571 	DATA 	Keypress: 5
77.8429 	DATA 	Keypress: 5
79.0662 	DATA 	Keypress: 5
80.2497 	DATA 	Keypress: 5
81.4571 	DATA 	Keypress: 5
82.6428 	DATA 	Keypress: 5
83.8600 	DATA 	Keypress: 5
85.0572 	DATA 	Keypress: 5
86.2620 	DATA 	Keypress: 5
87.4535 	DATA 	Keypress: 5
88.6654 	DATA 	Keypress: 5
89.8603 	DATA 	Keypress: 5
91.0519 	DATA 	Keypress: 5
92.2480 	DATA 	Keypress: 5
93.4660 	DATA 	Keypress: 5
94.6672 	DATA 	Keypress: 5
95.8557 	DATA 	Keypress: 5
97.0641 	DATA 	Keypress: 5
98.2427 	DATA 	Keypress: 5
99.4644 	DATA 	Keypress: 5
100.6560 	DATA 	Keypress: 5
101.8426 	DATA 	Keypress: 5
103.0549 	DATA 	Keypress: 5
104.2570 	DATA 	Keypress: 5
105.4528 	DATA 	Keypress: 5
106.6623 	DATA 	Keypress: 5
107.8581 	DATA 	Keypress: 5
109.0490 	DATA 	Keypress: 5
110.2537 	DATA 	Keypress: 5
111.4645 	DATA 	Keypress: 5
112.6567 	DATA 	Keypress: 5
113.8470 	DATA 	Keypress: 5
115.0468 	DATA 	Keypress: 5
116.2576 	DATA 	Keypress: 5
117.4467 	DATA 	Keypress: 5
118.6511 	DATA 	Keypress: 5
119.8458 	DATA 	Keypress: 5
121.0643 	DATA 	Keypress: 5
122.2480 	DATA 	Keypress: 5
123.4446 	DATA 	Keypress: 5
124.6637 	DATA 	Keypress: 5
125.8633 	DATA 	Keypress: 5
127.0474 	DATA 	Keypress: 5
128.2456 	DATA 	Keypress: 5
129.4602 	DATA 	Keypress: 5
130.6630 	DATA 	Keypress: 5
131.8514 	DATA 	Keypress: 5
133.0559 	DATA 	Keypress: 5
134.2622 	DATA 	Keypress: 5
135.4482 	DATA 	Keypress: 5
136.6571 	DATA 	Keypress: 5
137.8558 	DATA 	Keypress: 5
139.0581 	DATA 	Keypress: 5
140.2424 	DATA 	Keypress: 5
141.4646 	DATA 	Keypress: 5
142.6595 	DATA 	Keypress: 5
143.8601 	DATA 	Keypress: 5
145.0582 	DATA 	Keypress: 5
146.2446 	DATA 	Keypress: 5
147.4544 	DATA 	Keypress: 5
148.6603 	DATA 	Keypress: 5
149.8499 	DATA 	Keypress: 5
151.0524 	DATA 	Keypress: 5
152.2583 	DATA 	Keypress: 5
153.4672 	DATA 	Keypress: 5
154.6570 	DATA 	Keypress: 5
155.8421 	DATA 	Keypress: 5
157.0630 	DATA 	Keypress: 5
158.2620 	DATA 	Keypress: 5
159.4523 	DATA 	Keypress: 5
160.6486 	DATA 	Keypress: 5
161.8579 	DATA 	Keypress: 5
163.0474 	DATA 	Keypress: 5
164.2623 	DATA 	Keypress: 5
165.4621 	DATA 	Keypress: 5
166.6474 	DATA 	Keypress: 5
167.8510 	DATA 	Keypress: 5
169.0640 	DATA 	Keypress: 5
170.2565 	DATA 	Keypress: 5
171.4422 	DATA 	Keypress: 5
172.6521 	DATA 	Keypress: 5
173.8498 	DATA 	Keypress: 5
175.0420 	DATA 	Keypress: 5
176.2634 	DATA 	Keypress: 5
177.4554 	DATA 	Keypress: 5
178.6649 	DATA 	Keypress: 5
179.8583 	DATA 	Keypress: 5
181.0552 	DATA 	Keypress: 5
182.2421 	DATA 	Keypress: 5
183.4604 	DATA 	Keypress: 5
184.6577 	DATA 	Keypress: 5
185.8581 	DATA 	Keypress: 5
187.0432 	DATA 	Keypress: 5
188.2519 	DATA 	Keypress: 5
189.4522 	DATA 	Keypress: 5
190.6428 	DATA 	Keypress: 5
191.8417 	DATA 	Keypress: 5
193.0464 	DATA 	Keypress: 5
194.2556 	DATA 	Keypress: 5
195.4576 	DATA 	Keypress: 5
196.6585 	DATA 	Keypress: 5
197.8632 	DATA 	Keypress: 5
199.0653 	DATA 	Keypress: 5
200.2468 	DATA 	Keypress: 5
201.4490 	DATA 	Keypress: 5
202.6601 	DATA 	Keypress: 5
203.8454 	DATA 	Keypress: 5
205.0529 	DATA 	Keypress: 5
206.2525 	DATA 	Keypress: 5
207.4587 	DATA 	Keypress: 5
208.6472 	DATA 	Keypress: 5
209.8587 	DATA 	Keypress: 5
211.0665 	DATA 	Keypress: 5
212.2505 	DATA 	Keypress: 5
213.4474 	DATA 	Keypress: 5
214.6649 	DATA 	Keypress: 5
215.8531 	DATA 	Keypress: 5
217.0591 	DATA 	Keypress: 5
218.2480 	DATA 	Keypress: 5
219.4623 	DATA 	Keypress: 5
220.6597 	DATA 	Keypress: 5
221.8550 	DATA 	Keypress: 5
223.0567 	DATA 	Keypress: 5
224.3047 	EXP 	unnamed Circle: radius = 0.135
224.3047 	EXP 	unnamed Circle: radius = 0.12150000000000001
224.3047 	EXP 	unnamed Circle: radius = 0.10935000000000002
224.3047 	EXP 	unnamed Circle: radius = 0.09841500000000002
224.3047 	EXP 	unnamed Circle: radius = 0.08857350000000001
224.3047 	EXP 	unnamed Circle: radius = 0.07971615000000001
224.3047 	EXP 	unnamed Circle: radius = 0.07174453500000001
224.3047 	EXP 	unnamed Circle: radius = 0.06457008150000002
224.3047 	EXP 	unnamed Circle: radius = 0.058113073350000016
224.3047 	EXP 	unnamed Circle: radius = 0.052301766015000015
224.3047 	EXP 	text_2: autoDraw = True
225.2716 	EXP 	text_2: autoDraw = False
225.2716 	EXP 	text_2: autoDraw = False
227.2967 	DATA 	Keypress: 4
227.3023 	EXP 	Created text = TextStim(__class__=<class 'psychopy.visual.text.TextStim'>, alignHoriz=method-wrapper(...), alignText='center', alignVert=method-wrapper(...), anchorHoriz='center', anchorVert='center', antialias=True, autoDraw=False, autoLog=True, bold=False, color=array([1., 1., 1.]), colorSpace='rgb', contrast=1.0, depth=0.0, flipHoriz=False, flipVert=False, font='Arial', fontFiles=[], height=0.06, italic=False, languageStyle='LTR', name='text', opacity=1.0, ori=0, pos=array([0. , 0.2]), rgb=UNKNOWN, text=str(...), units='norm', win=Window(...), wrapWidth=1.2)
227.3101 	EXP 	window1: mouseVisible = True
227.3682 	EXP 	Created None = Slider(__class__=<class 'psychopy.visual.slider.Slider'>, autoDraw=False, autoLog=True, borderColor=None, color=None, colorSpace='rgb', depth=0, fillColor=None, flip=False, font='Arial', granularity=1, labelColor=None, labelHeight=0.05, labelWrapWidth=None, labels=('Never', 'Always'), lineColor=None, markerColor=None, name=None, opacity=None, ori=0, pos=array([0., 0.]), readOnly=False, self=UNKNOWN, size=array([0.85, 0.1 ]), startValue=None, style='rating', styleTweaks=[], ticks=array([1, 9]), units='norm', win=Window(...))
227.4042 	EXP 	None: autoLog = True
227.4042 	EXP 	None: markerPos = None
227.4042 	EXP 	None: styleTweaks = []
227.4042 	EXP 	None: styleTweaks = []
227.4042 	EXP 	None: styleTweaks = []
227.4042 	EXP 	None: styleTweaks = []
227.4042 	EXP 	None: contrast = 1.0
227.4042 	EXP 	None: autoLog = True
227.4042 	EXP 	None: markerPos = 5
229.0235 	DATA 	Keypress: 1
229.0543 	EXP 	None: markerPos = 6
230.0277 	DATA 	Keypress: 4
230.0706 	EXP 	None: markerPos = 6
230.0790 	EXP 	Created text = TextStim(__class__=<class 'psychopy.visual.text.TextStim'>, alignHoriz=method-wrapper(...), alignText='center', alignVert=method-wrapper(...), anchorHoriz='center', anchorVert='center', antialias=True, autoDraw=False, autoLog=True, bold=False, color=array([1., 1., 1.]), colorSpace='rgb', contrast=1.0, depth=0.0, flipHoriz=False, flipVert=False, font='Arial', fontFiles=[], height=0.06, italic=False, languageStyle='LTR', name='text', opacity=1.0, ori=0, pos=array([0. , 0.2]), rgb=UNKNOWN, text=str(...), units='norm', win=Window(...), wrapWidth=1.2)
230.0846 	EXP 	window1: mouseVisible = True
230.1279 	EXP 	Created None = Slider(__class__=<class 'psychopy.visual.slider.Slider'>, autoDraw=False, autoLog=True, borderColor=None, color=None, colorSpace='rgb', depth=0, fillColor=None, flip=False, font='Arial', granularity=1, labelColor=None, labelHeight=0.05, labelWrapWidth=None, labels=('Never', 'All the time'), lineColor=None, markerColor=None, name=None, opacity=None, ori=0, pos=array([0., 0.]), readOnly=False, self=UNKNOWN, size=array([0.85, 0.1 ]), startValue=None, style='rating', styleTweaks=[], ticks=array([1, 9]), units='norm', win=Window(...))
230.1535 	EXP 	None: autoLog = True
230.1535 	EXP 	None: markerPos = None
230.1535 	EXP 	None: styleTweaks = []
230.1535 	EXP 	None: styleTweaks = []
230.1535 	EXP 	None: styleTweaks = []
230.1535 	EXP 	None: styleTweaks = []
230.1535 	EXP 	None: contrast = 1.0
230.1535 	EXP 	None: autoLog = True
230.1535 	EXP 	None: markerPos = 5
232.2957 	DATA 	Keypress: 1
232.3376 	EXP 	None: markerPos = 6
233.7724 	DATA 	Keypress: 4
233.8205 	EXP 	None: markerPos = 6
233.8331 	EXP 	Created text = TextStim(__class__=<class 'psychopy.visual.text.TextStim'>, alignHoriz=method-wrapper(...), alignText='center', alignVert=method-wrapper(...), anchorHoriz='center', anchorVert='center', antialias=True, autoDraw=False, autoLog=True, bold=False, color=array([1., 1., 1.]), colorSpace='rgb', contrast=1.0, depth=0.0, flipHoriz=False, flipVert=False, font='Arial', fontFiles=[], height=0.06, italic=False, languageStyle='LTR', name='text', opacity=1.0, ori=0, pos=array([0. , 0.2]), rgb=UNKNOWN, text='How difficult was it to apply mental noting?', units='norm', win=Window(...), wrapWidth=1.2)
233.8385 	EXP 	window1: mouseVisible = True
233.8838 	EXP 	Created None = Slider(__class__=<class 'psychopy.visual.slider.Slider'>, autoDraw=False, autoLog=True, borderColor=None, color=None, colorSpace='rgb', depth=0, fillColor=None, flip=False, font='Arial', granularity=1, labelColor=None, labelHeight=0.05, labelWrapWidth=None, labels=('Not at all', 'Very Difficult'), lineColor=None, markerColor=None, name=None, opacity=None, ori=0, pos=array([0., 0.]), readOnly=False, self=UNKNOWN, size=array([0.85, 0.1 ]), startValue=None, style='rating', styleTweaks=[], ticks=array([1, 9]), units='norm', win=Window(...))
233.9031 	EXP 	None: autoLog = True
233.9031 	EXP 	None: markerPos = None
233.9031 	EXP 	None: styleTweaks = []
233.9031 	EXP 	None: styleTweaks = []
233.9031 	EXP 	None: styleTweaks = []
233.9031 	EXP 	None: styleTweaks = []
233.9031 	EXP 	None: contrast = 1.0
233.9031 	EXP 	None: autoLog = True
233.9031 	EXP 	None: markerPos = 5
237.4707 	DATA 	Keypress: 1
237.5204 	EXP 	None: markerPos = 6
238.2486 	DATA 	Keypress: 1
238.3040 	EXP 	None: markerPos = 7
238.8268 	DATA 	Keypress: 4
238.8705 	EXP 	None: markerPos = 7
238.8830 	EXP 	Created text = TextStim(__class__=<class 'psychopy.visual.text.TextStim'>, alignHoriz=method-wrapper(...), alignText='center', alignVert=method-wrapper(...), anchorHoriz='center', anchorVert='center', antialias=True, autoDraw=False, autoLog=True, bold=False, color=array([1., 1., 1.]), colorSpace='rgb', contrast=1.0, depth=0.0, flipHoriz=False, flipVert=False, font='Arial', fontFiles=[], height=0.06, italic=False, languageStyle='LTR', name='text', opacity=1.0, ori=0, pos=array([0. , 0.2]), rgb=UNKNOWN, text='How calm do you feel right now?', units='norm', win=Window(...), wrapWidth=1.2)
238.8911 	EXP 	window1: mouseVisible = True
238.9269 	EXP 	Created None = Slider(__class__=<class 'psychopy.visual.slider.Slider'>, autoDraw=False, autoLog=True, borderColor=None, color=None, colorSpace='rgb', depth=0, fillColor=None, flip=False, font='Arial', granularity=1, labelColor=None, labelHeight=0.05, labelWrapWidth=None, labels=('Not at all', 'Very calm'), lineColor=None, markerColor=None, name=None, opacity=None, ori=0, pos=array([0., 0.]), readOnly=False, self=UNKNOWN, size=array([0.85, 0.1 ]), startValue=None, style='rating', styleTweaks=[], ticks=array([1, 9]), units='norm', win=Window(...))
238.9542 	EXP 	None: autoLog = True
238.9542 	EXP 	None: markerPos = None
238.9542 	EXP 	None: styleTweaks = []
238.9542 	EXP 	None: styleTweaks = []
238.9542 	EXP 	None: styleTweaks = []
238.9542 	EXP 	None: styleTweaks = []
238.9542 	EXP 	None: contrast = 1.0
238.9542 	EXP 	None: autoLog = True
238.9542 	EXP 	None: markerPos = 5
239.8876 	DATA 	Keypress: 1
239.9370 	EXP 	None: markerPos = 6
240.1386 	DATA 	Keypress: 1
240.1877 	EXP 	None: markerPos = 7
240.6187 	DATA 	Keypress: 4
240.6539 	EXP 	None: markerPos = 7
243.7610 	EXP 	window1: mouseVisible = True
2.5821 	WARNING 	Speech-to-text recognition module for PocketSphinx is not available (use command `pip install SpeechRecognition` to get it). Transcription will be unavailable using that service this session.
2.5827 	WARNING 	Speech-to-text recognition using Google online services is not available (use command `pip install google-api-core google-auth google-cloud google-cloud-speech googleapis-common-protos` to get it). Transcription will be unavailable using that service this session.
2.8373 	WARNING 	We strongly recommend you activate the PTB sound engine in PsychoPy prefs as the preferred audio engine. Its timing is vastly superior. Your prefs are currently set to use ['sounddevice', 'PTB', 'pyo', 'pygame'] (in that order).
6.1104 	WARNING 	User requested fullscreen with size [1080 1080], but screen is actually [1920, 1080]. Using actual size
6.7730 	EXP 	Created window1 = Window(allowGUI=False, allowStencil=False, autoLog=True, backendConf=UNKNOWN, bitsMode=UNKNOWN, blendMode='avg', bpc=(8, 8, 8), color=array([-1, -1, -1]), colorSpace='rgb', depthBits=8, fullscr=<method-wrapper '__getattribute__' of attributeSetter object at 0x000001C934848790>, gamma=None, gammaErrorPolicy='raise', lms=UNKNOWN, monitor=<psychopy.monitors.calibTools.Monitor object at 0x000001C939F8E580>, multiSample=False, name='window1', numSamples=2, pos=(2560, 0), screen=1, size=array([1920, 1080]), stencilBits=0, stereo=False, units='norm', useFBO=True, useRetina=False, viewOri=0.0, viewPos=None, viewScale=None, waitBlanking=True, winType='pyglet')
6.7731 	EXP 	window1: mouseVisible = True
6.7732 	EXP 	window1: Attempting to measure frame rate of screen (1) ...
6.7732 	EXP 	window1: recordFrameIntervals = False
6.9390 	EXP 	window1: recordFrameIntervals = True
7.1210 	EXP 	Screen (1) actual frame rate measured at 60.44Hz
7.1210 	EXP 	window1: recordFrameIntervals = False
7.1985 	EXP 	Created text = TextStim(__class__=<class 'psychopy.visual.text.TextStim'>, alignHoriz=method-wrapper(...), alignText='center', alignVert=method-wrapper(...), anchorHoriz='center', anchorVert='center', antialias=True, autoDraw=False, autoLog=True, bold=False, color=array([1., 1., 1.]), colorSpace='rgb', contrast=1.0, depth=0.0, flipHoriz=False, flipVert=False, font='Arial', fontFiles=[], height=0.06, italic=False, languageStyle='LTR', name='text', opacity=1.0, ori=0, pos=array([0. , 0.2]), rgb=UNKNOWN, text=str(...), units='norm', win=Window(...), wrapWidth=1.2)
7.1996 	EXP 	Created text = TextStim(__class__=<class 'psychopy.visual.text.TextStim'>, alignHoriz=method-wrapper(...), alignText='center', alignVert=method-wrapper(...), anchorHoriz='center', anchorVert='center', antialias=True, autoDraw=False, autoLog=True, bold=False, color=array([1., 1., 1.]), colorSpace='rgb', contrast=1.0, depth=0.0, flipHoriz=False, flipVert=False, font='Arial', fontFiles=[], height=0.06, italic=False, languageStyle='LTR', name='text', opacity=1.0, ori=0, pos=array([0., 0.]), rgb=UNKNOWN, text='', units='norm', win=Window(...), wrapWidth=1.2)
7.2063 	EXP 	Created waiting_for_trigger_text = TextStim(__class__=<class 'psychopy.visual.text.TextStim'>, alignHoriz=method-wrapper(...), alignText='center', alignVert=method-wrapper(...), anchorHoriz='center', anchorVert='center', antialias=True, autoDraw=False, autoLog=True, bold=False, color=array([1., 1., 1.]), colorSpace='rgb', contrast=1.0, depth=0.0, flipHoriz=False, flipVert=False, font='Arial', fontFiles=[], height=0.1, italic=False, languageStyle='LTR', name='waiting_for_trigger_text', opacity=1.0, ori=0, pos=array([0., 0.]), rgb=UNKNOWN, text='waiting for scanner', units='norm', win=Window(...), wrapWidth=2)
7.2124 	EXP 	Created text_2 = TextStim(__class__=<class 'psychopy.visual.text.TextStim'>, alignHoriz=method-wrapper(...), alignText='center', alignVert=method-wrapper(...), anchorHoriz='center', anchorVert='center', antialias=True, autoDraw=False, autoLog=True, bold=False, color=array([1., 1., 1.]), colorSpace='rgb', contrast=1.0, depth=0.0, flipHoriz=False, flipVert=False, font='Arial', fontFiles=[], height=0.3, italic=False, languageStyle='LTR', name='text_2', opacity=1.0, ori=0, pos=array([0., 0.]), rgb=UNKNOWN, text='+', units='norm', win=Window(...), wrapWidth=1)
7.2182 	EXP 	Created text_relax = TextStim(__class__=<class 'psychopy.visual.text.TextStim'>, alignHoriz=method-wrapper(...), alignText='center', alignVert=method-wrapper(...), anchorHoriz='center', anchorVert='center', antialias=True, autoDraw=False, autoLog=True, bold=False, color=array([1., 1., 1.]), colorSpace='rgb', contrast=1.0, depth=0.0, flipHoriz=False, flipVert=False, font='Arial', fontFiles=[], height=0.07, italic=False, languageStyle='LTR', name='text_relax', opacity=1.0, ori=0, pos=array([ 0. , -0.2]), rgb=UNKNOWN, text='Relax', units='norm', win=Window(...), wrapWidth=1)
7.2245 	EXP 	Created text_4 = TextStim(__class__=<class 'psychopy.visual.text.TextStim'>, alignHoriz=method-wrapper(...), alignText='center', alignVert=method-wrapper(...), anchorHoriz='center', anchorVert='center', antialias=True, autoDraw=False, autoLog=True, bold=False, color=array([1., 1., 1.]), colorSpace='rgb', contrast=1.0, depth=-3.0, flipHoriz=False, flipVert=False, font='Arial', fontFiles=[], height=0.1, italic=False, languageStyle='LTR', name='text_4', opacity=1.0, ori=0, pos=array([0., 0.]), rgb=UNKNOWN, text='default text', units='norm', win=Window(...), wrapWidth=1)
7.2350 	EXP 	Created unnamed Circle = Circle(__class__=<class 'psychopy.visual.circle.Circle'>, anchor=('center', 'center'), autoDraw=False, autoLog=True, closeShape=True, color=method-wrapper(...), colorSpace='rgb', contrast=None, depth=0, fillColor=array([0, 0, 0]), fillColorSpace='rgb', fillRGB=array([0, 0, 0]), interpolate=True, lineColor=array([ 1.,  1., -1.]), lineColorSpace='rgb', lineRGB=array([ 1,  1, -1]), lineWidth=2, name='unnamed Circle', opacity=0.5, ori=0.0, pos=array([0.        , 0.33333333]), size=array([1., 1.]), units='norm', vertices=ndarray(...), win=Window(...))
7.2412 	EXP 	Created unnamed Circle = Circle(__class__=<class 'psychopy.visual.circle.Circle'>, anchor=('center', 'center'), autoDraw=False, autoLog=True, closeShape=True, color=method-wrapper(...), colorSpace='rgb', contrast=None, depth=0, fillColor=array([0, 0, 0]), fillColorSpace='rgb', fillRGB=array([0, 0, 0]), interpolate=True, lineColor=array([-1., -1.,  1.]), lineColorSpace='rgb', lineRGB=array([-1, -1,  1]), lineWidth=2, name='unnamed Circle', opacity=0.5, ori=0.0, pos=array([ 0.        , -0.33333333]), size=array([1., 1.]), units='norm', vertices=ndarray(...), win=Window(...))
7.2446 	EXP 	Created unnamed Circle = Circle(__class__=<class 'psychopy.visual.circle.Circle'>, anchor=('center', 'center'), autoDraw=False, autoLog=True, closeShape=True, color=method-wrapper(...), colorSpace='rgb', contrast=None, depth=0, fillColor=array([1, 1, 1]), fillColorSpace='rgb', fillRGB=array([1, 1, 1]), interpolate=True, lineColor=array([1., 1., 1.]), lineColorSpace='rgb', lineRGB=array([1, 1, 1]), lineWidth=1.5, name='unnamed Circle', opacity=1.0, ori=0.0, pos=array([0., 0.]), size=array([1., 1.]), units='norm', vertices=ndarray(...), win=Window(...))
7.2469 	EXP 	Created unnamed Circle = Circle(__class__=<class 'psychopy.visual.circle.Circle'>, anchor=('center', 'center'), autoDraw=False, autoLog=True, closeShape=True, color=method-wrapper(...), colorSpace='rgb', contrast=None, depth=0, fillColor=array([1, 1, 1]), fillColorSpace='rgb', fillRGB=array([1, 1, 1]), interpolate=True, lineColor=array([1., 1., 1.]), lineColorSpace='rgb', lineRGB=array([1, 1, 1]), lineWidth=3, name='unnamed Circle', opacity=1.0, ori=0.0, pos=array([0., 0.]), size=array([1., 1.]), units='norm', vertices=ndarray(...), win=Window(...))
7.2537 	EXP 	Created instruct_text = TextStim(__class__=<class 'psychopy.visual.text.TextStim'>, alignHoriz=method-wrapper(...), alignText='center', alignVert=method-wrapper(...), anchorHoriz='center', anchorVert='center', antialias=True, autoDraw=False, autoLog=True, bold=False, color=array([1., 1., 1.]), colorSpace='rgb', contrast=1.0, depth=0.0, flipHoriz=False, flipVert=False, font='Arial', fontFiles=[], height=0.06, italic=False, languageStyle='LTR', name='instruct_text', opacity=1.0, ori=0, pos=array([0., 0.]), rgb=UNKNOWN, text='replace me', units='norm', win=Window(...), wrapWidth=1.2)
7.2595 	EXP 	Created thank_you_end_run_text = TextStim(__class__=<class 'psychopy.visual.text.TextStim'>, alignHoriz=method-wrapper(...), alignText='center', alignVert=method-wrapper(...), anchorHoriz='center', anchorVert='center', antialias=True, autoDraw=False, autoLog=True, bold=False, color=array([1., 1., 1.]), colorSpace='rgb', contrast=1.0, depth=0.0, flipHoriz=False, flipVert=False, font='Arial', fontFiles=[], height=0.1, italic=False, languageStyle='LTR', name='thank_you_end_run_text', opacity=1.0, ori=0, pos=array([0., 0.]), rgb=UNKNOWN, text='thank you!', units='norm', win=Window(...), wrapWidth=1)
7.2873 	EXP 	instruct_text: height = 0.06
7.2873 	EXP 	instruct_text: height = 0.06
7.2873 	EXP 	instruct_text: height = 0.06
7.2873 	EXP 	instruct_text: text = 'Great job! Next, you’ll get to practice Noting for another 2.5min. \nThis time the ball and circles will not move, so you don’t need to check them.'
23.7674 	DATA 	Keypress: space
23.8207 	EXP 	instruct_text: height = 0.06
23.8207 	EXP 	instruct_text: height = 0.06
23.8207 	EXP 	instruct_text: height = 0.06
23.8207 	EXP 	instruct_text: text = 'You will see the plus sign (+) for 30 seconds at the start. Whenever you see the plus +,  please don’t practice Noting – just relax.\n\nOnce the circles appear, please start the Noting practice. This practice will last 2.5 min.'
25.1002 	DATA 	Keypress: space
25.1206 	EXP 	waiting_for_trigger_text: autoDraw = True
44.2552 	DATA 	Keypress: 5
44.2873 	EXP 	waiting_for_trigger_text: autoDraw = False
44.2873 	EXP 	text_2: autoDraw = True
44.2873 	EXP 	text_relax: autoDraw = True
45.4625 	DATA 	Keypress: 5
46.6617 	DATA 	Keypress: 5
47.8484 	DATA 	Keypress: 5
49.0619 	DATA 	Keypress: 5
50.2609 	DATA 	Keypress: 5
51.4620 	DATA 	Keypress: 5
52.6460 	DATA 	Keypress: 5
53.8473 	DATA 	Keypress: 5
55.0457 	DATA 	Keypress: 5
56.2440 	DATA 	Keypress: 5
57.4480 	DATA 	Keypress: 5
58.6476 	DATA 	Keypress: 5
59.8808 	DATA 	Keypress: 5
61.0637 	DATA 	Keypress: 5
62.2797 	DATA 	Keypress: 5
63.4824 	DATA 	Keypress: 5
64.6490 	DATA 	Keypress: 5
65.8616 	DATA 	Keypress: 5
67.0650 	DATA 	Keypress: 5
68.2642 	DATA 	Keypress: 5
69.4659 	DATA 	Keypress: 5
70.6633 	DATA 	Keypress: 5
71.8806 	DATA 	Keypress: 5
73.0640 	DATA 	Keypress: 5
74.2612 	DATA 	Keypress: 5
74.2869 	EXP 	text_2: autoDraw = False
74.2869 	EXP 	text_relax: autoDraw = False
74.2869 	EXP 	text_2: autoDraw = False
75.4543 	DATA 	Keypress: 5
76.6571 	DATA 	Keypress: 5
77.8429 	DATA 	Keypress: 5
79.0662 	DATA 	Keypress: 5
80.2497 	DATA 	Keypress: 5
81.4571 	DATA 	Keypress: 5
82.6428 	DATA 	Keypress: 5
83.8600 	DATA 	Keypress: 5
85.0572 	DATA 	Keypress: 5
86.2620 	DATA 	Keypress: 5
87.4535 	DATA 	Keypress: 5
88.6654 	DATA 	Keypress: 5
89.8603 	DATA 	Keypress: 5
91.0519 	DATA 	Keypress: 5
92.2480 	DATA 	Keypress: 5
93.4660 	DATA 	Keypress: 5
94.6672 	DATA 	Keypress: 5
95.8557 	DATA 	Keypress: 5
97.0641 	DATA 	Keypress: 5
98.2427 	DATA 	Keypress: 5
99.4644 	DATA 	Keypress: 5
100.6560 	DATA 	Keypress: 5
101.8426 	DATA 	Keypress: 5
103.0549 	DATA 	Keypress: 5
104.2570 	DATA 	Keypress: 5
105.4528 	DATA 	Keypress: 5
106.6623 	DATA 	Keypress: 5
107.8581 	DATA 	Keypress: 5
109.0490 	DATA 	Keypress: 5
110.2537 	DATA 	Keypress: 5
111.4645 	DATA 	Keypress: 5
112.6567 	DATA 	Keypress: 5
113.8470 	DATA 	Keypress: 5
115.0468 	DATA 	Keypress: 5
116.2576 	DATA 	Keypress: 5
117.4467 	DATA 	Keypress: 5
118.6511 	DATA 	Keypress: 5
119.8458 	DATA 	Keypress: 5
121.0643 	DATA 	Keypress: 5
122.2480 	DATA 	Keypress: 5
123.4446 	DATA 	Keypress: 5
124.6637 	DATA 	Keypress: 5
125.8633 	DATA 	Keypress: 5
127.0474 	DATA 	Keypress: 5
128.2456 	DATA 	Keypress: 5
129.4602 	DATA 	Keypress: 5
130.6630 	DATA 	Keypress: 5
131.8514 	DATA 	Keypress: 5
133.0559 	DATA 	Keypress: 5
134.2622 	DATA 	Keypress: 5
135.4482 	DATA 	Keypress: 5
136.6571 	DATA 	Keypress: 5
137.8558 	DATA 	Keypress: 5
139.0581 	DATA 	Keypress: 5
140.2424 	DATA 	Keypress: 5
141.4646 	DATA 	Keypress: 5
142.6595 	DATA 	Keypress: 5
143.8601 	DATA 	Keypress: 5
145.0582 	DATA 	Keypress: 5
146.2446 	DATA 	Keypress: 5
147.4544 	DATA 	Keypress: 5
148.6603 	DATA 	Keypress: 5
149.8499 	DATA 	Keypress: 5
151.0524 	DATA 	Keypress: 5
152.2583 	DATA 	Keypress: 5
153.4672 	DATA 	Keypress: 5
154.6570 	DATA 	Keypress: 5
155.8421 	DATA 	Keypress: 5
157.0630 	DATA 	Keypress: 5
158.2620 	DATA 	Keypress: 5
159.4523 	DATA 	Keypress: 5
160.6486 	DATA 	Keypress: 5
161.8579 	DATA 	Keypress: 5
163.0474 	DATA 	Keypress: 5
164.2623 	DATA 	Keypress: 5
165.4621 	DATA 	Keypress: 5
166.6474 	DATA 	Keypress: 5
167.8510 	DATA 	Keypress: 5
169.0640 	DATA 	Keypress: 5
170.2565 	DATA 	Keypress: 5
171.4422 	DATA 	Keypress: 5
172.6521 	DATA 	Keypress: 5
173.8498 	DATA 	Keypress: 5
175.0420 	DATA 	Keypress: 5
176.2634 	DATA 	Keypress: 5
177.4554 	DATA 	Keypress: 5
178.6649 	DATA 	Keypress: 5
179.8583 	DATA 	Keypress: 5
181.0552 	DATA 	Keypress: 5
182.2421 	DATA 	Keypress: 5
183.4604 	DATA 	Keypress: 5
184.6577 	DATA 	Keypress: 5
185.8581 	DATA 	Keypress: 5
187.0432 	DATA 	Keypress: 5
188.2519 	DATA 	Keypress: 5
189.4522 	DATA 	Keypress: 5
190.6428 	DATA 	Keypress: 5
191.8417 	DATA 	Keypress: 5
193.0464 	DATA 	Keypress: 5
194.2556 	DATA 	Keypress: 5
195.4576 	DATA 	Keypress: 5
196.6585 	DATA 	Keypress: 5
197.8632 	DATA 	Keypress: 5
199.0653 	DATA 	Keypress: 5
200.2468 	DATA 	Keypress: 5
201.4490 	DATA 	Keypress: 5
202.6601 	DATA 	Keypress: 5
203.8454 	DATA 	Keypress: 5
205.0529 	DATA 	Keypress: 5
206.2525 	DATA 	Keypress: 5
207.4587 	DATA 	Keypress: 5
208.6472 	DATA 	Keypress: 5
209.8587 	DATA 	Keypress: 5
211.0665 	DATA 	Keypress: 5
212.2505 	DATA 	Keypress: 5
213.4474 	DATA 	Keypress: 5
214.6649 	DATA 	Keypress: 5
215.8531 	DATA 	Keypress: 5
217.0591 	DATA 	Keypress: 5
218.2480 	DATA 	Keypress: 5
219.4623 	DATA 	Keypress: 5
220.6597 	DATA 	Keypress: 5
221.8550 	DATA 	Keypress: 5
223.0567 	DATA 	Keypress: 5
224.3047 	EXP 	unnamed Circle: radius = 0.135
224.3047 	EXP 	unnamed Circle: radius = 0.12150000000000001
224.3047 	EXP 	unnamed Circle: radius = 0.10935000000000002
224.3047 	EXP 	unnamed Circle: radius = 0.09841500000000002
224.3047 	EXP 	unnamed Circle: radius = 0.08857350000000001
224.3047 	EXP 	unnamed Circle: radius = 0.07971615000000001
224.3047 	EXP 	unnamed Circle: radius = 0.07174453500000001
224.3047 	EXP 	unnamed Circle: radius = 0.06457008150000002
224.3047 	EXP 	unnamed Circle: radius = 0.058113073350000016
224.3047 	EXP 	unnamed Circle: radius = 0.052301766015000015
224.3047 	EXP 	text_2: autoDraw = True
225.2716 	EXP 	text_2: autoDraw = False
225.2716 	EXP 	text_2: autoDraw = False
227.2967 	DATA 	Keypress: 4
227.3023 	EXP 	Created text = TextStim(__class__=<class 'psychopy.visual.text.TextStim'>, alignHoriz=method-wrapper(...), alignText='center', alignVert=method-wrapper(...), anchorHoriz='center', anchorVert='center', antialias=True, autoDraw=False, autoLog=True, bold=False, color=array([1., 1., 1.]), colorSpace='rgb', contrast=1.0, depth=0.0, flipHoriz=False, flipVert=False, font='Arial', fontFiles=[], height=0.06, italic=False, languageStyle='LTR', name='text', opacity=1.0, ori=0, pos=array([0. , 0.2]), rgb=UNKNOWN, text=str(...), units='norm', win=Window(...), wrapWidth=1.2)
227.3101 	EXP 	window1: mouseVisible = True
227.3682 	EXP 	Created None = Slider(__class__=<class 'psychopy.visual.slider.Slider'>, autoDraw=False, autoLog=True, borderColor=None, color=None, colorSpace='rgb', depth=0, fillColor=None, flip=False, font='Arial', granularity=1, labelColor=None, labelHeight=0.05, labelWrapWidth=None, labels=('Never', 'Always'), lineColor=None, markerColor=None, name=None, opacity=None, ori=0, pos=array([0., 0.]), readOnly=False, self=UNKNOWN, size=array([0.85, 0.1 ]), startValue=None, style='rating', styleTweaks=[], ticks=array([1, 9]), units='norm', win=Window(...))
227.4042 	EXP 	None: autoLog = True
227.4042 	EXP 	None: markerPos = None
227.4042 	EXP 	None: styleTweaks = []
227.4042 	EXP 	None: styleTweaks = []
227.4042 	EXP 	None: styleTweaks = []
227.4042 	EXP 	None: styleTweaks = []
227.4042 	EXP 	None: contrast = 1.0
227.4042 	EXP 	None: autoLog = True
227.4042 	EXP 	None: markerPos = 5
229.0235 	DATA 	Keypress: 1
229.0543 	EXP 	None: markerPos = 6
230.0277 	DATA 	Keypress: 4
230.0706 	EXP 	None: markerPos = 6
230.0790 	EXP 	Created text = TextStim(__class__=<class 'psychopy.visual.text.TextStim'>, alignHoriz=method-wrapper(...), alignText='center', alignVert=method-wrapper(...), anchorHoriz='center', anchorVert='center', antialias=True, autoDraw=False, autoLog=True, bold=False, color=array([1., 1., 1.]), colorSpace='rgb', contrast=1.0, depth=0.0, flipHoriz=False, flipVert=False, font='Arial', fontFiles=[], height=0.06, italic=False, languageStyle='LTR', name='text', opacity=1.0, ori=0, pos=array([0. , 0.2]), rgb=UNKNOWN, text=str(...), units='norm', win=Window(...), wrapWidth=1.2)
230.0846 	EXP 	window1: mouseVisible = True
230.1279 	EXP 	Created None = Slider(__class__=<class 'psychopy.visual.slider.Slider'>, autoDraw=False, autoLog=True, borderColor=None, color=None, colorSpace='rgb', depth=0, fillColor=None, flip=False, font='Arial', granularity=1, labelColor=None, labelHeight=0.05, labelWrapWidth=None, labels=('Never', 'All the time'), lineColor=None, markerColor=None, name=None, opacity=None, ori=0, pos=array([0., 0.]), readOnly=False, self=UNKNOWN, size=array([0.85, 0.1 ]), startValue=None, style='rating', styleTweaks=[], ticks=array([1, 9]), units='norm', win=Window(...))
230.1535 	EXP 	None: autoLog = True
230.1535 	EXP 	None: markerPos = None
230.1535 	EXP 	None: styleTweaks = []
230.1535 	EXP 	None: styleTweaks = []
230.1535 	EXP 	None: styleTweaks = []
230.1535 	EXP 	None: styleTweaks = []
230.1535 	EXP 	None: contrast = 1.0
230.1535 	EXP 	None: autoLog = True
230.1535 	EXP 	None: markerPos = 5
232.2957 	DATA 	Keypress: 1
232.3376 	EXP 	None: markerPos = 6
233.7724 	DATA 	Keypress: 4
233.8205 	EXP 	None: markerPos = 6
233.8331 	EXP 	Created text = TextStim(__class__=<class 'psychopy.visual.text.TextStim'>, alignHoriz=method-wrapper(...), alignText='center', alignVert=method-wrapper(...), anchorHoriz='center', anchorVert='center', antialias=True, autoDraw=False, autoLog=True, bold=False, color=array([1., 1., 1.]), colorSpace='rgb', contrast=1.0, depth=0.0, flipHoriz=False, flipVert=False, font='Arial', fontFiles=[], height=0.06, italic=False, languageStyle='LTR', name='text', opacity=1.0, ori=0, pos=array([0. , 0.2]), rgb=UNKNOWN, text='How difficult was it to apply mental noting?', units='norm', win=Window(...), wrapWidth=1.2)
233.8385 	EXP 	window1: mouseVisible = True
233.8838 	EXP 	Created None = Slider(__class__=<class 'psychopy.visual.slider.Slider'>, autoDraw=False, autoLog=True, borderColor=None, color=None, colorSpace='rgb', depth=0, fillColor=None, flip=False, font='Arial', granularity=1, labelColor=None, labelHeight=0.05, labelWrapWidth=None, labels=('Not at all', 'Very Difficult'), lineColor=None, markerColor=None, name=None, opacity=None, ori=0, pos=array([0., 0.]), readOnly=False, self=UNKNOWN, size=array([0.85, 0.1 ]), startValue=None, style='rating', styleTweaks=[], ticks=array([1, 9]), units='norm', win=Window(...))
233.9031 	EXP 	None: autoLog = True
233.9031 	EXP 	None: markerPos = None
233.9031 	EXP 	None: styleTweaks = []
233.9031 	EXP 	None: styleTweaks = []
233.9031 	EXP 	None: styleTweaks = []
233.9031 	EXP 	None: styleTweaks = []
233.9031 	EXP 	None: contrast = 1.0
233.9031 	EXP 	None: autoLog = True
233.9031 	EXP 	None: markerPos = 5
237.4707 	DATA 	Keypress: 1
237.5204 	EXP 	None: markerPos = 6
238.2486 	DATA 	Keypress: 1
238.3040 	EXP 	None: markerPos = 7
238.8268 	DATA 	Keypress: 4
238.8705 	EXP 	None: markerPos = 7
238.8830 	EXP 	Created text = TextStim(__class__=<class 'psychopy.visual.text.TextStim'>, alignHoriz=method-wrapper(...), alignText='center', alignVert=method-wrapper(...), anchorHoriz='center', anchorVert='center', antialias=True, autoDraw=False, autoLog=True, bold=False, color=array([1., 1., 1.]), colorSpace='rgb', contrast=1.0, depth=0.0, flipHoriz=False, flipVert=False, font='Arial', fontFiles=[], height=0.06, italic=False, languageStyle='LTR', name='text', opacity=1.0, ori=0, pos=array([0. , 0.2]), rgb=UNKNOWN, text='How calm do you feel right now?', units='norm', win=Window(...), wrapWidth=1.2)
238.8911 	EXP 	window1: mouseVisible = True
238.9269 	EXP 	Created None = Slider(__class__=<class 'psychopy.visual.slider.Slider'>, autoDraw=False, autoLog=True, borderColor=None, color=None, colorSpace='rgb', depth=0, fillColor=None, flip=False, font='Arial', granularity=1, labelColor=None, labelHeight=0.05, labelWrapWidth=None, labels=('Not at all', 'Very calm'), lineColor=None, markerColor=None, name=None, opacity=None, ori=0, pos=array([0., 0.]), readOnly=False, self=UNKNOWN, size=array([0.85, 0.1 ]), startValue=None, style='rating', styleTweaks=[], ticks=array([1, 9]), units='norm', win=Window(...))
238.9542 	EXP 	None: autoLog = True
238.9542 	EXP 	None: markerPos = None
238.9542 	EXP 	None: styleTweaks = []
238.9542 	EXP 	None: styleTweaks = []
238.9542 	EXP 	None: styleTweaks = []
238.9542 	EXP 	None: styleTweaks = []
238.9542 	EXP 	None: contrast = 1.0
238.9542 	EXP 	None: autoLog = True
238.9542 	EXP 	None: markerPos = 5
239.8876 	DATA 	Keypress: 1
239.9370 	EXP 	None: markerPos = 6
240.1386 	DATA 	Keypress: 1
240.1877 	EXP 	None: markerPos = 7
240.6187 	DATA 	Keypress: 4
240.6539 	EXP 	None: markerPos = 7
243.7610 	EXP 	window1: mouseVisible = True
