2.7861 	WARNING 	Speech-to-text recognition module for PocketSphinx is not available (use command `pip install SpeechRecognition` to get it). Transcription will be unavailable using that service this session.
2.7867 	WARNING 	Speech-to-text recognition using Google online services is not available (use command `pip install google-api-core google-auth google-cloud google-cloud-speech googleapis-common-protos` to get it). Transcription will be unavailable using that service this session.
3.0410 	WARNING 	We strongly recommend you activate the PTB sound engine in PsychoPy prefs as the preferred audio engine. Its timing is vastly superior. Your prefs are currently set to use ['sounddevice', 'PTB', 'pyo', 'pygame'] (in that order).
9.0816 	WARNING 	User requested fullscreen with size [1080 1080], but screen is actually [1920, 1080]. Using actual size
9.7522 	EXP 	Created window1 = Window(allowGUI=False, allowStencil=False, autoLog=True, backendConf=UNKNOWN, bitsMode=UNKNOWN, blendMode='avg', bpc=(8, 8, 8), color=array([-1, -1, -1]), colorSpace='rgb', depthBits=8, fullscr=<method-wrapper '__getattribute__' of attributeSetter object at 0x0000016C021F9790>, gamma=None, gammaErrorPolicy='raise', lms=UNKNOWN, monitor=<psychopy.monitors.calibTools.Monitor object at 0x0000016C07BCD580>, multiSample=False, name='window1', numSamples=2, pos=(2560, 0), screen=1, size=array([1920, 1080]), stencilBits=0, stereo=False, units='norm', useFBO=True, useRetina=False, viewOri=0.0, viewPos=None, viewScale=None, waitBlanking=True, winType='pyglet')
9.7523 	EXP 	window1: mouseVisible = True
9.7524 	EXP 	window1: Attempting to measure frame rate of screen (1) ...
9.7524 	EXP 	window1: recordFrameIntervals = False
9.9182 	EXP 	window1: recordFrameIntervals = True
10.1015 	EXP 	Screen (1) actual frame rate measured at 60.16Hz
10.1015 	EXP 	window1: recordFrameIntervals = False
10.1633 	EXP 	Created text = TextStim(__class__=<class 'psychopy.visual.text.TextStim'>, alignHoriz=method-wrapper(...), alignText='center', alignVert=method-wrapper(...), anchorHoriz='center', anchorVert='center', antialias=True, autoDraw=False, autoLog=True, bold=False, color=array([1., 1., 1.]), colorSpace='rgb', contrast=1.0, depth=0.0, flipHoriz=False, flipVert=False, font='Arial', fontFiles=[], height=0.06, italic=False, languageStyle='LTR', name='text', opacity=1.0, ori=0, pos=array([0. , 0.2]), rgb=UNKNOWN, text=str(...), units='norm', win=Window(...), wrapWidth=1.2)
10.1644 	EXP 	Created text = TextStim(__class__=<class 'psychopy.visual.text.TextStim'>, alignHoriz=method-wrapper(...), alignText='center', alignVert=method-wrapper(...), anchorHoriz='center', anchorVert='center', antialias=True, autoDraw=False, autoLog=True, bold=False, color=array([1., 1., 1.]), colorSpace='rgb', contrast=1.0, depth=0.0, flipHoriz=False, flipVert=False, font='Arial', fontFiles=[], height=0.06, italic=False, languageStyle='LTR', name='text', opacity=1.0, ori=0, pos=array([0., 0.]), rgb=UNKNOWN, text='', units='norm', win=Window(...), wrapWidth=1.2)
10.1711 	EXP 	Created waiting_for_trigger_text = TextStim(__class__=<class 'psychopy.visual.text.TextStim'>, alignHoriz=method-wrapper(...), alignText='center', alignVert=method-wrapper(...), anchorHoriz='center', anchorVert='center', antialias=True, autoDraw=False, autoLog=True, bold=False, color=array([1., 1., 1.]), colorSpace='rgb', contrast=1.0, depth=0.0, flipHoriz=False, flipVert=False, font='Arial', fontFiles=[], height=0.1, italic=False, languageStyle='LTR', name='waiting_for_trigger_text', opacity=1.0, ori=0, pos=array([0., 0.]), rgb=UNKNOWN, text='waiting for scanner', units='norm', win=Window(...), wrapWidth=2)
10.1771 	EXP 	Created text_2 = TextStim(__class__=<class 'psychopy.visual.text.TextStim'>, alignHoriz=method-wrapper(...), alignText='center', alignVert=method-wrapper(...), anchorHoriz='center', anchorVert='center', antialias=True, autoDraw=False, autoLog=True, bold=False, color=array([1., 1., 1.]), colorSpace='rgb', contrast=1.0, depth=0.0, flipHoriz=False, flipVert=False, font='Arial', fontFiles=[], height=0.3, italic=False, languageStyle='LTR', name='text_2', opacity=1.0, ori=0, pos=array([0., 0.]), rgb=UNKNOWN, text='+', units='norm', win=Window(...), wrapWidth=1)
10.1830 	EXP 	Created text_relax = TextStim(__class__=<class 'psychopy.visual.text.TextStim'>, alignHoriz=method-wrapper(...), alignText='center', alignVert=method-wrapper(...), anchorHoriz='center', anchorVert='center', antialias=True, autoDraw=False, autoLog=True, bold=False, color=array([1., 1., 1.]), colorSpace='rgb', contrast=1.0, depth=0.0, flipHoriz=False, flipVert=False, font='Arial', fontFiles=[], height=0.07, italic=False, languageStyle='LTR', name='text_relax', opacity=1.0, ori=0, pos=array([ 0. , -0.2]), rgb=UNKNOWN, text='Relax', units='norm', win=Window(...), wrapWidth=1)
10.1896 	EXP 	Created text_4 = TextStim(__class__=<class 'psychopy.visual.text.TextStim'>, alignHoriz=method-wrapper(...), alignText='center', alignVert=method-wrapper(...), anchorHoriz='center', anchorVert='center', antialias=True, autoDraw=False, autoLog=True, bold=False, color=array([1., 1., 1.]), colorSpace='rgb', contrast=1.0, depth=-3.0, flipHoriz=False, flipVert=False, font='Arial', fontFiles=[], height=0.1, italic=False, languageStyle='LTR', name='text_4', opacity=1.0, ori=0, pos=array([0., 0.]), rgb=UNKNOWN, text='default text', units='norm', win=Window(...), wrapWidth=1)
10.1963 	EXP 	Created unnamed Circle = Circle(__class__=<class 'psychopy.visual.circle.Circle'>, anchor=('center', 'center'), autoDraw=False, autoLog=True, closeShape=True, color=method-wrapper(...), colorSpace='rgb', contrast=None, depth=0, fillColor=array([0, 0, 0]), fillColorSpace='rgb', fillRGB=array([0, 0, 0]), interpolate=True, lineColor=array([ 1.,  1., -1.]), lineColorSpace='rgb', lineRGB=array([ 1,  1, -1]), lineWidth=2, name='unnamed Circle', opacity=0.5, ori=0.0, pos=array([0.        , 0.33333333]), size=array([1., 1.]), units='norm', vertices=ndarray(...), win=Window(...))
10.1998 	EXP 	Created unnamed Circle = Circle(__class__=<class 'psychopy.visual.circle.Circle'>, anchor=('center', 'center'), autoDraw=False, autoLog=True, closeShape=True, color=method-wrapper(...), colorSpace='rgb', contrast=None, depth=0, fillColor=array([0, 0, 0]), fillColorSpace='rgb', fillRGB=array([0, 0, 0]), interpolate=True, lineColor=array([-1., -1.,  1.]), lineColorSpace='rgb', lineRGB=array([-1, -1,  1]), lineWidth=2, name='unnamed Circle', opacity=0.5, ori=0.0, pos=array([ 0.        , -0.33333333]), size=array([1., 1.]), units='norm', vertices=ndarray(...), win=Window(...))
10.2031 	EXP 	Created unnamed Circle = Circle(__class__=<class 'psychopy.visual.circle.Circle'>, anchor=('center', 'center'), autoDraw=False, autoLog=True, closeShape=True, color=method-wrapper(...), colorSpace='rgb', contrast=None, depth=0, fillColor=array([1, 1, 1]), fillColorSpace='rgb', fillRGB=array([1, 1, 1]), interpolate=True, lineColor=array([1., 1., 1.]), lineColorSpace='rgb', lineRGB=array([1, 1, 1]), lineWidth=1.5, name='unnamed Circle', opacity=1.0, ori=0.0, pos=array([0., 0.]), size=array([1., 1.]), units='norm', vertices=ndarray(...), win=Window(...))
10.2056 	EXP 	Created unnamed Circle = Circle(__class__=<class 'psychopy.visual.circle.Circle'>, anchor=('center', 'center'), autoDraw=False, autoLog=True, closeShape=True, color=method-wrapper(...), colorSpace='rgb', contrast=None, depth=0, fillColor=array([1, 1, 1]), fillColorSpace='rgb', fillRGB=array([1, 1, 1]), interpolate=True, lineColor=array([1., 1., 1.]), lineColorSpace='rgb', lineRGB=array([1, 1, 1]), lineWidth=3, name='unnamed Circle', opacity=1.0, ori=0.0, pos=array([0., 0.]), size=array([1., 1.]), units='norm', vertices=ndarray(...), win=Window(...))
10.2125 	EXP 	Created instruct_text = TextStim(__class__=<class 'psychopy.visual.text.TextStim'>, alignHoriz=method-wrapper(...), alignText='center', alignVert=method-wrapper(...), anchorHoriz='center', anchorVert='center', antialias=True, autoDraw=False, autoLog=True, bold=False, color=array([1., 1., 1.]), colorSpace='rgb', contrast=1.0, depth=0.0, flipHoriz=False, flipVert=False, font='Arial', fontFiles=[], height=0.06, italic=False, languageStyle='LTR', name='instruct_text', opacity=1.0, ori=0, pos=array([0., 0.]), rgb=UNKNOWN, text='replace me', units='norm', win=Window(...), wrapWidth=1.2)
10.2195 	EXP 	Created thank_you_end_run_text = TextStim(__class__=<class 'psychopy.visual.text.TextStim'>, alignHoriz=method-wrapper(...), alignText='center', alignVert=method-wrapper(...), anchorHoriz='center', anchorVert='center', antialias=True, autoDraw=False, autoLog=True, bold=False, color=array([1., 1., 1.]), colorSpace='rgb', contrast=1.0, depth=0.0, flipHoriz=False, flipVert=False, font='Arial', fontFiles=[], height=0.1, italic=False, languageStyle='LTR', name='thank_you_end_run_text', opacity=1.0, ori=0, pos=array([0., 0.]), rgb=UNKNOWN, text='thank you!', units='norm', win=Window(...), wrapWidth=1)
10.2501 	EXP 	instruct_text: height = 0.06
10.2501 	EXP 	instruct_text: height = 0.06
10.2501 	EXP 	instruct_text: height = 0.06
10.2501 	EXP 	instruct_text: text = 'Great job! Next, you’ll get to practice Noting for another 2.5min with more brain feedback from the ball. \n\nWhen the ball moves upwards, that corresponds to the Noting Practice.'
26.3793 	DATA 	Keypress: space
26.3996 	EXP 	instruct_text: height = 0.06
26.3996 	EXP 	instruct_text: height = 0.06
26.3996 	EXP 	instruct_text: height = 0.06
26.3996 	EXP 	instruct_text: text = 'You will see the plus sign (+) for 30 seconds at the start. Whenever you see the plus +,  please don’t practice Noting – just relax.\n\nOnce the circles appear, please start the Noting practice. This practice will last 2.5 min.'
41.7313 	DATA 	Keypress: space
41.7842 	EXP 	waiting_for_trigger_text: autoDraw = True
57.9356 	DATA 	Keypress: 5
57.9830 	EXP 	waiting_for_trigger_text: autoDraw = False
57.9830 	EXP 	text_2: autoDraw = True
57.9830 	EXP 	text_relax: autoDraw = True
59.1420 	DATA 	Keypress: 5
60.3774 	DATA 	Keypress: 5
61.5607 	DATA 	Keypress: 5
62.7609 	DATA 	Keypress: 5
63.9789 	DATA 	Keypress: 5
65.1776 	DATA 	Keypress: 5
66.3767 	DATA 	Keypress: 5
67.5353 	DATA 	Keypress: 5
68.7575 	DATA 	Keypress: 5
69.9434 	DATA 	Keypress: 5
71.1566 	DATA 	Keypress: 5
72.3420 	DATA 	Keypress: 5
73.5359 	DATA 	Keypress: 5
74.7758 	DATA 	Keypress: 5
75.9521 	DATA 	Keypress: 5
77.1419 	DATA 	Keypress: 5
78.3365 	DATA 	Keypress: 5
79.5577 	DATA 	Keypress: 5
80.7581 	DATA 	Keypress: 5
81.9483 	DATA 	Keypress: 5
83.1609 	DATA 	Keypress: 5
84.3584 	DATA 	Keypress: 5
85.5444 	DATA 	Keypress: 5
86.7606 	DATA 	Keypress: 5
87.9622 	DATA 	Keypress: 5
88.0175 	EXP 	text_2: autoDraw = False
88.0175 	EXP 	text_relax: autoDraw = False
88.0175 	EXP 	text_2: autoDraw = False
89.1520 	DATA 	Keypress: 5
90.3359 	DATA 	Keypress: 5
91.5514 	DATA 	Keypress: 5
92.7357 	DATA 	Keypress: 5
93.9518 	DATA 	Keypress: 5
95.1466 	DATA 	Keypress: 5
96.3358 	DATA 	Keypress: 5
97.5463 	DATA 	Keypress: 5
98.7361 	DATA 	Keypress: 5
99.9522 	DATA 	Keypress: 5
101.1435 	DATA 	Keypress: 5
102.3515 	DATA 	Keypress: 5
103.5446 	DATA 	Keypress: 5
104.7356 	DATA 	Keypress: 5
105.9501 	DATA 	Keypress: 5
107.1518 	DATA 	Keypress: 5
108.3454 	DATA 	Keypress: 5
109.0832 	EXP 	unnamed Circle: radius = 0.135
109.5466 	DATA 	Keypress: 5
110.7512 	DATA 	Keypress: 5
111.9615 	DATA 	Keypress: 5
113.1622 	DATA 	Keypress: 5
114.3464 	DATA 	Keypress: 5
115.5621 	DATA 	Keypress: 5
116.7517 	DATA 	Keypress: 5
117.9515 	DATA 	Keypress: 5
119.1510 	DATA 	Keypress: 5
120.3466 	DATA 	Keypress: 5
121.5511 	DATA 	Keypress: 5
122.2503 	EXP 	unnamed Circle: radius = 0.12150000000000001
122.7585 	DATA 	Keypress: 5
123.9479 	DATA 	Keypress: 5
125.1521 	DATA 	Keypress: 5
126.3513 	DATA 	Keypress: 5
127.5591 	DATA 	Keypress: 5
128.7358 	DATA 	Keypress: 5
129.9616 	DATA 	Keypress: 5
131.1520 	DATA 	Keypress: 5
132.3431 	DATA 	Keypress: 5
133.0171 	EXP 	unnamed Circle: radius = 0.10935000000000002
133.5503 	DATA 	Keypress: 5
134.7456 	DATA 	Keypress: 5
135.9455 	DATA 	Keypress: 5
137.1359 	DATA 	Keypress: 5
138.3357 	DATA 	Keypress: 5
139.5589 	DATA 	Keypress: 5
140.7604 	DATA 	Keypress: 5
141.9488 	DATA 	Keypress: 5
143.1512 	DATA 	Keypress: 5
144.3506 	DATA 	Keypress: 5
145.5432 	DATA 	Keypress: 5
146.7491 	DATA 	Keypress: 5
147.4665 	EXP 	unnamed Circle: radius = 0.09841500000000002
147.9479 	DATA 	Keypress: 5
149.1514 	DATA 	Keypress: 5
150.3515 	DATA 	Keypress: 5
151.5438 	DATA 	Keypress: 5
152.7512 	DATA 	Keypress: 5
153.9470 	DATA 	Keypress: 5
155.1467 	DATA 	Keypress: 5
156.3513 	DATA 	Keypress: 5
157.5357 	DATA 	Keypress: 5
158.7518 	DATA 	Keypress: 5
159.9466 	DATA 	Keypress: 5
161.1480 	DATA 	Keypress: 5
162.3443 	DATA 	Keypress: 5
163.0320 	EXP 	unnamed Circle: radius = 0.08857350000000001
163.5512 	DATA 	Keypress: 5
164.7452 	DATA 	Keypress: 5
165.9353 	DATA 	Keypress: 5
167.1359 	DATA 	Keypress: 5
168.3449 	DATA 	Keypress: 5
169.5352 	DATA 	Keypress: 5
170.7444 	DATA 	Keypress: 5
171.9435 	DATA 	Keypress: 5
173.1517 	DATA 	Keypress: 5
173.8153 	EXP 	unnamed Circle: radius = 0.07971615000000001
174.3508 	DATA 	Keypress: 5
175.5444 	DATA 	Keypress: 5
176.7431 	DATA 	Keypress: 5
177.9445 	DATA 	Keypress: 5
179.1354 	DATA 	Keypress: 5
180.3375 	DATA 	Keypress: 5
181.5506 	DATA 	Keypress: 5
182.7352 	DATA 	Keypress: 5
183.9623 	DATA 	Keypress: 5
185.1508 	DATA 	Keypress: 5
186.3463 	DATA 	Keypress: 5
187.5509 	DATA 	Keypress: 5
188.2653 	EXP 	unnamed Circle: radius = 0.07174453500000001
188.7508 	DATA 	Keypress: 5
189.9478 	DATA 	Keypress: 5
191.1452 	DATA 	Keypress: 5
192.3462 	DATA 	Keypress: 5
193.5518 	DATA 	Keypress: 5
194.7595 	DATA 	Keypress: 5
195.9511 	DATA 	Keypress: 5
197.1451 	DATA 	Keypress: 5
198.3477 	DATA 	Keypress: 5
199.5510 	DATA 	Keypress: 5
200.7606 	DATA 	Keypress: 5
201.9460 	DATA 	Keypress: 5
203.1517 	DATA 	Keypress: 5
204.3356 	DATA 	Keypress: 5
205.5357 	DATA 	Keypress: 5
206.7507 	DATA 	Keypress: 5
207.9357 	DATA 	Keypress: 5
209.1466 	DATA 	Keypress: 5
210.3359 	DATA 	Keypress: 5
211.5357 	DATA 	Keypress: 5
212.2487 	EXP 	unnamed Circle: radius = 0.06457008150000002
212.7471 	DATA 	Keypress: 5
213.9359 	DATA 	Keypress: 5
215.1600 	DATA 	Keypress: 5
216.3512 	DATA 	Keypress: 5
217.5619 	DATA 	Keypress: 5
218.7507 	DATA 	Keypress: 5
219.9602 	DATA 	Keypress: 5
221.1592 	DATA 	Keypress: 5
222.3510 	DATA 	Keypress: 5
223.5496 	DATA 	Keypress: 5
224.7357 	DATA 	Keypress: 5
225.9450 	DATA 	Keypress: 5
226.6652 	EXP 	unnamed Circle: radius = 0.058113073350000016
227.1464 	DATA 	Keypress: 5
228.3513 	DATA 	Keypress: 5
229.5593 	DATA 	Keypress: 5
230.7508 	DATA 	Keypress: 5
231.9517 	DATA 	Keypress: 5
233.1357 	DATA 	Keypress: 5
234.3350 	DATA 	Keypress: 5
235.5347 	DATA 	Keypress: 5
236.7468 	DATA 	Keypress: 5
238.0012 	EXP 	text_2: autoDraw = True
238.9680 	EXP 	text_2: autoDraw = False
254.7658 	DATA 	Keypress: 4
254.7713 	EXP 	Created text = TextStim(__class__=<class 'psychopy.visual.text.TextStim'>, alignHoriz=method-wrapper(...), alignText='center', alignVert=method-wrapper(...), anchorHoriz='center', anchorVert='center', antialias=True, autoDraw=False, autoLog=True, bold=False, color=array([1., 1., 1.]), colorSpace='rgb', contrast=1.0, depth=0.0, flipHoriz=False, flipVert=False, font='Arial', fontFiles=[], height=0.06, italic=False, languageStyle='LTR', name='text', opacity=1.0, ori=0, pos=array([0. , 0.2]), rgb=UNKNOWN, text=str(...), units='norm', win=Window(...), wrapWidth=1.2)
254.7825 	EXP 	window1: mouseVisible = True
254.8406 	EXP 	Created None = Slider(__class__=<class 'psychopy.visual.slider.Slider'>, autoDraw=False, autoLog=True, borderColor=None, color=None, colorSpace='rgb', depth=0, fillColor=None, flip=False, font='Arial', granularity=1, labelColor=None, labelHeight=0.05, labelWrapWidth=None, labels=('Never', 'Always'), lineColor=None, markerColor=None, name=None, opacity=None, ori=0, pos=array([0., 0.]), readOnly=False, self=UNKNOWN, size=array([0.85, 0.1 ]), startValue=None, style='rating', styleTweaks=[], ticks=array([1, 9]), units='norm', win=Window(...))
254.9001 	EXP 	None: autoLog = True
254.9001 	EXP 	None: markerPos = None
254.9001 	EXP 	None: styleTweaks = []
254.9001 	EXP 	None: styleTweaks = []
254.9001 	EXP 	None: styleTweaks = []
254.9001 	EXP 	None: styleTweaks = []
254.9001 	EXP 	None: contrast = 1.0
254.9001 	EXP 	None: autoLog = True
254.9001 	EXP 	None: markerPos = 5
257.1240 	DATA 	Keypress: 1
257.1495 	EXP 	None: markerPos = 6
259.3911 	DATA 	Keypress: 4
259.4331 	EXP 	None: markerPos = 6
259.4476 	EXP 	Created text = TextStim(__class__=<class 'psychopy.visual.text.TextStim'>, alignHoriz=method-wrapper(...), alignText='center', alignVert=method-wrapper(...), anchorHoriz='center', anchorVert='center', antialias=True, autoDraw=False, autoLog=True, bold=False, color=array([1., 1., 1.]), colorSpace='rgb', contrast=1.0, depth=0.0, flipHoriz=False, flipVert=False, font='Arial', fontFiles=[], height=0.06, italic=False, languageStyle='LTR', name='text', opacity=1.0, ori=0, pos=array([0. , 0.2]), rgb=UNKNOWN, text=str(...), units='norm', win=Window(...), wrapWidth=1.2)
259.4531 	EXP 	window1: mouseVisible = True
259.4970 	EXP 	Created None = Slider(__class__=<class 'psychopy.visual.slider.Slider'>, autoDraw=False, autoLog=True, borderColor=None, color=None, colorSpace='rgb', depth=0, fillColor=None, flip=False, font='Arial', granularity=1, labelColor=None, labelHeight=0.05, labelWrapWidth=None, labels=('Never', 'All the time'), lineColor=None, markerColor=None, name=None, opacity=None, ori=0, pos=array([0., 0.]), readOnly=False, self=UNKNOWN, size=array([0.85, 0.1 ]), startValue=None, style='rating', styleTweaks=[], ticks=array([1, 9]), units='norm', win=Window(...))
259.5152 	EXP 	None: autoLog = True
259.5152 	EXP 	None: markerPos = None
259.5152 	EXP 	None: styleTweaks = []
259.5152 	EXP 	None: styleTweaks = []
259.5152 	EXP 	None: styleTweaks = []
259.5152 	EXP 	None: styleTweaks = []
259.5152 	EXP 	None: contrast = 1.0
259.5152 	EXP 	None: autoLog = True
259.5152 	EXP 	None: markerPos = 5
260.7809 	DATA 	Keypress: 1
260.8335 	EXP 	None: markerPos = 6
261.4610 	DATA 	Keypress: 4
261.4998 	EXP 	None: markerPos = 6
261.5077 	EXP 	Created text = TextStim(__class__=<class 'psychopy.visual.text.TextStim'>, alignHoriz=method-wrapper(...), alignText='center', alignVert=method-wrapper(...), anchorHoriz='center', anchorVert='center', antialias=True, autoDraw=False, autoLog=True, bold=False, color=array([1., 1., 1.]), colorSpace='rgb', contrast=1.0, depth=0.0, flipHoriz=False, flipVert=False, font='Arial', fontFiles=[], height=0.06, italic=False, languageStyle='LTR', name='text', opacity=1.0, ori=0, pos=array([0. , 0.2]), rgb=UNKNOWN, text='How difficult was it to apply mental noting?', units='norm', win=Window(...), wrapWidth=1.2)
261.5134 	EXP 	window1: mouseVisible = True
261.5598 	EXP 	Created None = Slider(__class__=<class 'psychopy.visual.slider.Slider'>, autoDraw=False, autoLog=True, borderColor=None, color=None, colorSpace='rgb', depth=0, fillColor=None, flip=False, font='Arial', granularity=1, labelColor=None, labelHeight=0.05, labelWrapWidth=None, labels=('Not at all', 'Very Difficult'), lineColor=None, markerColor=None, name=None, opacity=None, ori=0, pos=array([0., 0.]), readOnly=False, self=UNKNOWN, size=array([0.85, 0.1 ]), startValue=None, style='rating', styleTweaks=[], ticks=array([1, 9]), units='norm', win=Window(...))
261.5823 	EXP 	None: autoLog = True
261.5823 	EXP 	None: markerPos = None
261.5823 	EXP 	None: styleTweaks = []
261.5823 	EXP 	None: styleTweaks = []
261.5823 	EXP 	None: styleTweaks = []
261.5823 	EXP 	None: styleTweaks = []
261.5823 	EXP 	None: contrast = 1.0
261.5823 	EXP 	None: autoLog = True
261.5823 	EXP 	None: markerPos = 5
264.0579 	DATA 	Keypress: 1
264.0995 	EXP 	None: markerPos = 6
264.4332 	DATA 	Keypress: 1
264.4834 	EXP 	None: markerPos = 7
265.3933 	DATA 	Keypress: 4
265.4335 	EXP 	None: markerPos = 7
265.4459 	EXP 	Created text = TextStim(__class__=<class 'psychopy.visual.text.TextStim'>, alignHoriz=method-wrapper(...), alignText='center', alignVert=method-wrapper(...), anchorHoriz='center', anchorVert='center', antialias=True, autoDraw=False, autoLog=True, bold=False, color=array([1., 1., 1.]), colorSpace='rgb', contrast=1.0, depth=0.0, flipHoriz=False, flipVert=False, font='Arial', fontFiles=[], height=0.06, italic=False, languageStyle='LTR', name='text', opacity=1.0, ori=0, pos=array([0. , 0.2]), rgb=UNKNOWN, text='How calm do you feel right now?', units='norm', win=Window(...), wrapWidth=1.2)
265.4523 	EXP 	window1: mouseVisible = True
265.4888 	EXP 	Created None = Slider(__class__=<class 'psychopy.visual.slider.Slider'>, autoDraw=False, autoLog=True, borderColor=None, color=None, colorSpace='rgb', depth=0, fillColor=None, flip=False, font='Arial', granularity=1, labelColor=None, labelHeight=0.05, labelWrapWidth=None, labels=('Not at all', 'Very calm'), lineColor=None, markerColor=None, name=None, opacity=None, ori=0, pos=array([0., 0.]), readOnly=False, self=UNKNOWN, size=array([0.85, 0.1 ]), startValue=None, style='rating', styleTweaks=[], ticks=array([1, 9]), units='norm', win=Window(...))
265.5161 	EXP 	None: autoLog = True
265.5161 	EXP 	None: markerPos = None
265.5161 	EXP 	None: styleTweaks = []
265.5161 	EXP 	None: styleTweaks = []
265.5161 	EXP 	None: styleTweaks = []
265.5161 	EXP 	None: styleTweaks = []
265.5161 	EXP 	None: contrast = 1.0
265.5161 	EXP 	None: autoLog = True
265.5161 	EXP 	None: markerPos = 5
266.6050 	DATA 	Keypress: 1
266.6496 	EXP 	None: markerPos = 6
267.9984 	DATA 	Keypress: 4
268.0336 	EXP 	None: markerPos = 6
271.1033 	EXP 	window1: mouseVisible = True
2.7861 	WARNING 	Speech-to-text recognition module for PocketSphinx is not available (use command `pip install SpeechRecognition` to get it). Transcription will be unavailable using that service this session.
2.7867 	WARNING 	Speech-to-text recognition using Google online services is not available (use command `pip install google-api-core google-auth google-cloud google-cloud-speech googleapis-common-protos` to get it). Transcription will be unavailable using that service this session.
3.0410 	WARNING 	We strongly recommend you activate the PTB sound engine in PsychoPy prefs as the preferred audio engine. Its timing is vastly superior. Your prefs are currently set to use ['sounddevice', 'PTB', 'pyo', 'pygame'] (in that order).
9.0816 	WARNING 	User requested fullscreen with size [1080 1080], but screen is actually [1920, 1080]. Using actual size
9.7522 	EXP 	Created window1 = Window(allowGUI=False, allowStencil=False, autoLog=True, backendConf=UNKNOWN, bitsMode=UNKNOWN, blendMode='avg', bpc=(8, 8, 8), color=array([-1, -1, -1]), colorSpace='rgb', depthBits=8, fullscr=<method-wrapper '__getattribute__' of attributeSetter object at 0x0000016C021F9790>, gamma=None, gammaErrorPolicy='raise', lms=UNKNOWN, monitor=<psychopy.monitors.calibTools.Monitor object at 0x0000016C07BCD580>, multiSample=False, name='window1', numSamples=2, pos=(2560, 0), screen=1, size=array([1920, 1080]), stencilBits=0, stereo=False, units='norm', useFBO=True, useRetina=False, viewOri=0.0, viewPos=None, viewScale=None, waitBlanking=True, winType='pyglet')
9.7523 	EXP 	window1: mouseVisible = True
9.7524 	EXP 	window1: Attempting to measure frame rate of screen (1) ...
9.7524 	EXP 	window1: recordFrameIntervals = False
9.9182 	EXP 	window1: recordFrameIntervals = True
10.1015 	EXP 	Screen (1) actual frame rate measured at 60.16Hz
10.1015 	EXP 	window1: recordFrameIntervals = False
10.1633 	EXP 	Created text = TextStim(__class__=<class 'psychopy.visual.text.TextStim'>, alignHoriz=method-wrapper(...), alignText='center', alignVert=method-wrapper(...), anchorHoriz='center', anchorVert='center', antialias=True, autoDraw=False, autoLog=True, bold=False, color=array([1., 1., 1.]), colorSpace='rgb', contrast=1.0, depth=0.0, flipHoriz=False, flipVert=False, font='Arial', fontFiles=[], height=0.06, italic=False, languageStyle='LTR', name='text', opacity=1.0, ori=0, pos=array([0. , 0.2]), rgb=UNKNOWN, text=str(...), units='norm', win=Window(...), wrapWidth=1.2)
10.1644 	EXP 	Created text = TextStim(__class__=<class 'psychopy.visual.text.TextStim'>, alignHoriz=method-wrapper(...), alignText='center', alignVert=method-wrapper(...), anchorHoriz='center', anchorVert='center', antialias=True, autoDraw=False, autoLog=True, bold=False, color=array([1., 1., 1.]), colorSpace='rgb', contrast=1.0, depth=0.0, flipHoriz=False, flipVert=False, font='Arial', fontFiles=[], height=0.06, italic=False, languageStyle='LTR', name='text', opacity=1.0, ori=0, pos=array([0., 0.]), rgb=UNKNOWN, text='', units='norm', win=Window(...), wrapWidth=1.2)
10.1711 	EXP 	Created waiting_for_trigger_text = TextStim(__class__=<class 'psychopy.visual.text.TextStim'>, alignHoriz=method-wrapper(...), alignText='center', alignVert=method-wrapper(...), anchorHoriz='center', anchorVert='center', antialias=True, autoDraw=False, autoLog=True, bold=False, color=array([1., 1., 1.]), colorSpace='rgb', contrast=1.0, depth=0.0, flipHoriz=False, flipVert=False, font='Arial', fontFiles=[], height=0.1, italic=False, languageStyle='LTR', name='waiting_for_trigger_text', opacity=1.0, ori=0, pos=array([0., 0.]), rgb=UNKNOWN, text='waiting for scanner', units='norm', win=Window(...), wrapWidth=2)
10.1771 	EXP 	Created text_2 = TextStim(__class__=<class 'psychopy.visual.text.TextStim'>, alignHoriz=method-wrapper(...), alignText='center', alignVert=method-wrapper(...), anchorHoriz='center', anchorVert='center', antialias=True, autoDraw=False, autoLog=True, bold=False, color=array([1., 1., 1.]), colorSpace='rgb', contrast=1.0, depth=0.0, flipHoriz=False, flipVert=False, font='Arial', fontFiles=[], height=0.3, italic=False, languageStyle='LTR', name='text_2', opacity=1.0, ori=0, pos=array([0., 0.]), rgb=UNKNOWN, text='+', units='norm', win=Window(...), wrapWidth=1)
10.1830 	EXP 	Created text_relax = TextStim(__class__=<class 'psychopy.visual.text.TextStim'>, alignHoriz=method-wrapper(...), alignText='center', alignVert=method-wrapper(...), anchorHoriz='center', anchorVert='center', antialias=True, autoDraw=False, autoLog=True, bold=False, color=array([1., 1., 1.]), colorSpace='rgb', contrast=1.0, depth=0.0, flipHoriz=False, flipVert=False, font='Arial', fontFiles=[], height=0.07, italic=False, languageStyle='LTR', name='text_relax', opacity=1.0, ori=0, pos=array([ 0. , -0.2]), rgb=UNKNOWN, text='Relax', units='norm', win=Window(...), wrapWidth=1)
10.1896 	EXP 	Created text_4 = TextStim(__class__=<class 'psychopy.visual.text.TextStim'>, alignHoriz=method-wrapper(...), alignText='center', alignVert=method-wrapper(...), anchorHoriz='center', anchorVert='center', antialias=True, autoDraw=False, autoLog=True, bold=False, color=array([1., 1., 1.]), colorSpace='rgb', contrast=1.0, depth=-3.0, flipHoriz=False, flipVert=False, font='Arial', fontFiles=[], height=0.1, italic=False, languageStyle='LTR', name='text_4', opacity=1.0, ori=0, pos=array([0., 0.]), rgb=UNKNOWN, text='default text', units='norm', win=Window(...), wrapWidth=1)
10.1963 	EXP 	Created unnamed Circle = Circle(__class__=<class 'psychopy.visual.circle.Circle'>, anchor=('center', 'center'), autoDraw=False, autoLog=True, closeShape=True, color=method-wrapper(...), colorSpace='rgb', contrast=None, depth=0, fillColor=array([0, 0, 0]), fillColorSpace='rgb', fillRGB=array([0, 0, 0]), interpolate=True, lineColor=array([ 1.,  1., -1.]), lineColorSpace='rgb', lineRGB=array([ 1,  1, -1]), lineWidth=2, name='unnamed Circle', opacity=0.5, ori=0.0, pos=array([0.        , 0.33333333]), size=array([1., 1.]), units='norm', vertices=ndarray(...), win=Window(...))
10.1998 	EXP 	Created unnamed Circle = Circle(__class__=<class 'psychopy.visual.circle.Circle'>, anchor=('center', 'center'), autoDraw=False, autoLog=True, closeShape=True, color=method-wrapper(...), colorSpace='rgb', contrast=None, depth=0, fillColor=array([0, 0, 0]), fillColorSpace='rgb', fillRGB=array([0, 0, 0]), interpolate=True, lineColor=array([-1., -1.,  1.]), lineColorSpace='rgb', lineRGB=array([-1, -1,  1]), lineWidth=2, name='unnamed Circle', opacity=0.5, ori=0.0, pos=array([ 0.        , -0.33333333]), size=array([1., 1.]), units='norm', vertices=ndarray(...), win=Window(...))
10.2031 	EXP 	Created unnamed Circle = Circle(__class__=<class 'psychopy.visual.circle.Circle'>, anchor=('center', 'center'), autoDraw=False, autoLog=True, closeShape=True, color=method-wrapper(...), colorSpace='rgb', contrast=None, depth=0, fillColor=array([1, 1, 1]), fillColorSpace='rgb', fillRGB=array([1, 1, 1]), interpolate=True, lineColor=array([1., 1., 1.]), lineColorSpace='rgb', lineRGB=array([1, 1, 1]), lineWidth=1.5, name='unnamed Circle', opacity=1.0, ori=0.0, pos=array([0., 0.]), size=array([1., 1.]), units='norm', vertices=ndarray(...), win=Window(...))
10.2056 	EXP 	Created unnamed Circle = Circle(__class__=<class 'psychopy.visual.circle.Circle'>, anchor=('center', 'center'), autoDraw=False, autoLog=True, closeShape=True, color=method-wrapper(...), colorSpace='rgb', contrast=None, depth=0, fillColor=array([1, 1, 1]), fillColorSpace='rgb', fillRGB=array([1, 1, 1]), interpolate=True, lineColor=array([1., 1., 1.]), lineColorSpace='rgb', lineRGB=array([1, 1, 1]), lineWidth=3, name='unnamed Circle', opacity=1.0, ori=0.0, pos=array([0., 0.]), size=array([1., 1.]), units='norm', vertices=ndarray(...), win=Window(...))
10.2125 	EXP 	Created instruct_text = TextStim(__class__=<class 'psychopy.visual.text.TextStim'>, alignHoriz=method-wrapper(...), alignText='center', alignVert=method-wrapper(...), anchorHoriz='center', anchorVert='center', antialias=True, autoDraw=False, autoLog=True, bold=False, color=array([1., 1., 1.]), colorSpace='rgb', contrast=1.0, depth=0.0, flipHoriz=False, flipVert=False, font='Arial', fontFiles=[], height=0.06, italic=False, languageStyle='LTR', name='instruct_text', opacity=1.0, ori=0, pos=array([0., 0.]), rgb=UNKNOWN, text='replace me', units='norm', win=Window(...), wrapWidth=1.2)
10.2195 	EXP 	Created thank_you_end_run_text = TextStim(__class__=<class 'psychopy.visual.text.TextStim'>, alignHoriz=method-wrapper(...), alignText='center', alignVert=method-wrapper(...), anchorHoriz='center', anchorVert='center', antialias=True, autoDraw=False, autoLog=True, bold=False, color=array([1., 1., 1.]), colorSpace='rgb', contrast=1.0, depth=0.0, flipHoriz=False, flipVert=False, font='Arial', fontFiles=[], height=0.1, italic=False, languageStyle='LTR', name='thank_you_end_run_text', opacity=1.0, ori=0, pos=array([0., 0.]), rgb=UNKNOWN, text='thank you!', units='norm', win=Window(...), wrapWidth=1)
10.2501 	EXP 	instruct_text: height = 0.06
10.2501 	EXP 	instruct_text: height = 0.06
10.2501 	EXP 	instruct_text: height = 0.06
10.2501 	EXP 	instruct_text: text = 'Great job! Next, you’ll get to practice Noting for another 2.5min with more brain feedback from the ball. \n\nWhen the ball moves upwards, that corresponds to the Noting Practice.'
26.3793 	DATA 	Keypress: space
26.3996 	EXP 	instruct_text: height = 0.06
26.3996 	EXP 	instruct_text: height = 0.06
26.3996 	EXP 	instruct_text: height = 0.06
26.3996 	EXP 	instruct_text: text = 'You will see the plus sign (+) for 30 seconds at the start. Whenever you see the plus +,  please don’t practice Noting – just relax.\n\nOnce the circles appear, please start the Noting practice. This practice will last 2.5 min.'
41.7313 	DATA 	Keypress: space
41.7842 	EXP 	waiting_for_trigger_text: autoDraw = True
57.9356 	DATA 	Keypress: 5
57.9830 	EXP 	waiting_for_trigger_text: autoDraw = False
57.9830 	EXP 	text_2: autoDraw = True
57.9830 	EXP 	text_relax: autoDraw = True
59.1420 	DATA 	Keypress: 5
60.3774 	DATA 	Keypress: 5
61.5607 	DATA 	Keypress: 5
62.7609 	DATA 	Keypress: 5
63.9789 	DATA 	Keypress: 5
65.1776 	DATA 	Keypress: 5
66.3767 	DATA 	Keypress: 5
67.5353 	DATA 	Keypress: 5
68.7575 	DATA 	Keypress: 5
69.9434 	DATA 	Keypress: 5
71.1566 	DATA 	Keypress: 5
72.3420 	DATA 	Keypress: 5
73.5359 	DATA 	Keypress: 5
74.7758 	DATA 	Keypress: 5
75.9521 	DATA 	Keypress: 5
77.1419 	DATA 	Keypress: 5
78.3365 	DATA 	Keypress: 5
79.5577 	DATA 	Keypress: 5
80.7581 	DATA 	Keypress: 5
81.9483 	DATA 	Keypress: 5
83.1609 	DATA 	Keypress: 5
84.3584 	DATA 	Keypress: 5
85.5444 	DATA 	Keypress: 5
86.7606 	DATA 	Keypress: 5
87.9622 	DATA 	Keypress: 5
88.0175 	EXP 	text_2: autoDraw = False
88.0175 	EXP 	text_relax: autoDraw = False
88.0175 	EXP 	text_2: autoDraw = False
89.1520 	DATA 	Keypress: 5
90.3359 	DATA 	Keypress: 5
91.5514 	DATA 	Keypress: 5
92.7357 	DATA 	Keypress: 5
93.9518 	DATA 	Keypress: 5
95.1466 	DATA 	Keypress: 5
96.3358 	DATA 	Keypress: 5
97.5463 	DATA 	Keypress: 5
98.7361 	DATA 	Keypress: 5
99.9522 	DATA 	Keypress: 5
101.1435 	DATA 	Keypress: 5
102.3515 	DATA 	Keypress: 5
103.5446 	DATA 	Keypress: 5
104.7356 	DATA 	Keypress: 5
105.9501 	DATA 	Keypress: 5
107.1518 	DATA 	Keypress: 5
108.3454 	DATA 	Keypress: 5
109.0832 	EXP 	unnamed Circle: radius = 0.135
109.5466 	DATA 	Keypress: 5
110.7512 	DATA 	Keypress: 5
111.9615 	DATA 	Keypress: 5
113.1622 	DATA 	Keypress: 5
114.3464 	DATA 	Keypress: 5
115.5621 	DATA 	Keypress: 5
116.7517 	DATA 	Keypress: 5
117.9515 	DATA 	Keypress: 5
119.1510 	DATA 	Keypress: 5
120.3466 	DATA 	Keypress: 5
121.5511 	DATA 	Keypress: 5
122.2503 	EXP 	unnamed Circle: radius = 0.12150000000000001
122.7585 	DATA 	Keypress: 5
123.9479 	DATA 	Keypress: 5
125.1521 	DATA 	Keypress: 5
126.3513 	DATA 	Keypress: 5
127.5591 	DATA 	Keypress: 5
128.7358 	DATA 	Keypress: 5
129.9616 	DATA 	Keypress: 5
131.1520 	DATA 	Keypress: 5
132.3431 	DATA 	Keypress: 5
133.0171 	EXP 	unnamed Circle: radius = 0.10935000000000002
133.5503 	DATA 	Keypress: 5
134.7456 	DATA 	Keypress: 5
135.9455 	DATA 	Keypress: 5
137.1359 	DATA 	Keypress: 5
138.3357 	DATA 	Keypress: 5
139.5589 	DATA 	Keypress: 5
140.7604 	DATA 	Keypress: 5
141.9488 	DATA 	Keypress: 5
143.1512 	DATA 	Keypress: 5
144.3506 	DATA 	Keypress: 5
145.5432 	DATA 	Keypress: 5
146.7491 	DATA 	Keypress: 5
147.4665 	EXP 	unnamed Circle: radius = 0.09841500000000002
147.9479 	DATA 	Keypress: 5
149.1514 	DATA 	Keypress: 5
150.3515 	DATA 	Keypress: 5
151.5438 	DATA 	Keypress: 5
152.7512 	DATA 	Keypress: 5
153.9470 	DATA 	Keypress: 5
155.1467 	DATA 	Keypress: 5
156.3513 	DATA 	Keypress: 5
157.5357 	DATA 	Keypress: 5
158.7518 	DATA 	Keypress: 5
159.9466 	DATA 	Keypress: 5
161.1480 	DATA 	Keypress: 5
162.3443 	DATA 	Keypress: 5
163.0320 	EXP 	unnamed Circle: radius = 0.08857350000000001
163.5512 	DATA 	Keypress: 5
164.7452 	DATA 	Keypress: 5
165.9353 	DATA 	Keypress: 5
167.1359 	DATA 	Keypress: 5
168.3449 	DATA 	Keypress: 5
169.5352 	DATA 	Keypress: 5
170.7444 	DATA 	Keypress: 5
171.9435 	DATA 	Keypress: 5
173.1517 	DATA 	Keypress: 5
173.8153 	EXP 	unnamed Circle: radius = 0.07971615000000001
174.3508 	DATA 	Keypress: 5
175.5444 	DATA 	Keypress: 5
176.7431 	DATA 	Keypress: 5
177.9445 	DATA 	Keypress: 5
179.1354 	DATA 	Keypress: 5
180.3375 	DATA 	Keypress: 5
181.5506 	DATA 	Keypress: 5
182.7352 	DATA 	Keypress: 5
183.9623 	DATA 	Keypress: 5
185.1508 	DATA 	Keypress: 5
186.3463 	DATA 	Keypress: 5
187.5509 	DATA 	Keypress: 5
188.2653 	EXP 	unnamed Circle: radius = 0.07174453500000001
188.7508 	DATA 	Keypress: 5
189.9478 	DATA 	Keypress: 5
191.1452 	DATA 	Keypress: 5
192.3462 	DATA 	Keypress: 5
193.5518 	DATA 	Keypress: 5
194.7595 	DATA 	Keypress: 5
195.9511 	DATA 	Keypress: 5
197.1451 	DATA 	Keypress: 5
198.3477 	DATA 	Keypress: 5
199.5510 	DATA 	Keypress: 5
200.7606 	DATA 	Keypress: 5
201.9460 	DATA 	Keypress: 5
203.1517 	DATA 	Keypress: 5
204.3356 	DATA 	Keypress: 5
205.5357 	DATA 	Keypress: 5
206.7507 	DATA 	Keypress: 5
207.9357 	DATA 	Keypress: 5
209.1466 	DATA 	Keypress: 5
210.3359 	DATA 	Keypress: 5
211.5357 	DATA 	Keypress: 5
212.2487 	EXP 	unnamed Circle: radius = 0.06457008150000002
212.7471 	DATA 	Keypress: 5
213.9359 	DATA 	Keypress: 5
215.1600 	DATA 	Keypress: 5
216.3512 	DATA 	Keypress: 5
217.5619 	DATA 	Keypress: 5
218.7507 	DATA 	Keypress: 5
219.9602 	DATA 	Keypress: 5
221.1592 	DATA 	Keypress: 5
222.3510 	DATA 	Keypress: 5
223.5496 	DATA 	Keypress: 5
224.7357 	DATA 	Keypress: 5
225.9450 	DATA 	Keypress: 5
226.6652 	EXP 	unnamed Circle: radius = 0.058113073350000016
227.1464 	DATA 	Keypress: 5
228.3513 	DATA 	Keypress: 5
229.5593 	DATA 	Keypress: 5
230.7508 	DATA 	Keypress: 5
231.9517 	DATA 	Keypress: 5
233.1357 	DATA 	Keypress: 5
234.3350 	DATA 	Keypress: 5
235.5347 	DATA 	Keypress: 5
236.7468 	DATA 	Keypress: 5
238.0012 	EXP 	text_2: autoDraw = True
238.9680 	EXP 	text_2: autoDraw = False
254.7658 	DATA 	Keypress: 4
254.7713 	EXP 	Created text = TextStim(__class__=<class 'psychopy.visual.text.TextStim'>, alignHoriz=method-wrapper(...), alignText='center', alignVert=method-wrapper(...), anchorHoriz='center', anchorVert='center', antialias=True, autoDraw=False, autoLog=True, bold=False, color=array([1., 1., 1.]), colorSpace='rgb', contrast=1.0, depth=0.0, flipHoriz=False, flipVert=False, font='Arial', fontFiles=[], height=0.06, italic=False, languageStyle='LTR', name='text', opacity=1.0, ori=0, pos=array([0. , 0.2]), rgb=UNKNOWN, text=str(...), units='norm', win=Window(...), wrapWidth=1.2)
254.7825 	EXP 	window1: mouseVisible = True
254.8406 	EXP 	Created None = Slider(__class__=<class 'psychopy.visual.slider.Slider'>, autoDraw=False, autoLog=True, borderColor=None, color=None, colorSpace='rgb', depth=0, fillColor=None, flip=False, font='Arial', granularity=1, labelColor=None, labelHeight=0.05, labelWrapWidth=None, labels=('Never', 'Always'), lineColor=None, markerColor=None, name=None, opacity=None, ori=0, pos=array([0., 0.]), readOnly=False, self=UNKNOWN, size=array([0.85, 0.1 ]), startValue=None, style='rating', styleTweaks=[], ticks=array([1, 9]), units='norm', win=Window(...))
254.9001 	EXP 	None: autoLog = True
254.9001 	EXP 	None: markerPos = None
254.9001 	EXP 	None: styleTweaks = []
254.9001 	EXP 	None: styleTweaks = []
254.9001 	EXP 	None: styleTweaks = []
254.9001 	EXP 	None: styleTweaks = []
254.9001 	EXP 	None: contrast = 1.0
254.9001 	EXP 	None: autoLog = True
254.9001 	EXP 	None: markerPos = 5
257.1240 	DATA 	Keypress: 1
257.1495 	EXP 	None: markerPos = 6
259.3911 	DATA 	Keypress: 4
259.4331 	EXP 	None: markerPos = 6
259.4476 	EXP 	Created text = TextStim(__class__=<class 'psychopy.visual.text.TextStim'>, alignHoriz=method-wrapper(...), alignText='center', alignVert=method-wrapper(...), anchorHoriz='center', anchorVert='center', antialias=True, autoDraw=False, autoLog=True, bold=False, color=array([1., 1., 1.]), colorSpace='rgb', contrast=1.0, depth=0.0, flipHoriz=False, flipVert=False, font='Arial', fontFiles=[], height=0.06, italic=False, languageStyle='LTR', name='text', opacity=1.0, ori=0, pos=array([0. , 0.2]), rgb=UNKNOWN, text=str(...), units='norm', win=Window(...), wrapWidth=1.2)
259.4531 	EXP 	window1: mouseVisible = True
259.4970 	EXP 	Created None = Slider(__class__=<class 'psychopy.visual.slider.Slider'>, autoDraw=False, autoLog=True, borderColor=None, color=None, colorSpace='rgb', depth=0, fillColor=None, flip=False, font='Arial', granularity=1, labelColor=None, labelHeight=0.05, labelWrapWidth=None, labels=('Never', 'All the time'), lineColor=None, markerColor=None, name=None, opacity=None, ori=0, pos=array([0., 0.]), readOnly=False, self=UNKNOWN, size=array([0.85, 0.1 ]), startValue=None, style='rating', styleTweaks=[], ticks=array([1, 9]), units='norm', win=Window(...))
259.5152 	EXP 	None: autoLog = True
259.5152 	EXP 	None: markerPos = None
259.5152 	EXP 	None: styleTweaks = []
259.5152 	EXP 	None: styleTweaks = []
259.5152 	EXP 	None: styleTweaks = []
259.5152 	EXP 	None: styleTweaks = []
259.5152 	EXP 	None: contrast = 1.0
259.5152 	EXP 	None: autoLog = True
259.5152 	EXP 	None: markerPos = 5
260.7809 	DATA 	Keypress: 1
260.8335 	EXP 	None: markerPos = 6
261.4610 	DATA 	Keypress: 4
261.4998 	EXP 	None: markerPos = 6
261.5077 	EXP 	Created text = TextStim(__class__=<class 'psychopy.visual.text.TextStim'>, alignHoriz=method-wrapper(...), alignText='center', alignVert=method-wrapper(...), anchorHoriz='center', anchorVert='center', antialias=True, autoDraw=False, autoLog=True, bold=False, color=array([1., 1., 1.]), colorSpace='rgb', contrast=1.0, depth=0.0, flipHoriz=False, flipVert=False, font='Arial', fontFiles=[], height=0.06, italic=False, languageStyle='LTR', name='text', opacity=1.0, ori=0, pos=array([0. , 0.2]), rgb=UNKNOWN, text='How difficult was it to apply mental noting?', units='norm', win=Window(...), wrapWidth=1.2)
261.5134 	EXP 	window1: mouseVisible = True
261.5598 	EXP 	Created None = Slider(__class__=<class 'psychopy.visual.slider.Slider'>, autoDraw=False, autoLog=True, borderColor=None, color=None, colorSpace='rgb', depth=0, fillColor=None, flip=False, font='Arial', granularity=1, labelColor=None, labelHeight=0.05, labelWrapWidth=None, labels=('Not at all', 'Very Difficult'), lineColor=None, markerColor=None, name=None, opacity=None, ori=0, pos=array([0., 0.]), readOnly=False, self=UNKNOWN, size=array([0.85, 0.1 ]), startValue=None, style='rating', styleTweaks=[], ticks=array([1, 9]), units='norm', win=Window(...))
261.5823 	EXP 	None: autoLog = True
261.5823 	EXP 	None: markerPos = None
261.5823 	EXP 	None: styleTweaks = []
261.5823 	EXP 	None: styleTweaks = []
261.5823 	EXP 	None: styleTweaks = []
261.5823 	EXP 	None: styleTweaks = []
261.5823 	EXP 	None: contrast = 1.0
261.5823 	EXP 	None: autoLog = True
261.5823 	EXP 	None: markerPos = 5
264.0579 	DATA 	Keypress: 1
264.0995 	EXP 	None: markerPos = 6
264.4332 	DATA 	Keypress: 1
264.4834 	EXP 	None: markerPos = 7
265.3933 	DATA 	Keypress: 4
265.4335 	EXP 	None: markerPos = 7
265.4459 	EXP 	Created text = TextStim(__class__=<class 'psychopy.visual.text.TextStim'>, alignHoriz=method-wrapper(...), alignText='center', alignVert=method-wrapper(...), anchorHoriz='center', anchorVert='center', antialias=True, autoDraw=False, autoLog=True, bold=False, color=array([1., 1., 1.]), colorSpace='rgb', contrast=1.0, depth=0.0, flipHoriz=False, flipVert=False, font='Arial', fontFiles=[], height=0.06, italic=False, languageStyle='LTR', name='text', opacity=1.0, ori=0, pos=array([0. , 0.2]), rgb=UNKNOWN, text='How calm do you feel right now?', units='norm', win=Window(...), wrapWidth=1.2)
265.4523 	EXP 	window1: mouseVisible = True
265.4888 	EXP 	Created None = Slider(__class__=<class 'psychopy.visual.slider.Slider'>, autoDraw=False, autoLog=True, borderColor=None, color=None, colorSpace='rgb', depth=0, fillColor=None, flip=False, font='Arial', granularity=1, labelColor=None, labelHeight=0.05, labelWrapWidth=None, labels=('Not at all', 'Very calm'), lineColor=None, markerColor=None, name=None, opacity=None, ori=0, pos=array([0., 0.]), readOnly=False, self=UNKNOWN, size=array([0.85, 0.1 ]), startValue=None, style='rating', styleTweaks=[], ticks=array([1, 9]), units='norm', win=Window(...))
265.5161 	EXP 	None: autoLog = True
265.5161 	EXP 	None: markerPos = None
265.5161 	EXP 	None: styleTweaks = []
265.5161 	EXP 	None: styleTweaks = []
265.5161 	EXP 	None: styleTweaks = []
265.5161 	EXP 	None: styleTweaks = []
265.5161 	EXP 	None: contrast = 1.0
265.5161 	EXP 	None: autoLog = True
265.5161 	EXP 	None: markerPos = 5
266.6050 	DATA 	Keypress: 1
266.6496 	EXP 	None: markerPos = 6
267.9984 	DATA 	Keypress: 4
268.0336 	EXP 	None: markerPos = 6
271.1033 	EXP 	window1: mouseVisible = True
