12.6466 	WARNING 	Speech-to-text recognition module for PocketSphinx is not available (use command `pip install SpeechRecognition` to get it). Transcription will be unavailable using that service this session.
12.6471 	WARNING 	Speech-to-text recognition using Google online services is not available (use command `pip install google-api-core google-auth google-cloud google-cloud-speech googleapis-common-protos` to get it). Transcription will be unavailable using that service this session.
13.0166 	WARNING 	We strongly recommend you activate the PTB sound engine in PsychoPy prefs as the preferred audio engine. Its timing is vastly superior. Your prefs are currently set to use ['sounddevice', 'PTB', 'pyo', 'pygame'] (in that order).
176.6052 	WARNING 	Requested an unavailable screen number - using first available.
177.2089 	EXP 	Created window1 = Window(allowGUI=False, allowStencil=False, autoLog=True, backendConf=UNKNOWN, bitsMode=UNKNOWN, blendMode='avg', bpc=(8, 8, 8), color=array([-1, -1, -1]), colorSpace='rgb', depthBits=8, fullscr=<method-wrapper '__getattribute__' of attributeSetter object at 0x0000021690CBF670>, gamma=None, gammaErrorPolicy='raise', lms=UNKNOWN, monitor=<psychopy.monitors.calibTools.Monitor object at 0x00000216968311F0>, multiSample=False, name='window1', numSamples=2, pos=(420, 0), screen=1, size=array([1080, 1080]), stencilBits=0, stereo=False, units='norm', useFBO=True, useRetina=False, viewOri=0.0, viewPos=None, viewScale=None, waitBlanking=True, winType='pyglet')
177.2094 	EXP 	window1: mouseVisible = True
177.2094 	EXP 	window1: Attempting to measure frame rate of screen (1) ...
177.2094 	EXP 	window1: recordFrameIntervals = False
177.3753 	EXP 	window1: recordFrameIntervals = True
177.5574 	EXP 	Screen (1) actual frame rate measured at 60.65Hz
177.5575 	EXP 	window1: recordFrameIntervals = False
177.6560 	EXP 	Created text = TextStim(__class__=<class 'psychopy.visual.text.TextStim'>, alignHoriz=method-wrapper(...), alignText='center', alignVert=method-wrapper(...), anchorHoriz='center', anchorVert='center', antialias=True, autoDraw=False, autoLog=True, bold=False, color=array([1, 1, 1]), colorSpace='rgb', contrast=1.0, depth=0.0, flipHoriz=False, flipVert=False, font='Arial', fontFiles=[], height=0.06, italic=False, languageStyle='LTR', name='text', opacity=1.0, ori=0, pos=array([0. , 0.2]), rgb=UNKNOWN, text=str(...), units='norm', win=Window(...), wrapWidth=1.2)
177.6567 	EXP 	Created text = TextStim(__class__=<class 'psychopy.visual.text.TextStim'>, alignHoriz=method-wrapper(...), alignText='center', alignVert=method-wrapper(...), anchorHoriz='center', anchorVert='center', antialias=True, autoDraw=False, autoLog=True, bold=False, color=array([1, 1, 1]), colorSpace='rgb', contrast=1.0, depth=0.0, flipHoriz=False, flipVert=False, font='Arial', fontFiles=[], height=0.06, italic=False, languageStyle='LTR', name='text', opacity=1.0, ori=0, pos=array([0., 0.]), rgb=UNKNOWN, text='', units='norm', win=Window(...), wrapWidth=1.2)
177.6641 	EXP 	Created waiting_for_trigger_text = TextStim(__class__=<class 'psychopy.visual.text.TextStim'>, alignHoriz=method-wrapper(...), alignText='center', alignVert=method-wrapper(...), anchorHoriz='center', anchorVert='center', antialias=True, autoDraw=False, autoLog=True, bold=False, color=array([1, 1, 1]), colorSpace='rgb', contrast=1.0, depth=0.0, flipHoriz=False, flipVert=False, font='Arial', fontFiles=[], height=0.1, italic=False, languageStyle='LTR', name='waiting_for_trigger_text', opacity=1.0, ori=0, pos=array([0., 0.]), rgb=UNKNOWN, text='waiting for scanner', units='norm', win=Window(...), wrapWidth=2)
177.6704 	EXP 	Created text_2 = TextStim(__class__=<class 'psychopy.visual.text.TextStim'>, alignHoriz=method-wrapper(...), alignText='center', alignVert=method-wrapper(...), anchorHoriz='center', anchorVert='center', antialias=True, autoDraw=False, autoLog=True, bold=False, color=array([1, 1, 1]), colorSpace='rgb', contrast=1.0, depth=0.0, flipHoriz=False, flipVert=False, font='Arial', fontFiles=[], height=0.3, italic=False, languageStyle='LTR', name='text_2', opacity=1.0, ori=0, pos=array([0., 0.]), rgb=UNKNOWN, text='+', units='norm', win=Window(...), wrapWidth=1)
177.6766 	EXP 	Created text_relax = TextStim(__class__=<class 'psychopy.visual.text.TextStim'>, alignHoriz=method-wrapper(...), alignText='center', alignVert=method-wrapper(...), anchorHoriz='center', anchorVert='center', antialias=True, autoDraw=False, autoLog=True, bold=False, color=array([1, 1, 1]), colorSpace='rgb', contrast=1.0, depth=0.0, flipHoriz=False, flipVert=False, font='Arial', fontFiles=[], height=0.07, italic=False, languageStyle='LTR', name='text_relax', opacity=1.0, ori=0, pos=array([ 0. , -0.2]), rgb=UNKNOWN, text='Relax', units='norm', win=Window(...), wrapWidth=1)
177.6829 	EXP 	Created text_4 = TextStim(__class__=<class 'psychopy.visual.text.TextStim'>, alignHoriz=method-wrapper(...), alignText='center', alignVert=method-wrapper(...), anchorHoriz='center', anchorVert='center', antialias=True, autoDraw=False, autoLog=True, bold=False, color=array([1, 1, 1]), colorSpace='rgb', contrast=1.0, depth=-3.0, flipHoriz=False, flipVert=False, font='Arial', fontFiles=[], height=0.1, italic=False, languageStyle='LTR', name='text_4', opacity=1.0, ori=0, pos=array([0., 0.]), rgb=UNKNOWN, text='default text', units='norm', win=Window(...), wrapWidth=1)
177.7042 	EXP 	Created unnamed Circle = Circle(__class__=<class 'psychopy.visual.circle.Circle'>, anchor=('center', 'center'), autoDraw=False, autoLog=True, closeShape=True, color=method-wrapper(...), colorSpace='rgb', contrast=None, depth=0, fillColor=array([0, 0, 0]), fillColorSpace='rgb', fillRGB=array([0, 0, 0]), interpolate=True, lineColor=array([ 1,  1, -1]), lineColorSpace='rgb', lineRGB=array([ 1,  1, -1]), lineWidth=2, name='unnamed Circle', opacity=0.5, ori=0.0, pos=array([0.        , 0.33333333]), size=array([1., 1.]), units='norm', vertices=ndarray(...), win=Window(...))
177.7066 	EXP 	Created unnamed Circle = Circle(__class__=<class 'psychopy.visual.circle.Circle'>, anchor=('center', 'center'), autoDraw=False, autoLog=True, closeShape=True, color=method-wrapper(...), colorSpace='rgb', contrast=None, depth=0, fillColor=array([0, 0, 0]), fillColorSpace='rgb', fillRGB=array([0, 0, 0]), interpolate=True, lineColor=array([-1, -1,  1]), lineColorSpace='rgb', lineRGB=array([-1, -1,  1]), lineWidth=2, name='unnamed Circle', opacity=0.5, ori=0.0, pos=array([ 0.        , -0.33333333]), size=array([1., 1.]), units='norm', vertices=ndarray(...), win=Window(...))
177.7086 	EXP 	Created unnamed Circle = Circle(__class__=<class 'psychopy.visual.circle.Circle'>, anchor=('center', 'center'), autoDraw=False, autoLog=True, closeShape=True, color=method-wrapper(...), colorSpace='rgb', contrast=None, depth=0, fillColor=array([1, 1, 1]), fillColorSpace='rgb', fillRGB=array([1, 1, 1]), interpolate=True, lineColor=array([1, 1, 1]), lineColorSpace='rgb', lineRGB=array([1, 1, 1]), lineWidth=1.5, name='unnamed Circle', opacity=1.0, ori=0.0, pos=array([0., 0.]), size=array([1., 1.]), units='norm', vertices=ndarray(...), win=Window(...))
177.7104 	EXP 	Created unnamed Circle = Circle(__class__=<class 'psychopy.visual.circle.Circle'>, anchor=('center', 'center'), autoDraw=False, autoLog=True, closeShape=True, color=method-wrapper(...), colorSpace='rgb', contrast=None, depth=0, fillColor=array([1, 1, 1]), fillColorSpace='rgb', fillRGB=array([1, 1, 1]), interpolate=True, lineColor=array([1, 1, 1]), lineColorSpace='rgb', lineRGB=array([1, 1, 1]), lineWidth=3, name='unnamed Circle', opacity=1.0, ori=0.0, pos=array([0., 0.]), size=array([1., 1.]), units='norm', vertices=ndarray(...), win=Window(...))
177.7166 	EXP 	Created instruct_text = TextStim(__class__=<class 'psychopy.visual.text.TextStim'>, alignHoriz=method-wrapper(...), alignText='center', alignVert=method-wrapper(...), anchorHoriz='center', anchorVert='center', antialias=True, autoDraw=False, autoLog=True, bold=False, color=array([1, 1, 1]), colorSpace='rgb', contrast=1.0, depth=0.0, flipHoriz=False, flipVert=False, font='Arial', fontFiles=[], height=0.06, italic=False, languageStyle='LTR', name='instruct_text', opacity=1.0, ori=0, pos=array([0., 0.]), rgb=UNKNOWN, text='replace me', units='norm', win=Window(...), wrapWidth=1.2)
177.7220 	EXP 	Created thank_you_end_run_text = TextStim(__class__=<class 'psychopy.visual.text.TextStim'>, alignHoriz=method-wrapper(...), alignText='center', alignVert=method-wrapper(...), anchorHoriz='center', anchorVert='center', antialias=True, autoDraw=False, autoLog=True, bold=False, color=array([1, 1, 1]), colorSpace='rgb', contrast=1.0, depth=0.0, flipHoriz=False, flipVert=False, font='Arial', fontFiles=[], height=0.1, italic=False, languageStyle='LTR', name='thank_you_end_run_text', opacity=1.0, ori=0, pos=array([0., 0.]), rgb=UNKNOWN, text='thank you!', units='norm', win=Window(...), wrapWidth=1)
177.7572 	EXP 	instruct_text: height = 0.06
177.7572 	EXP 	instruct_text: height = 0.06
177.7572 	EXP 	instruct_text: height = 0.06
177.7572 	EXP 	instruct_text: text = 'Great job! Now, you’ll get to continue your Mental Noting with some feedback based on your actual brain activity to help your practice! \n\nYou will see the 2 circles and white ball again. When the white ball moves up towards the top yellow circle, this means you are in a mindful brain state with your Noting practice. \nIf the ball reaches either of the circles, it will move back to the center.'
187.8441 	DATA 	Keypress: escape
189.2257 	DATA 	Mouse: Left button down, pos=(778,557)
189.3566 	DATA 	Mouse:  Left button up, pos=(778,557)
189.6636 	DATA 	Keypress: space
189.6995 	EXP 	instruct_text: height = 0.06
189.6995 	EXP 	instruct_text: height = 0.06
189.6995 	EXP 	instruct_text: height = 0.06
189.6995 	EXP 	instruct_text: text = 'Try to focus mostly on the Noting Practice by being aware of your sensations from moment to moment and silently making a note in your mind. \n\nYou can check the screen every once in a while to see where the ball is going.'
190.0556 	DATA 	Keypress: space
190.0983 	EXP 	instruct_text: height = 0.06
190.0983 	EXP 	instruct_text: height = 0.06
190.0983 	EXP 	instruct_text: height = 0.06
190.0983 	EXP 	instruct_text: text = 'You will see the plus sign (+) for 30 seconds at the start. Whenever you see the plus +,  please don’t practice Noting – just relax.\n\nOnce the circles appear, please start the Noting practice. This practice will last 2.5 min.'
190.3990 	DATA 	Keypress: space
190.4321 	EXP 	waiting_for_trigger_text: autoDraw = True
191.5176 	DATA 	Keypress: space
192.5353 	DATA 	Keypress: 5
192.5990 	EXP 	waiting_for_trigger_text: autoDraw = False
192.5990 	EXP 	text_2: autoDraw = True
192.5990 	EXP 	text_relax: autoDraw = True
195.3736 	DATA 	Keypress: escape
12.6466 	WARNING 	Speech-to-text recognition module for PocketSphinx is not available (use command `pip install SpeechRecognition` to get it). Transcription will be unavailable using that service this session.
12.6471 	WARNING 	Speech-to-text recognition using Google online services is not available (use command `pip install google-api-core google-auth google-cloud google-cloud-speech googleapis-common-protos` to get it). Transcription will be unavailable using that service this session.
13.0166 	WARNING 	We strongly recommend you activate the PTB sound engine in PsychoPy prefs as the preferred audio engine. Its timing is vastly superior. Your prefs are currently set to use ['sounddevice', 'PTB', 'pyo', 'pygame'] (in that order).
176.6052 	WARNING 	Requested an unavailable screen number - using first available.
177.2089 	EXP 	Created window1 = Window(allowGUI=False, allowStencil=False, autoLog=True, backendConf=UNKNOWN, bitsMode=UNKNOWN, blendMode='avg', bpc=(8, 8, 8), color=array([-1, -1, -1]), colorSpace='rgb', depthBits=8, fullscr=<method-wrapper '__getattribute__' of attributeSetter object at 0x0000021690CBF670>, gamma=None, gammaErrorPolicy='raise', lms=UNKNOWN, monitor=<psychopy.monitors.calibTools.Monitor object at 0x00000216968311F0>, multiSample=False, name='window1', numSamples=2, pos=(420, 0), screen=1, size=array([1080, 1080]), stencilBits=0, stereo=False, units='norm', useFBO=True, useRetina=False, viewOri=0.0, viewPos=None, viewScale=None, waitBlanking=True, winType='pyglet')
177.2094 	EXP 	window1: mouseVisible = True
177.2094 	EXP 	window1: Attempting to measure frame rate of screen (1) ...
177.2094 	EXP 	window1: recordFrameIntervals = False
177.3753 	EXP 	window1: recordFrameIntervals = True
177.5574 	EXP 	Screen (1) actual frame rate measured at 60.65Hz
177.5575 	EXP 	window1: recordFrameIntervals = False
177.6560 	EXP 	Created text = TextStim(__class__=<class 'psychopy.visual.text.TextStim'>, alignHoriz=method-wrapper(...), alignText='center', alignVert=method-wrapper(...), anchorHoriz='center', anchorVert='center', antialias=True, autoDraw=False, autoLog=True, bold=False, color=array([1, 1, 1]), colorSpace='rgb', contrast=1.0, depth=0.0, flipHoriz=False, flipVert=False, font='Arial', fontFiles=[], height=0.06, italic=False, languageStyle='LTR', name='text', opacity=1.0, ori=0, pos=array([0. , 0.2]), rgb=UNKNOWN, text=str(...), units='norm', win=Window(...), wrapWidth=1.2)
177.6567 	EXP 	Created text = TextStim(__class__=<class 'psychopy.visual.text.TextStim'>, alignHoriz=method-wrapper(...), alignText='center', alignVert=method-wrapper(...), anchorHoriz='center', anchorVert='center', antialias=True, autoDraw=False, autoLog=True, bold=False, color=array([1, 1, 1]), colorSpace='rgb', contrast=1.0, depth=0.0, flipHoriz=False, flipVert=False, font='Arial', fontFiles=[], height=0.06, italic=False, languageStyle='LTR', name='text', opacity=1.0, ori=0, pos=array([0., 0.]), rgb=UNKNOWN, text='', units='norm', win=Window(...), wrapWidth=1.2)
177.6641 	EXP 	Created waiting_for_trigger_text = TextStim(__class__=<class 'psychopy.visual.text.TextStim'>, alignHoriz=method-wrapper(...), alignText='center', alignVert=method-wrapper(...), anchorHoriz='center', anchorVert='center', antialias=True, autoDraw=False, autoLog=True, bold=False, color=array([1, 1, 1]), colorSpace='rgb', contrast=1.0, depth=0.0, flipHoriz=False, flipVert=False, font='Arial', fontFiles=[], height=0.1, italic=False, languageStyle='LTR', name='waiting_for_trigger_text', opacity=1.0, ori=0, pos=array([0., 0.]), rgb=UNKNOWN, text='waiting for scanner', units='norm', win=Window(...), wrapWidth=2)
177.6704 	EXP 	Created text_2 = TextStim(__class__=<class 'psychopy.visual.text.TextStim'>, alignHoriz=method-wrapper(...), alignText='center', alignVert=method-wrapper(...), anchorHoriz='center', anchorVert='center', antialias=True, autoDraw=False, autoLog=True, bold=False, color=array([1, 1, 1]), colorSpace='rgb', contrast=1.0, depth=0.0, flipHoriz=False, flipVert=False, font='Arial', fontFiles=[], height=0.3, italic=False, languageStyle='LTR', name='text_2', opacity=1.0, ori=0, pos=array([0., 0.]), rgb=UNKNOWN, text='+', units='norm', win=Window(...), wrapWidth=1)
177.6766 	EXP 	Created text_relax = TextStim(__class__=<class 'psychopy.visual.text.TextStim'>, alignHoriz=method-wrapper(...), alignText='center', alignVert=method-wrapper(...), anchorHoriz='center', anchorVert='center', antialias=True, autoDraw=False, autoLog=True, bold=False, color=array([1, 1, 1]), colorSpace='rgb', contrast=1.0, depth=0.0, flipHoriz=False, flipVert=False, font='Arial', fontFiles=[], height=0.07, italic=False, languageStyle='LTR', name='text_relax', opacity=1.0, ori=0, pos=array([ 0. , -0.2]), rgb=UNKNOWN, text='Relax', units='norm', win=Window(...), wrapWidth=1)
177.6829 	EXP 	Created text_4 = TextStim(__class__=<class 'psychopy.visual.text.TextStim'>, alignHoriz=method-wrapper(...), alignText='center', alignVert=method-wrapper(...), anchorHoriz='center', anchorVert='center', antialias=True, autoDraw=False, autoLog=True, bold=False, color=array([1, 1, 1]), colorSpace='rgb', contrast=1.0, depth=-3.0, flipHoriz=False, flipVert=False, font='Arial', fontFiles=[], height=0.1, italic=False, languageStyle='LTR', name='text_4', opacity=1.0, ori=0, pos=array([0., 0.]), rgb=UNKNOWN, text='default text', units='norm', win=Window(...), wrapWidth=1)
177.7042 	EXP 	Created unnamed Circle = Circle(__class__=<class 'psychopy.visual.circle.Circle'>, anchor=('center', 'center'), autoDraw=False, autoLog=True, closeShape=True, color=method-wrapper(...), colorSpace='rgb', contrast=None, depth=0, fillColor=array([0, 0, 0]), fillColorSpace='rgb', fillRGB=array([0, 0, 0]), interpolate=True, lineColor=array([ 1,  1, -1]), lineColorSpace='rgb', lineRGB=array([ 1,  1, -1]), lineWidth=2, name='unnamed Circle', opacity=0.5, ori=0.0, pos=array([0.        , 0.33333333]), size=array([1., 1.]), units='norm', vertices=ndarray(...), win=Window(...))
177.7066 	EXP 	Created unnamed Circle = Circle(__class__=<class 'psychopy.visual.circle.Circle'>, anchor=('center', 'center'), autoDraw=False, autoLog=True, closeShape=True, color=method-wrapper(...), colorSpace='rgb', contrast=None, depth=0, fillColor=array([0, 0, 0]), fillColorSpace='rgb', fillRGB=array([0, 0, 0]), interpolate=True, lineColor=array([-1, -1,  1]), lineColorSpace='rgb', lineRGB=array([-1, -1,  1]), lineWidth=2, name='unnamed Circle', opacity=0.5, ori=0.0, pos=array([ 0.        , -0.33333333]), size=array([1., 1.]), units='norm', vertices=ndarray(...), win=Window(...))
177.7086 	EXP 	Created unnamed Circle = Circle(__class__=<class 'psychopy.visual.circle.Circle'>, anchor=('center', 'center'), autoDraw=False, autoLog=True, closeShape=True, color=method-wrapper(...), colorSpace='rgb', contrast=None, depth=0, fillColor=array([1, 1, 1]), fillColorSpace='rgb', fillRGB=array([1, 1, 1]), interpolate=True, lineColor=array([1, 1, 1]), lineColorSpace='rgb', lineRGB=array([1, 1, 1]), lineWidth=1.5, name='unnamed Circle', opacity=1.0, ori=0.0, pos=array([0., 0.]), size=array([1., 1.]), units='norm', vertices=ndarray(...), win=Window(...))
177.7104 	EXP 	Created unnamed Circle = Circle(__class__=<class 'psychopy.visual.circle.Circle'>, anchor=('center', 'center'), autoDraw=False, autoLog=True, closeShape=True, color=method-wrapper(...), colorSpace='rgb', contrast=None, depth=0, fillColor=array([1, 1, 1]), fillColorSpace='rgb', fillRGB=array([1, 1, 1]), interpolate=True, lineColor=array([1, 1, 1]), lineColorSpace='rgb', lineRGB=array([1, 1, 1]), lineWidth=3, name='unnamed Circle', opacity=1.0, ori=0.0, pos=array([0., 0.]), size=array([1., 1.]), units='norm', vertices=ndarray(...), win=Window(...))
177.7166 	EXP 	Created instruct_text = TextStim(__class__=<class 'psychopy.visual.text.TextStim'>, alignHoriz=method-wrapper(...), alignText='center', alignVert=method-wrapper(...), anchorHoriz='center', anchorVert='center', antialias=True, autoDraw=False, autoLog=True, bold=False, color=array([1, 1, 1]), colorSpace='rgb', contrast=1.0, depth=0.0, flipHoriz=False, flipVert=False, font='Arial', fontFiles=[], height=0.06, italic=False, languageStyle='LTR', name='instruct_text', opacity=1.0, ori=0, pos=array([0., 0.]), rgb=UNKNOWN, text='replace me', units='norm', win=Window(...), wrapWidth=1.2)
177.7220 	EXP 	Created thank_you_end_run_text = TextStim(__class__=<class 'psychopy.visual.text.TextStim'>, alignHoriz=method-wrapper(...), alignText='center', alignVert=method-wrapper(...), anchorHoriz='center', anchorVert='center', antialias=True, autoDraw=False, autoLog=True, bold=False, color=array([1, 1, 1]), colorSpace='rgb', contrast=1.0, depth=0.0, flipHoriz=False, flipVert=False, font='Arial', fontFiles=[], height=0.1, italic=False, languageStyle='LTR', name='thank_you_end_run_text', opacity=1.0, ori=0, pos=array([0., 0.]), rgb=UNKNOWN, text='thank you!', units='norm', win=Window(...), wrapWidth=1)
177.7572 	EXP 	instruct_text: height = 0.06
177.7572 	EXP 	instruct_text: height = 0.06
177.7572 	EXP 	instruct_text: height = 0.06
177.7572 	EXP 	instruct_text: text = 'Great job! Now, you’ll get to continue your Mental Noting with some feedback based on your actual brain activity to help your practice! \n\nYou will see the 2 circles and white ball again. When the white ball moves up towards the top yellow circle, this means you are in a mindful brain state with your Noting practice. \nIf the ball reaches either of the circles, it will move back to the center.'
187.8441 	DATA 	Keypress: escape
189.2257 	DATA 	Mouse: Left button down, pos=(778,557)
189.3566 	DATA 	Mouse:  Left button up, pos=(778,557)
189.6636 	DATA 	Keypress: space
189.6995 	EXP 	instruct_text: height = 0.06
189.6995 	EXP 	instruct_text: height = 0.06
189.6995 	EXP 	instruct_text: height = 0.06
189.6995 	EXP 	instruct_text: text = 'Try to focus mostly on the Noting Practice by being aware of your sensations from moment to moment and silently making a note in your mind. \n\nYou can check the screen every once in a while to see where the ball is going.'
190.0556 	DATA 	Keypress: space
190.0983 	EXP 	instruct_text: height = 0.06
190.0983 	EXP 	instruct_text: height = 0.06
190.0983 	EXP 	instruct_text: height = 0.06
190.0983 	EXP 	instruct_text: text = 'You will see the plus sign (+) for 30 seconds at the start. Whenever you see the plus +,  please don’t practice Noting – just relax.\n\nOnce the circles appear, please start the Noting practice. This practice will last 2.5 min.'
190.3990 	DATA 	Keypress: space
190.4321 	EXP 	waiting_for_trigger_text: autoDraw = True
191.5176 	DATA 	Keypress: space
192.5353 	DATA 	Keypress: 5
192.5990 	EXP 	waiting_for_trigger_text: autoDraw = False
192.5990 	EXP 	text_2: autoDraw = True
192.5990 	EXP 	text_relax: autoDraw = True
195.3736 	DATA 	Keypress: escape
196.0444 	EXP 	window1: mouseVisible = True
196.0444 	EXP 	window1: mouseVisible = True
2.7062 	WARNING 	Speech-to-text recognition module for PocketSphinx is not available (use command `pip install SpeechRecognition` to get it). Transcription will be unavailable using that service this session.
2.7067 	WARNING 	Speech-to-text recognition using Google online services is not available (use command `pip install google-api-core google-auth google-cloud google-cloud-speech googleapis-common-protos` to get it). Transcription will be unavailable using that service this session.
3.0325 	WARNING 	We strongly recommend you activate the PTB sound engine in PsychoPy prefs as the preferred audio engine. Its timing is vastly superior. Your prefs are currently set to use ['sounddevice', 'PTB', 'pyo', 'pygame'] (in that order).
34.0631 	WARNING 	Requested an unavailable screen number - using first available.
34.0661 	WARNING 	User requested fullscreen with size [1080 1080], but screen is actually [1920, 1080]. Using actual size
34.6349 	EXP 	Created window1 = Window(allowGUI=False, allowStencil=False, autoLog=True, backendConf=UNKNOWN, bitsMode=UNKNOWN, blendMode='avg', bpc=(8, 8, 8), color=array([-1, -1, -1]), colorSpace='rgb', depthBits=8, fullscr=<method-wrapper '__getattribute__' of attributeSetter object at 0x0000029EDC9EF670>, gamma=None, gammaErrorPolicy='raise', lms=UNKNOWN, monitor=<psychopy.monitors.calibTools.Monitor object at 0x0000029EE255F280>, multiSample=False, name='window1', numSamples=2, pos=(0, 0), screen=1, size=array([1920, 1080]), stencilBits=0, stereo=False, units='norm', useFBO=True, useRetina=False, viewOri=0.0, viewPos=None, viewScale=None, waitBlanking=True, winType='pyglet')
34.6353 	EXP 	window1: mouseVisible = True
34.6353 	EXP 	window1: Attempting to measure frame rate of screen (1) ...
34.6353 	EXP 	window1: recordFrameIntervals = False
34.8001 	EXP 	window1: recordFrameIntervals = True
34.9838 	EXP 	Screen (1) actual frame rate measured at 59.93Hz
34.9838 	EXP 	window1: recordFrameIntervals = False
35.0445 	EXP 	Created text = TextStim(__class__=<class 'psychopy.visual.text.TextStim'>, alignHoriz=method-wrapper(...), alignText='center', alignVert=method-wrapper(...), anchorHoriz='center', anchorVert='center', antialias=True, autoDraw=False, autoLog=True, bold=False, color=array([1, 1, 1]), colorSpace='rgb', contrast=1.0, depth=0.0, flipHoriz=False, flipVert=False, font='Arial', fontFiles=[], height=0.06, italic=False, languageStyle='LTR', name='text', opacity=1.0, ori=0, pos=array([0. , 0.2]), rgb=UNKNOWN, text=str(...), units='norm', win=Window(...), wrapWidth=1.2)
35.0452 	EXP 	Created text = TextStim(__class__=<class 'psychopy.visual.text.TextStim'>, alignHoriz=method-wrapper(...), alignText='center', alignVert=method-wrapper(...), anchorHoriz='center', anchorVert='center', antialias=True, autoDraw=False, autoLog=True, bold=False, color=array([1, 1, 1]), colorSpace='rgb', contrast=1.0, depth=0.0, flipHoriz=False, flipVert=False, font='Arial', fontFiles=[], height=0.06, italic=False, languageStyle='LTR', name='text', opacity=1.0, ori=0, pos=array([0., 0.]), rgb=UNKNOWN, text='', units='norm', win=Window(...), wrapWidth=1.2)
35.0528 	EXP 	Created waiting_for_trigger_text = TextStim(__class__=<class 'psychopy.visual.text.TextStim'>, alignHoriz=method-wrapper(...), alignText='center', alignVert=method-wrapper(...), anchorHoriz='center', anchorVert='center', antialias=True, autoDraw=False, autoLog=True, bold=False, color=array([1, 1, 1]), colorSpace='rgb', contrast=1.0, depth=0.0, flipHoriz=False, flipVert=False, font='Arial', fontFiles=[], height=0.1, italic=False, languageStyle='LTR', name='waiting_for_trigger_text', opacity=1.0, ori=0, pos=array([0., 0.]), rgb=UNKNOWN, text='waiting for scanner', units='norm', win=Window(...), wrapWidth=2)
35.0584 	EXP 	Created text_2 = TextStim(__class__=<class 'psychopy.visual.text.TextStim'>, alignHoriz=method-wrapper(...), alignText='center', alignVert=method-wrapper(...), anchorHoriz='center', anchorVert='center', antialias=True, autoDraw=False, autoLog=True, bold=False, color=array([1, 1, 1]), colorSpace='rgb', contrast=1.0, depth=0.0, flipHoriz=False, flipVert=False, font='Arial', fontFiles=[], height=0.3, italic=False, languageStyle='LTR', name='text_2', opacity=1.0, ori=0, pos=array([0., 0.]), rgb=UNKNOWN, text='+', units='norm', win=Window(...), wrapWidth=1)
35.0638 	EXP 	Created text_relax = TextStim(__class__=<class 'psychopy.visual.text.TextStim'>, alignHoriz=method-wrapper(...), alignText='center', alignVert=method-wrapper(...), anchorHoriz='center', anchorVert='center', antialias=True, autoDraw=False, autoLog=True, bold=False, color=array([1, 1, 1]), colorSpace='rgb', contrast=1.0, depth=0.0, flipHoriz=False, flipVert=False, font='Arial', fontFiles=[], height=0.07, italic=False, languageStyle='LTR', name='text_relax', opacity=1.0, ori=0, pos=array([ 0. , -0.2]), rgb=UNKNOWN, text='Relax', units='norm', win=Window(...), wrapWidth=1)
35.0699 	EXP 	Created text_4 = TextStim(__class__=<class 'psychopy.visual.text.TextStim'>, alignHoriz=method-wrapper(...), alignText='center', alignVert=method-wrapper(...), anchorHoriz='center', anchorVert='center', antialias=True, autoDraw=False, autoLog=True, bold=False, color=array([1, 1, 1]), colorSpace='rgb', contrast=1.0, depth=-3.0, flipHoriz=False, flipVert=False, font='Arial', fontFiles=[], height=0.1, italic=False, languageStyle='LTR', name='text_4', opacity=1.0, ori=0, pos=array([0., 0.]), rgb=UNKNOWN, text='default text', units='norm', win=Window(...), wrapWidth=1)
35.0772 	EXP 	Created unnamed Circle = Circle(__class__=<class 'psychopy.visual.circle.Circle'>, anchor=('center', 'center'), autoDraw=False, autoLog=True, closeShape=True, color=method-wrapper(...), colorSpace='rgb', contrast=None, depth=0, fillColor=array([0, 0, 0]), fillColorSpace='rgb', fillRGB=array([0, 0, 0]), interpolate=True, lineColor=array([ 1,  1, -1]), lineColorSpace='rgb', lineRGB=array([ 1,  1, -1]), lineWidth=2, name='unnamed Circle', opacity=0.5, ori=0.0, pos=array([0.        , 0.33333333]), size=array([1., 1.]), units='norm', vertices=ndarray(...), win=Window(...))
35.0799 	EXP 	Created unnamed Circle = Circle(__class__=<class 'psychopy.visual.circle.Circle'>, anchor=('center', 'center'), autoDraw=False, autoLog=True, closeShape=True, color=method-wrapper(...), colorSpace='rgb', contrast=None, depth=0, fillColor=array([0, 0, 0]), fillColorSpace='rgb', fillRGB=array([0, 0, 0]), interpolate=True, lineColor=array([-1, -1,  1]), lineColorSpace='rgb', lineRGB=array([-1, -1,  1]), lineWidth=2, name='unnamed Circle', opacity=0.5, ori=0.0, pos=array([ 0.        , -0.33333333]), size=array([1., 1.]), units='norm', vertices=ndarray(...), win=Window(...))
35.0834 	EXP 	Created unnamed Circle = Circle(__class__=<class 'psychopy.visual.circle.Circle'>, anchor=('center', 'center'), autoDraw=False, autoLog=True, closeShape=True, color=method-wrapper(...), colorSpace='rgb', contrast=None, depth=0, fillColor=array([1, 1, 1]), fillColorSpace='rgb', fillRGB=array([1, 1, 1]), interpolate=True, lineColor=array([1, 1, 1]), lineColorSpace='rgb', lineRGB=array([1, 1, 1]), lineWidth=1.5, name='unnamed Circle', opacity=1.0, ori=0.0, pos=array([0., 0.]), size=array([1., 1.]), units='norm', vertices=ndarray(...), win=Window(...))
35.0852 	EXP 	Created unnamed Circle = Circle(__class__=<class 'psychopy.visual.circle.Circle'>, anchor=('center', 'center'), autoDraw=False, autoLog=True, closeShape=True, color=method-wrapper(...), colorSpace='rgb', contrast=None, depth=0, fillColor=array([1, 1, 1]), fillColorSpace='rgb', fillRGB=array([1, 1, 1]), interpolate=True, lineColor=array([1, 1, 1]), lineColorSpace='rgb', lineRGB=array([1, 1, 1]), lineWidth=3, name='unnamed Circle', opacity=1.0, ori=0.0, pos=array([0., 0.]), size=array([1., 1.]), units='norm', vertices=ndarray(...), win=Window(...))
35.0913 	EXP 	Created instruct_text = TextStim(__class__=<class 'psychopy.visual.text.TextStim'>, alignHoriz=method-wrapper(...), alignText='center', alignVert=method-wrapper(...), anchorHoriz='center', anchorVert='center', antialias=True, autoDraw=False, autoLog=True, bold=False, color=array([1, 1, 1]), colorSpace='rgb', contrast=1.0, depth=0.0, flipHoriz=False, flipVert=False, font='Arial', fontFiles=[], height=0.06, italic=False, languageStyle='LTR', name='instruct_text', opacity=1.0, ori=0, pos=array([0., 0.]), rgb=UNKNOWN, text='replace me', units='norm', win=Window(...), wrapWidth=1.2)
35.0962 	EXP 	Created thank_you_end_run_text = TextStim(__class__=<class 'psychopy.visual.text.TextStim'>, alignHoriz=method-wrapper(...), alignText='center', alignVert=method-wrapper(...), anchorHoriz='center', anchorVert='center', antialias=True, autoDraw=False, autoLog=True, bold=False, color=array([1, 1, 1]), colorSpace='rgb', contrast=1.0, depth=0.0, flipHoriz=False, flipVert=False, font='Arial', fontFiles=[], height=0.1, italic=False, languageStyle='LTR', name='thank_you_end_run_text', opacity=1.0, ori=0, pos=array([0., 0.]), rgb=UNKNOWN, text='thank you!', units='norm', win=Window(...), wrapWidth=1)
35.1169 	EXP 	instruct_text: height = 0.06
35.1169 	EXP 	instruct_text: height = 0.06
35.1169 	EXP 	instruct_text: height = 0.06
35.1169 	EXP 	instruct_text: text = 'Great job! Now, you’ll get to continue your Mental Noting with some feedback based on your actual brain activity to help your practice! \n\nYou will see the 2 circles and white ball again. When the white ball moves up towards the top yellow circle, this means you are in a mindful brain state with your Noting practice. \nIf the ball reaches either of the circles, it will move back to the center.'
66.7579 	DATA 	Keypress: space
66.7689 	EXP 	instruct_text: height = 0.06
66.7689 	EXP 	instruct_text: height = 0.06
66.7689 	EXP 	instruct_text: height = 0.06
66.7689 	EXP 	instruct_text: text = 'Try to focus mostly on the Noting Practice by being aware of your sensations from moment to moment and silently making a note in your mind. \n\nYou can check the screen every once in a while to see where the ball is going.'
86.4506 	DATA 	Keypress: space
86.4653 	EXP 	instruct_text: height = 0.06
86.4653 	EXP 	instruct_text: height = 0.06
86.4653 	EXP 	instruct_text: height = 0.06
86.4653 	EXP 	instruct_text: text = 'You will see the plus sign (+) for 30 seconds at the start. Whenever you see the plus +,  please don’t practice Noting – just relax.\n\nOnce the circles appear, please start the Noting practice. This practice will last 2.5 min.'
90.0465 	DATA 	Keypress: space
90.0515 	EXP 	waiting_for_trigger_text: autoDraw = True
128.5314 	DATA 	Keypress: 5
128.5622 	EXP 	waiting_for_trigger_text: autoDraw = False
128.5622 	EXP 	text_2: autoDraw = True
128.5622 	EXP 	text_relax: autoDraw = True
158.5631 	EXP 	text_2: autoDraw = False
158.5631 	EXP 	text_relax: autoDraw = False
158.5631 	EXP 	text_2: autoDraw = False
158.8661 	EXP 	unnamed Circle: fillColor = <class 'numpy.ndarray'>
158.8661 	EXP 	unnamed Circle: fillColor = <class 'numpy.ndarray'>
160.1129 	EXP 	unnamed Circle: fillColor = <class 'numpy.ndarray'>
160.1129 	EXP 	unnamed Circle: fillColor = <class 'numpy.ndarray'>
161.3768 	EXP 	unnamed Circle: fillColor = <class 'numpy.ndarray'>
161.3768 	EXP 	unnamed Circle: fillColor = <class 'numpy.ndarray'>
162.6392 	EXP 	unnamed Circle: fillColor = <class 'numpy.ndarray'>
162.6392 	EXP 	unnamed Circle: fillColor = <class 'numpy.ndarray'>
163.8763 	EXP 	unnamed Circle: fillColor = <class 'numpy.ndarray'>
163.8763 	EXP 	unnamed Circle: fillColor = <class 'numpy.ndarray'>
165.1421 	EXP 	unnamed Circle: fillColor = <class 'numpy.ndarray'>
165.1421 	EXP 	unnamed Circle: fillColor = <class 'numpy.ndarray'>
166.3687 	EXP 	unnamed Circle: fillColor = <class 'numpy.ndarray'>
166.3687 	EXP 	unnamed Circle: fillColor = <class 'numpy.ndarray'>
167.6126 	EXP 	unnamed Circle: fillColor = <class 'numpy.ndarray'>
167.6126 	EXP 	unnamed Circle: fillColor = <class 'numpy.ndarray'>
168.8391 	EXP 	unnamed Circle: fillColor = <class 'numpy.ndarray'>
168.8391 	EXP 	unnamed Circle: fillColor = <class 'numpy.ndarray'>
170.0868 	EXP 	unnamed Circle: fillColor = <class 'numpy.ndarray'>
170.0868 	EXP 	unnamed Circle: fillColor = <class 'numpy.ndarray'>
171.3229 	EXP 	unnamed Circle: fillColor = <class 'numpy.ndarray'>
171.3229 	EXP 	unnamed Circle: fillColor = <class 'numpy.ndarray'>
172.5218 	EXP 	unnamed Circle: fillColor = <class 'numpy.ndarray'>
172.5218 	EXP 	unnamed Circle: fillColor = <class 'numpy.ndarray'>
173.7805 	EXP 	unnamed Circle: fillColor = <class 'numpy.ndarray'>
173.7805 	EXP 	unnamed Circle: fillColor = <class 'numpy.ndarray'>
174.9879 	EXP 	unnamed Circle: fillColor = <class 'numpy.ndarray'>
174.9879 	EXP 	unnamed Circle: fillColor = <class 'numpy.ndarray'>
176.2292 	EXP 	unnamed Circle: fillColor = <class 'numpy.ndarray'>
176.2292 	EXP 	unnamed Circle: fillColor = <class 'numpy.ndarray'>
177.4772 	EXP 	unnamed Circle: fillColor = <class 'numpy.ndarray'>
177.4772 	EXP 	unnamed Circle: fillColor = <class 'numpy.ndarray'>
178.7425 	EXP 	unnamed Circle: fillColor = <class 'numpy.ndarray'>
178.7425 	EXP 	unnamed Circle: radius = 0.135
178.7425 	EXP 	unnamed Circle: fillColor = 'white'
178.7425 	EXP 	unnamed Circle: fillColor = <class 'numpy.ndarray'>
179.9964 	EXP 	unnamed Circle: fillColor = <class 'numpy.ndarray'>
179.9964 	EXP 	unnamed Circle: fillColor = <class 'numpy.ndarray'>
181.2215 	EXP 	unnamed Circle: fillColor = <class 'numpy.ndarray'>
181.2215 	EXP 	unnamed Circle: fillColor = <class 'numpy.ndarray'>
182.4704 	EXP 	unnamed Circle: fillColor = <class 'numpy.ndarray'>
182.4704 	EXP 	unnamed Circle: fillColor = <class 'numpy.ndarray'>
183.7745 	EXP 	unnamed Circle: fillColor = <class 'numpy.ndarray'>
183.7745 	EXP 	unnamed Circle: fillColor = <class 'numpy.ndarray'>
184.9925 	EXP 	unnamed Circle: fillColor = <class 'numpy.ndarray'>
184.9925 	EXP 	unnamed Circle: fillColor = <class 'numpy.ndarray'>
186.2210 	EXP 	unnamed Circle: fillColor = <class 'numpy.ndarray'>
186.2210 	EXP 	unnamed Circle: fillColor = <class 'numpy.ndarray'>
187.4439 	EXP 	unnamed Circle: fillColor = <class 'numpy.ndarray'>
187.4439 	EXP 	unnamed Circle: fillColor = <class 'numpy.ndarray'>
188.6791 	EXP 	unnamed Circle: fillColor = <class 'numpy.ndarray'>
188.6791 	EXP 	unnamed Circle: fillColor = <class 'numpy.ndarray'>
189.9110 	EXP 	unnamed Circle: fillColor = <class 'numpy.ndarray'>
189.9110 	EXP 	unnamed Circle: fillColor = <class 'numpy.ndarray'>
191.1303 	EXP 	unnamed Circle: fillColor = <class 'numpy.ndarray'>
191.1303 	EXP 	unnamed Circle: fillColor = <class 'numpy.ndarray'>
192.3803 	EXP 	unnamed Circle: fillColor = <class 'numpy.ndarray'>
192.3803 	EXP 	unnamed Circle: fillColor = <class 'numpy.ndarray'>
193.6094 	EXP 	unnamed Circle: fillColor = <class 'numpy.ndarray'>
193.6094 	EXP 	unnamed Circle: fillColor = <class 'numpy.ndarray'>
194.8506 	EXP 	unnamed Circle: fillColor = <class 'numpy.ndarray'>
194.8506 	EXP 	unnamed Circle: fillColor = <class 'numpy.ndarray'>
196.1229 	EXP 	unnamed Circle: fillColor = <class 'numpy.ndarray'>
196.1229 	EXP 	unnamed Circle: fillColor = <class 'numpy.ndarray'>
197.3321 	EXP 	unnamed Circle: fillColor = <class 'numpy.ndarray'>
197.3321 	EXP 	unnamed Circle: fillColor = <class 'numpy.ndarray'>
198.5778 	EXP 	unnamed Circle: fillColor = <class 'numpy.ndarray'>
198.5778 	EXP 	unnamed Circle: fillColor = <class 'numpy.ndarray'>
199.8669 	EXP 	unnamed Circle: fillColor = <class 'numpy.ndarray'>
199.8669 	EXP 	unnamed Circle: fillColor = <class 'numpy.ndarray'>
201.1506 	EXP 	unnamed Circle: fillColor = <class 'numpy.ndarray'>
201.1506 	EXP 	unnamed Circle: fillColor = <class 'numpy.ndarray'>
202.3273 	EXP 	unnamed Circle: fillColor = <class 'numpy.ndarray'>
202.3273 	EXP 	unnamed Circle: fillColor = <class 'numpy.ndarray'>
203.6004 	EXP 	unnamed Circle: fillColor = <class 'numpy.ndarray'>
203.6004 	EXP 	unnamed Circle: fillColor = <class 'numpy.ndarray'>
204.8186 	EXP 	unnamed Circle: fillColor = <class 'numpy.ndarray'>
204.8186 	EXP 	unnamed Circle: fillColor = <class 'numpy.ndarray'>
206.0640 	EXP 	unnamed Circle: fillColor = <class 'numpy.ndarray'>
206.0640 	EXP 	unnamed Circle: fillColor = <class 'numpy.ndarray'>
207.3583 	EXP 	unnamed Circle: fillColor = <class 'numpy.ndarray'>
207.3583 	EXP 	unnamed Circle: fillColor = <class 'numpy.ndarray'>
208.5507 	EXP 	unnamed Circle: fillColor = <class 'numpy.ndarray'>
208.5507 	EXP 	unnamed Circle: fillColor = <class 'numpy.ndarray'>
209.8077 	EXP 	unnamed Circle: fillColor = <class 'numpy.ndarray'>
209.8077 	EXP 	unnamed Circle: fillColor = <class 'numpy.ndarray'>
211.0445 	EXP 	unnamed Circle: fillColor = <class 'numpy.ndarray'>
211.0445 	EXP 	unnamed Circle: fillColor = <class 'numpy.ndarray'>
212.3361 	EXP 	unnamed Circle: fillColor = <class 'numpy.ndarray'>
212.3361 	EXP 	unnamed Circle: radius = 0.12150000000000001
212.3361 	EXP 	unnamed Circle: fillColor = 'white'
212.3361 	EXP 	unnamed Circle: fillColor = <class 'numpy.ndarray'>
213.5662 	EXP 	unnamed Circle: fillColor = <class 'numpy.ndarray'>
213.5662 	EXP 	unnamed Circle: fillColor = <class 'numpy.ndarray'>
214.8174 	EXP 	unnamed Circle: fillColor = <class 'numpy.ndarray'>
214.8174 	EXP 	unnamed Circle: fillColor = <class 'numpy.ndarray'>
216.0741 	EXP 	unnamed Circle: fillColor = <class 'numpy.ndarray'>
216.0741 	EXP 	unnamed Circle: fillColor = <class 'numpy.ndarray'>
217.2772 	EXP 	unnamed Circle: fillColor = <class 'numpy.ndarray'>
217.2772 	EXP 	unnamed Circle: fillColor = <class 'numpy.ndarray'>
218.5438 	EXP 	unnamed Circle: fillColor = <class 'numpy.ndarray'>
218.5438 	EXP 	unnamed Circle: fillColor = <class 'numpy.ndarray'>
219.8245 	EXP 	unnamed Circle: fillColor = <class 'numpy.ndarray'>
219.8245 	EXP 	unnamed Circle: radius = 0.10935000000000002
219.8245 	EXP 	unnamed Circle: fillColor = 'white'
219.8245 	EXP 	unnamed Circle: fillColor = <class 'numpy.ndarray'>
221.0637 	EXP 	unnamed Circle: fillColor = <class 'numpy.ndarray'>
221.0637 	EXP 	unnamed Circle: fillColor = <class 'numpy.ndarray'>
222.3202 	EXP 	unnamed Circle: fillColor = <class 'numpy.ndarray'>
222.3202 	EXP 	unnamed Circle: fillColor = <class 'numpy.ndarray'>
223.6138 	EXP 	unnamed Circle: fillColor = <class 'numpy.ndarray'>
223.6138 	EXP 	unnamed Circle: fillColor = <class 'numpy.ndarray'>
224.8397 	EXP 	unnamed Circle: fillColor = <class 'numpy.ndarray'>
224.8397 	EXP 	unnamed Circle: fillColor = <class 'numpy.ndarray'>
226.1316 	EXP 	unnamed Circle: fillColor = <class 'numpy.ndarray'>
226.1316 	EXP 	unnamed Circle: fillColor = <class 'numpy.ndarray'>
227.3529 	EXP 	unnamed Circle: fillColor = <class 'numpy.ndarray'>
227.3529 	EXP 	unnamed Circle: fillColor = <class 'numpy.ndarray'>
228.6565 	EXP 	unnamed Circle: fillColor = <class 'numpy.ndarray'>
228.6565 	EXP 	unnamed Circle: fillColor = <class 'numpy.ndarray'>
229.8367 	EXP 	unnamed Circle: fillColor = <class 'numpy.ndarray'>
229.8367 	EXP 	unnamed Circle: fillColor = <class 'numpy.ndarray'>
231.1091 	EXP 	unnamed Circle: fillColor = <class 'numpy.ndarray'>
231.1091 	EXP 	unnamed Circle: fillColor = <class 'numpy.ndarray'>
232.3714 	EXP 	unnamed Circle: fillColor = <class 'numpy.ndarray'>
232.3714 	EXP 	unnamed Circle: fillColor = <class 'numpy.ndarray'>
233.6694 	EXP 	unnamed Circle: fillColor = <class 'numpy.ndarray'>
233.6694 	EXP 	unnamed Circle: fillColor = <class 'numpy.ndarray'>
234.8974 	EXP 	unnamed Circle: fillColor = <class 'numpy.ndarray'>
234.8974 	EXP 	unnamed Circle: fillColor = <class 'numpy.ndarray'>
236.1568 	EXP 	unnamed Circle: fillColor = <class 'numpy.ndarray'>
236.1568 	EXP 	unnamed Circle: fillColor = <class 'numpy.ndarray'>
237.3959 	EXP 	unnamed Circle: fillColor = <class 'numpy.ndarray'>
237.3959 	EXP 	unnamed Circle: fillColor = <class 'numpy.ndarray'>
238.6124 	EXP 	unnamed Circle: fillColor = <class 'numpy.ndarray'>
238.6124 	EXP 	unnamed Circle: fillColor = <class 'numpy.ndarray'>
239.8261 	EXP 	unnamed Circle: fillColor = <class 'numpy.ndarray'>
239.8261 	EXP 	unnamed Circle: fillColor = <class 'numpy.ndarray'>
241.0950 	EXP 	unnamed Circle: fillColor = <class 'numpy.ndarray'>
241.0950 	EXP 	unnamed Circle: fillColor = <class 'numpy.ndarray'>
242.3379 	EXP 	unnamed Circle: fillColor = <class 'numpy.ndarray'>
242.3379 	EXP 	unnamed Circle: fillColor = <class 'numpy.ndarray'>
243.5681 	EXP 	unnamed Circle: fillColor = <class 'numpy.ndarray'>
243.5681 	EXP 	unnamed Circle: fillColor = <class 'numpy.ndarray'>
244.8164 	EXP 	unnamed Circle: fillColor = <class 'numpy.ndarray'>
244.8164 	EXP 	unnamed Circle: fillColor = <class 'numpy.ndarray'>
246.0697 	EXP 	unnamed Circle: fillColor = <class 'numpy.ndarray'>
246.0697 	EXP 	unnamed Circle: radius = 0.09841500000000002
246.0697 	EXP 	unnamed Circle: fillColor = 'white'
246.0697 	EXP 	unnamed Circle: fillColor = <class 'numpy.ndarray'>
247.3072 	EXP 	unnamed Circle: fillColor = <class 'numpy.ndarray'>
247.3072 	EXP 	unnamed Circle: fillColor = <class 'numpy.ndarray'>
248.5890 	EXP 	unnamed Circle: fillColor = <class 'numpy.ndarray'>
248.5890 	EXP 	unnamed Circle: fillColor = <class 'numpy.ndarray'>
249.8100 	EXP 	unnamed Circle: fillColor = <class 'numpy.ndarray'>
249.8100 	EXP 	unnamed Circle: fillColor = <class 'numpy.ndarray'>
251.0674 	EXP 	unnamed Circle: fillColor = <class 'numpy.ndarray'>
251.0674 	EXP 	unnamed Circle: fillColor = <class 'numpy.ndarray'>
252.3118 	EXP 	unnamed Circle: fillColor = <class 'numpy.ndarray'>
252.3118 	EXP 	unnamed Circle: fillColor = <class 'numpy.ndarray'>
253.5743 	EXP 	unnamed Circle: fillColor = <class 'numpy.ndarray'>
253.5743 	EXP 	unnamed Circle: fillColor = <class 'numpy.ndarray'>
254.8370 	EXP 	unnamed Circle: fillColor = <class 'numpy.ndarray'>
254.8370 	EXP 	unnamed Circle: fillColor = <class 'numpy.ndarray'>
256.0966 	EXP 	unnamed Circle: fillColor = <class 'numpy.ndarray'>
256.0966 	EXP 	unnamed Circle: fillColor = <class 'numpy.ndarray'>
257.3923 	EXP 	unnamed Circle: fillColor = <class 'numpy.ndarray'>
257.3923 	EXP 	unnamed Circle: fillColor = <class 'numpy.ndarray'>
258.6378 	EXP 	unnamed Circle: fillColor = <class 'numpy.ndarray'>
258.6378 	EXP 	unnamed Circle: fillColor = <class 'numpy.ndarray'>
259.9020 	EXP 	unnamed Circle: fillColor = <class 'numpy.ndarray'>
259.9020 	EXP 	unnamed Circle: fillColor = <class 'numpy.ndarray'>
261.1309 	EXP 	unnamed Circle: fillColor = <class 'numpy.ndarray'>
261.1309 	EXP 	unnamed Circle: fillColor = <class 'numpy.ndarray'>
262.3859 	EXP 	unnamed Circle: fillColor = <class 'numpy.ndarray'>
262.3859 	EXP 	unnamed Circle: fillColor = <class 'numpy.ndarray'>
263.6573 	EXP 	unnamed Circle: fillColor = <class 'numpy.ndarray'>
263.6573 	EXP 	unnamed Circle: fillColor = <class 'numpy.ndarray'>
264.8616 	EXP 	unnamed Circle: fillColor = <class 'numpy.ndarray'>
264.8616 	EXP 	unnamed Circle: fillColor = <class 'numpy.ndarray'>
266.0938 	EXP 	unnamed Circle: fillColor = <class 'numpy.ndarray'>
266.0938 	EXP 	unnamed Circle: fillColor = <class 'numpy.ndarray'>
267.3262 	EXP 	unnamed Circle: fillColor = <class 'numpy.ndarray'>
267.3262 	EXP 	unnamed Circle: fillColor = <class 'numpy.ndarray'>
268.5357 	EXP 	unnamed Circle: fillColor = <class 'numpy.ndarray'>
268.5357 	EXP 	unnamed Circle: fillColor = <class 'numpy.ndarray'>
269.7782 	EXP 	unnamed Circle: fillColor = <class 'numpy.ndarray'>
269.7782 	EXP 	unnamed Circle: fillColor = <class 'numpy.ndarray'>
271.0128 	EXP 	unnamed Circle: fillColor = <class 'numpy.ndarray'>
271.0128 	EXP 	unnamed Circle: fillColor = <class 'numpy.ndarray'>
272.2218 	EXP 	unnamed Circle: fillColor = <class 'numpy.ndarray'>
272.2218 	EXP 	unnamed Circle: fillColor = <class 'numpy.ndarray'>
273.4662 	EXP 	unnamed Circle: fillColor = <class 'numpy.ndarray'>
273.4662 	EXP 	unnamed Circle: fillColor = <class 'numpy.ndarray'>
274.7272 	EXP 	unnamed Circle: fillColor = <class 'numpy.ndarray'>
274.7272 	EXP 	unnamed Circle: fillColor = <class 'numpy.ndarray'>
275.9480 	EXP 	unnamed Circle: fillColor = <class 'numpy.ndarray'>
275.9480 	EXP 	unnamed Circle: fillColor = <class 'numpy.ndarray'>
277.1995 	EXP 	unnamed Circle: fillColor = <class 'numpy.ndarray'>
277.1995 	EXP 	unnamed Circle: fillColor = <class 'numpy.ndarray'>
278.4177 	EXP 	unnamed Circle: fillColor = <class 'numpy.ndarray'>
278.4177 	EXP 	unnamed Circle: fillColor = <class 'numpy.ndarray'>
279.6479 	EXP 	unnamed Circle: fillColor = <class 'numpy.ndarray'>
279.6479 	EXP 	unnamed Circle: radius = 0.08857350000000001
279.6479 	EXP 	unnamed Circle: fillColor = 'white'
279.6479 	EXP 	unnamed Circle: fillColor = <class 'numpy.ndarray'>
280.9094 	EXP 	unnamed Circle: fillColor = <class 'numpy.ndarray'>
280.9094 	EXP 	unnamed Circle: fillColor = <class 'numpy.ndarray'>
282.1325 	EXP 	unnamed Circle: fillColor = <class 'numpy.ndarray'>
282.1325 	EXP 	unnamed Circle: fillColor = <class 'numpy.ndarray'>
283.4116 	EXP 	unnamed Circle: fillColor = <class 'numpy.ndarray'>
283.4116 	EXP 	unnamed Circle: fillColor = <class 'numpy.ndarray'>
284.6318 	EXP 	unnamed Circle: fillColor = <class 'numpy.ndarray'>
284.6318 	EXP 	unnamed Circle: fillColor = <class 'numpy.ndarray'>
285.8732 	EXP 	unnamed Circle: fillColor = <class 'numpy.ndarray'>
285.8732 	EXP 	unnamed Circle: fillColor = <class 'numpy.ndarray'>
287.1051 	EXP 	unnamed Circle: fillColor = <class 'numpy.ndarray'>
287.1051 	EXP 	unnamed Circle: fillColor = <class 'numpy.ndarray'>
288.3716 	EXP 	unnamed Circle: fillColor = <class 'numpy.ndarray'>
288.3716 	EXP 	unnamed Circle: fillColor = <class 'numpy.ndarray'>
289.6216 	EXP 	unnamed Circle: fillColor = <class 'numpy.ndarray'>
289.6216 	EXP 	unnamed Circle: fillColor = <class 'numpy.ndarray'>
290.8229 	EXP 	unnamed Circle: fillColor = <class 'numpy.ndarray'>
290.8229 	EXP 	unnamed Circle: fillColor = <class 'numpy.ndarray'>
292.0892 	EXP 	unnamed Circle: fillColor = <class 'numpy.ndarray'>
292.0892 	EXP 	unnamed Circle: fillColor = <class 'numpy.ndarray'>
293.3545 	EXP 	unnamed Circle: fillColor = <class 'numpy.ndarray'>
293.3545 	EXP 	unnamed Circle: fillColor = <class 'numpy.ndarray'>
294.5896 	EXP 	unnamed Circle: fillColor = <class 'numpy.ndarray'>
294.5896 	EXP 	unnamed Circle: fillColor = <class 'numpy.ndarray'>
295.8162 	EXP 	unnamed Circle: fillColor = <class 'numpy.ndarray'>
295.8162 	EXP 	unnamed Circle: fillColor = <class 'numpy.ndarray'>
297.0899 	EXP 	unnamed Circle: fillColor = <class 'numpy.ndarray'>
297.0899 	EXP 	unnamed Circle: fillColor = <class 'numpy.ndarray'>
298.2747 	EXP 	unnamed Circle: fillColor = <class 'numpy.ndarray'>
298.2747 	EXP 	unnamed Circle: fillColor = <class 'numpy.ndarray'>
299.5762 	EXP 	unnamed Circle: fillColor = <class 'numpy.ndarray'>
299.5762 	EXP 	unnamed Circle: fillColor = <class 'numpy.ndarray'>
300.8481 	EXP 	unnamed Circle: fillColor = <class 'numpy.ndarray'>
300.8481 	EXP 	unnamed Circle: radius = 0.07971615000000001
300.8481 	EXP 	unnamed Circle: fillColor = 'white'
300.8481 	EXP 	unnamed Circle: fillColor = <class 'numpy.ndarray'>
302.0658 	EXP 	unnamed Circle: fillColor = <class 'numpy.ndarray'>
302.0658 	EXP 	unnamed Circle: fillColor = <class 'numpy.ndarray'>
303.2884 	EXP 	unnamed Circle: fillColor = <class 'numpy.ndarray'>
303.2884 	EXP 	unnamed Circle: fillColor = <class 'numpy.ndarray'>
304.5356 	EXP 	unnamed Circle: fillColor = <class 'numpy.ndarray'>
304.5356 	EXP 	unnamed Circle: fillColor = <class 'numpy.ndarray'>
305.7499 	EXP 	unnamed Circle: fillColor = <class 'numpy.ndarray'>
305.7499 	EXP 	unnamed Circle: fillColor = <class 'numpy.ndarray'>
306.9943 	EXP 	unnamed Circle: fillColor = <class 'numpy.ndarray'>
306.9943 	EXP 	unnamed Circle: fillColor = <class 'numpy.ndarray'>
308.2249 	EXP 	unnamed Circle: fillColor = <class 'numpy.ndarray'>
308.2249 	EXP 	unnamed Circle: fillColor = <class 'numpy.ndarray'>
308.5651 	EXP 	text_2: autoDraw = True
309.5669 	EXP 	text_2: autoDraw = False
319.7311 	DATA 	Keypress: space
323.9279 	DATA 	Keypress: 2
324.4461 	DATA 	Keypress: 1
324.4513 	EXP 	Created text = TextStim(__class__=<class 'psychopy.visual.text.TextStim'>, alignHoriz=method-wrapper(...), alignText='center', alignVert=method-wrapper(...), anchorHoriz='center', anchorVert='center', antialias=True, autoDraw=False, autoLog=True, bold=False, color=array([1, 1, 1]), colorSpace='rgb', contrast=1.0, depth=0.0, flipHoriz=False, flipVert=False, font='Arial', fontFiles=[], height=0.06, italic=False, languageStyle='LTR', name='text', opacity=1.0, ori=0, pos=array([0. , 0.2]), rgb=UNKNOWN, text=str(...), units='norm', win=Window(...), wrapWidth=1.2)
324.4585 	EXP 	window1: mouseVisible = True
324.5044 	EXP 	Created None = Slider(__class__=<class 'psychopy.visual.slider.Slider'>, autoDraw=False, autoLog=True, borderColor=None, color=None, colorSpace='rgb', depth=0, fillColor=None, flip=False, font='Arial', granularity=1, labelColor=None, labelHeight=0.05, labelWrapWidth=None, labels=('Never', 'Always'), lineColor=None, markerColor=None, name=None, opacity=None, ori=0, pos=array([0., 0.]), readOnly=False, self=UNKNOWN, size=array([0.85, 0.1 ]), startValue=None, style='rating', styleTweaks=[], ticks=array([1, 9]), units='norm', win=Window(...))
324.5962 	EXP 	None: autoLog = True
324.5962 	EXP 	None: markerPos = None
324.5962 	EXP 	None: styleTweaks = []
324.5962 	EXP 	None: styleTweaks = []
324.5962 	EXP 	None: styleTweaks = []
324.5962 	EXP 	None: styleTweaks = []
324.5962 	EXP 	None: contrast = 1.0
324.5962 	EXP 	None: autoLog = True
324.5962 	EXP 	None: markerPos = 5
325.6845 	DATA 	Keypress: 3
325.6951 	EXP 	None: markerPos = 4
326.3195 	DATA 	Keypress: 3
326.3303 	EXP 	None: markerPos = 3
326.6595 	DATA 	Keypress: 3
326.6703 	EXP 	None: markerPos = 2
327.8117 	DATA 	Keypress: 4
327.8188 	EXP 	None: markerPos = 2
327.8233 	EXP 	Created text = TextStim(__class__=<class 'psychopy.visual.text.TextStim'>, alignHoriz=method-wrapper(...), alignText='center', alignVert=method-wrapper(...), anchorHoriz='center', anchorVert='center', antialias=True, autoDraw=False, autoLog=True, bold=False, color=array([1, 1, 1]), colorSpace='rgb', contrast=1.0, depth=0.0, flipHoriz=False, flipVert=False, font='Arial', fontFiles=[], height=0.06, italic=False, languageStyle='LTR', name='text', opacity=1.0, ori=0, pos=array([0. , 0.2]), rgb=UNKNOWN, text=str(...), units='norm', win=Window(...), wrapWidth=1.2)
327.8252 	EXP 	window1: mouseVisible = True
327.8588 	EXP 	Created None = Slider(__class__=<class 'psychopy.visual.slider.Slider'>, autoDraw=False, autoLog=True, borderColor=None, color=None, colorSpace='rgb', depth=0, fillColor=None, flip=False, font='Arial', granularity=1, labelColor=None, labelHeight=0.05, labelWrapWidth=None, labels=('Never', 'All the time'), lineColor=None, markerColor=None, name=None, opacity=None, ori=0, pos=array([0., 0.]), readOnly=False, self=UNKNOWN, size=array([0.85, 0.1 ]), startValue=None, style='rating', styleTweaks=[], ticks=array([1, 9]), units='norm', win=Window(...))
327.8738 	EXP 	None: autoLog = True
327.8738 	EXP 	None: markerPos = None
327.8738 	EXP 	None: styleTweaks = []
327.8738 	EXP 	None: styleTweaks = []
327.8738 	EXP 	None: styleTweaks = []
327.8738 	EXP 	None: styleTweaks = []
327.8738 	EXP 	None: contrast = 1.0
327.8738 	EXP 	None: autoLog = True
327.8738 	EXP 	None: markerPos = 5
328.3600 	DATA 	Keypress: 3
328.3702 	EXP 	None: markerPos = 4
328.5481 	DATA 	Keypress: 3
328.5578 	EXP 	None: markerPos = 3
328.7867 	DATA 	Keypress: 4
328.7940 	EXP 	None: markerPos = 3
328.7986 	EXP 	Created text = TextStim(__class__=<class 'psychopy.visual.text.TextStim'>, alignHoriz=method-wrapper(...), alignText='center', alignVert=method-wrapper(...), anchorHoriz='center', anchorVert='center', antialias=True, autoDraw=False, autoLog=True, bold=False, color=array([1, 1, 1]), colorSpace='rgb', contrast=1.0, depth=0.0, flipHoriz=False, flipVert=False, font='Arial', fontFiles=[], height=0.06, italic=False, languageStyle='LTR', name='text', opacity=1.0, ori=0, pos=array([0. , 0.2]), rgb=UNKNOWN, text='How difficult was it to apply mental noting?', units='norm', win=Window(...), wrapWidth=1.2)
328.8005 	EXP 	window1: mouseVisible = True
328.8311 	EXP 	Created None = Slider(__class__=<class 'psychopy.visual.slider.Slider'>, autoDraw=False, autoLog=True, borderColor=None, color=None, colorSpace='rgb', depth=0, fillColor=None, flip=False, font='Arial', granularity=1, labelColor=None, labelHeight=0.05, labelWrapWidth=None, labels=('Not at all', 'Very Difficult'), lineColor=None, markerColor=None, name=None, opacity=None, ori=0, pos=array([0., 0.]), readOnly=False, self=UNKNOWN, size=array([0.85, 0.1 ]), startValue=None, style='rating', styleTweaks=[], ticks=array([1, 9]), units='norm', win=Window(...))
328.8466 	EXP 	None: autoLog = True
328.8466 	EXP 	None: markerPos = None
328.8466 	EXP 	None: styleTweaks = []
328.8466 	EXP 	None: styleTweaks = []
328.8466 	EXP 	None: styleTweaks = []
328.8466 	EXP 	None: styleTweaks = []
328.8466 	EXP 	None: contrast = 1.0
328.8466 	EXP 	None: autoLog = True
328.8466 	EXP 	None: markerPos = 5
329.2197 	DATA 	Keypress: 3
329.2305 	EXP 	None: markerPos = 4
329.4186 	DATA 	Keypress: 3
329.4265 	EXP 	None: markerPos = 3
329.7738 	DATA 	Keypress: 4
329.7813 	EXP 	None: markerPos = 3
329.7853 	EXP 	Created text = TextStim(__class__=<class 'psychopy.visual.text.TextStim'>, alignHoriz=method-wrapper(...), alignText='center', alignVert=method-wrapper(...), anchorHoriz='center', anchorVert='center', antialias=True, autoDraw=False, autoLog=True, bold=False, color=array([1, 1, 1]), colorSpace='rgb', contrast=1.0, depth=0.0, flipHoriz=False, flipVert=False, font='Arial', fontFiles=[], height=0.06, italic=False, languageStyle='LTR', name='text', opacity=1.0, ori=0, pos=array([0. , 0.2]), rgb=UNKNOWN, text='How calm do you feel right now?', units='norm', win=Window(...), wrapWidth=1.2)
329.7872 	EXP 	window1: mouseVisible = True
329.8102 	EXP 	Created None = Slider(__class__=<class 'psychopy.visual.slider.Slider'>, autoDraw=False, autoLog=True, borderColor=None, color=None, colorSpace='rgb', depth=0, fillColor=None, flip=False, font='Arial', granularity=1, labelColor=None, labelHeight=0.05, labelWrapWidth=None, labels=('Not at all', 'Very calm'), lineColor=None, markerColor=None, name=None, opacity=None, ori=0, pos=array([0., 0.]), readOnly=False, self=UNKNOWN, size=array([0.85, 0.1 ]), startValue=None, style='rating', styleTweaks=[], ticks=array([1, 9]), units='norm', win=Window(...))
329.8222 	EXP 	None: autoLog = True
329.8222 	EXP 	None: markerPos = None
329.8222 	EXP 	None: styleTweaks = []
329.8222 	EXP 	None: styleTweaks = []
329.8222 	EXP 	None: styleTweaks = []
329.8222 	EXP 	None: styleTweaks = []
329.8222 	EXP 	None: contrast = 1.0
329.8222 	EXP 	None: autoLog = True
329.8222 	EXP 	None: markerPos = 5
330.3423 	DATA 	Keypress: 3
330.3531 	EXP 	None: markerPos = 4
330.5283 	DATA 	Keypress: 3
330.5374 	EXP 	None: markerPos = 3
330.8048 	DATA 	Keypress: 4
330.8118 	EXP 	None: markerPos = 3
333.9339 	EXP 	window1: mouseVisible = True
2.7062 	WARNING 	Speech-to-text recognition module for PocketSphinx is not available (use command `pip install SpeechRecognition` to get it). Transcription will be unavailable using that service this session.
2.7067 	WARNING 	Speech-to-text recognition using Google online services is not available (use command `pip install google-api-core google-auth google-cloud google-cloud-speech googleapis-common-protos` to get it). Transcription will be unavailable using that service this session.
3.0325 	WARNING 	We strongly recommend you activate the PTB sound engine in PsychoPy prefs as the preferred audio engine. Its timing is vastly superior. Your prefs are currently set to use ['sounddevice', 'PTB', 'pyo', 'pygame'] (in that order).
34.0631 	WARNING 	Requested an unavailable screen number - using first available.
34.0661 	WARNING 	User requested fullscreen with size [1080 1080], but screen is actually [1920, 1080]. Using actual size
34.6349 	EXP 	Created window1 = Window(allowGUI=False, allowStencil=False, autoLog=True, backendConf=UNKNOWN, bitsMode=UNKNOWN, blendMode='avg', bpc=(8, 8, 8), color=array([-1, -1, -1]), colorSpace='rgb', depthBits=8, fullscr=<method-wrapper '__getattribute__' of attributeSetter object at 0x0000029EDC9EF670>, gamma=None, gammaErrorPolicy='raise', lms=UNKNOWN, monitor=<psychopy.monitors.calibTools.Monitor object at 0x0000029EE255F280>, multiSample=False, name='window1', numSamples=2, pos=(0, 0), screen=1, size=array([1920, 1080]), stencilBits=0, stereo=False, units='norm', useFBO=True, useRetina=False, viewOri=0.0, viewPos=None, viewScale=None, waitBlanking=True, winType='pyglet')
34.6353 	EXP 	window1: mouseVisible = True
34.6353 	EXP 	window1: Attempting to measure frame rate of screen (1) ...
34.6353 	EXP 	window1: recordFrameIntervals = False
34.8001 	EXP 	window1: recordFrameIntervals = True
34.9838 	EXP 	Screen (1) actual frame rate measured at 59.93Hz
34.9838 	EXP 	window1: recordFrameIntervals = False
35.0445 	EXP 	Created text = TextStim(__class__=<class 'psychopy.visual.text.TextStim'>, alignHoriz=method-wrapper(...), alignText='center', alignVert=method-wrapper(...), anchorHoriz='center', anchorVert='center', antialias=True, autoDraw=False, autoLog=True, bold=False, color=array([1, 1, 1]), colorSpace='rgb', contrast=1.0, depth=0.0, flipHoriz=False, flipVert=False, font='Arial', fontFiles=[], height=0.06, italic=False, languageStyle='LTR', name='text', opacity=1.0, ori=0, pos=array([0. , 0.2]), rgb=UNKNOWN, text=str(...), units='norm', win=Window(...), wrapWidth=1.2)
35.0452 	EXP 	Created text = TextStim(__class__=<class 'psychopy.visual.text.TextStim'>, alignHoriz=method-wrapper(...), alignText='center', alignVert=method-wrapper(...), anchorHoriz='center', anchorVert='center', antialias=True, autoDraw=False, autoLog=True, bold=False, color=array([1, 1, 1]), colorSpace='rgb', contrast=1.0, depth=0.0, flipHoriz=False, flipVert=False, font='Arial', fontFiles=[], height=0.06, italic=False, languageStyle='LTR', name='text', opacity=1.0, ori=0, pos=array([0., 0.]), rgb=UNKNOWN, text='', units='norm', win=Window(...), wrapWidth=1.2)
35.0528 	EXP 	Created waiting_for_trigger_text = TextStim(__class__=<class 'psychopy.visual.text.TextStim'>, alignHoriz=method-wrapper(...), alignText='center', alignVert=method-wrapper(...), anchorHoriz='center', anchorVert='center', antialias=True, autoDraw=False, autoLog=True, bold=False, color=array([1, 1, 1]), colorSpace='rgb', contrast=1.0, depth=0.0, flipHoriz=False, flipVert=False, font='Arial', fontFiles=[], height=0.1, italic=False, languageStyle='LTR', name='waiting_for_trigger_text', opacity=1.0, ori=0, pos=array([0., 0.]), rgb=UNKNOWN, text='waiting for scanner', units='norm', win=Window(...), wrapWidth=2)
35.0584 	EXP 	Created text_2 = TextStim(__class__=<class 'psychopy.visual.text.TextStim'>, alignHoriz=method-wrapper(...), alignText='center', alignVert=method-wrapper(...), anchorHoriz='center', anchorVert='center', antialias=True, autoDraw=False, autoLog=True, bold=False, color=array([1, 1, 1]), colorSpace='rgb', contrast=1.0, depth=0.0, flipHoriz=False, flipVert=False, font='Arial', fontFiles=[], height=0.3, italic=False, languageStyle='LTR', name='text_2', opacity=1.0, ori=0, pos=array([0., 0.]), rgb=UNKNOWN, text='+', units='norm', win=Window(...), wrapWidth=1)
35.0638 	EXP 	Created text_relax = TextStim(__class__=<class 'psychopy.visual.text.TextStim'>, alignHoriz=method-wrapper(...), alignText='center', alignVert=method-wrapper(...), anchorHoriz='center', anchorVert='center', antialias=True, autoDraw=False, autoLog=True, bold=False, color=array([1, 1, 1]), colorSpace='rgb', contrast=1.0, depth=0.0, flipHoriz=False, flipVert=False, font='Arial', fontFiles=[], height=0.07, italic=False, languageStyle='LTR', name='text_relax', opacity=1.0, ori=0, pos=array([ 0. , -0.2]), rgb=UNKNOWN, text='Relax', units='norm', win=Window(...), wrapWidth=1)
35.0699 	EXP 	Created text_4 = TextStim(__class__=<class 'psychopy.visual.text.TextStim'>, alignHoriz=method-wrapper(...), alignText='center', alignVert=method-wrapper(...), anchorHoriz='center', anchorVert='center', antialias=True, autoDraw=False, autoLog=True, bold=False, color=array([1, 1, 1]), colorSpace='rgb', contrast=1.0, depth=-3.0, flipHoriz=False, flipVert=False, font='Arial', fontFiles=[], height=0.1, italic=False, languageStyle='LTR', name='text_4', opacity=1.0, ori=0, pos=array([0., 0.]), rgb=UNKNOWN, text='default text', units='norm', win=Window(...), wrapWidth=1)
35.0772 	EXP 	Created unnamed Circle = Circle(__class__=<class 'psychopy.visual.circle.Circle'>, anchor=('center', 'center'), autoDraw=False, autoLog=True, closeShape=True, color=method-wrapper(...), colorSpace='rgb', contrast=None, depth=0, fillColor=array([0, 0, 0]), fillColorSpace='rgb', fillRGB=array([0, 0, 0]), interpolate=True, lineColor=array([ 1,  1, -1]), lineColorSpace='rgb', lineRGB=array([ 1,  1, -1]), lineWidth=2, name='unnamed Circle', opacity=0.5, ori=0.0, pos=array([0.        , 0.33333333]), size=array([1., 1.]), units='norm', vertices=ndarray(...), win=Window(...))
35.0799 	EXP 	Created unnamed Circle = Circle(__class__=<class 'psychopy.visual.circle.Circle'>, anchor=('center', 'center'), autoDraw=False, autoLog=True, closeShape=True, color=method-wrapper(...), colorSpace='rgb', contrast=None, depth=0, fillColor=array([0, 0, 0]), fillColorSpace='rgb', fillRGB=array([0, 0, 0]), interpolate=True, lineColor=array([-1, -1,  1]), lineColorSpace='rgb', lineRGB=array([-1, -1,  1]), lineWidth=2, name='unnamed Circle', opacity=0.5, ori=0.0, pos=array([ 0.        , -0.33333333]), size=array([1., 1.]), units='norm', vertices=ndarray(...), win=Window(...))
35.0834 	EXP 	Created unnamed Circle = Circle(__class__=<class 'psychopy.visual.circle.Circle'>, anchor=('center', 'center'), autoDraw=False, autoLog=True, closeShape=True, color=method-wrapper(...), colorSpace='rgb', contrast=None, depth=0, fillColor=array([1, 1, 1]), fillColorSpace='rgb', fillRGB=array([1, 1, 1]), interpolate=True, lineColor=array([1, 1, 1]), lineColorSpace='rgb', lineRGB=array([1, 1, 1]), lineWidth=1.5, name='unnamed Circle', opacity=1.0, ori=0.0, pos=array([0., 0.]), size=array([1., 1.]), units='norm', vertices=ndarray(...), win=Window(...))
35.0852 	EXP 	Created unnamed Circle = Circle(__class__=<class 'psychopy.visual.circle.Circle'>, anchor=('center', 'center'), autoDraw=False, autoLog=True, closeShape=True, color=method-wrapper(...), colorSpace='rgb', contrast=None, depth=0, fillColor=array([1, 1, 1]), fillColorSpace='rgb', fillRGB=array([1, 1, 1]), interpolate=True, lineColor=array([1, 1, 1]), lineColorSpace='rgb', lineRGB=array([1, 1, 1]), lineWidth=3, name='unnamed Circle', opacity=1.0, ori=0.0, pos=array([0., 0.]), size=array([1., 1.]), units='norm', vertices=ndarray(...), win=Window(...))
35.0913 	EXP 	Created instruct_text = TextStim(__class__=<class 'psychopy.visual.text.TextStim'>, alignHoriz=method-wrapper(...), alignText='center', alignVert=method-wrapper(...), anchorHoriz='center', anchorVert='center', antialias=True, autoDraw=False, autoLog=True, bold=False, color=array([1, 1, 1]), colorSpace='rgb', contrast=1.0, depth=0.0, flipHoriz=False, flipVert=False, font='Arial', fontFiles=[], height=0.06, italic=False, languageStyle='LTR', name='instruct_text', opacity=1.0, ori=0, pos=array([0., 0.]), rgb=UNKNOWN, text='replace me', units='norm', win=Window(...), wrapWidth=1.2)
35.0962 	EXP 	Created thank_you_end_run_text = TextStim(__class__=<class 'psychopy.visual.text.TextStim'>, alignHoriz=method-wrapper(...), alignText='center', alignVert=method-wrapper(...), anchorHoriz='center', anchorVert='center', antialias=True, autoDraw=False, autoLog=True, bold=False, color=array([1, 1, 1]), colorSpace='rgb', contrast=1.0, depth=0.0, flipHoriz=False, flipVert=False, font='Arial', fontFiles=[], height=0.1, italic=False, languageStyle='LTR', name='thank_you_end_run_text', opacity=1.0, ori=0, pos=array([0., 0.]), rgb=UNKNOWN, text='thank you!', units='norm', win=Window(...), wrapWidth=1)
35.1169 	EXP 	instruct_text: height = 0.06
35.1169 	EXP 	instruct_text: height = 0.06
35.1169 	EXP 	instruct_text: height = 0.06
35.1169 	EXP 	instruct_text: text = 'Great job! Now, you’ll get to continue your Mental Noting with some feedback based on your actual brain activity to help your practice! \n\nYou will see the 2 circles and white ball again. When the white ball moves up towards the top yellow circle, this means you are in a mindful brain state with your Noting practice. \nIf the ball reaches either of the circles, it will move back to the center.'
66.7579 	DATA 	Keypress: space
66.7689 	EXP 	instruct_text: height = 0.06
66.7689 	EXP 	instruct_text: height = 0.06
66.7689 	EXP 	instruct_text: height = 0.06
66.7689 	EXP 	instruct_text: text = 'Try to focus mostly on the Noting Practice by being aware of your sensations from moment to moment and silently making a note in your mind. \n\nYou can check the screen every once in a while to see where the ball is going.'
86.4506 	DATA 	Keypress: space
86.4653 	EXP 	instruct_text: height = 0.06
86.4653 	EXP 	instruct_text: height = 0.06
86.4653 	EXP 	instruct_text: height = 0.06
86.4653 	EXP 	instruct_text: text = 'You will see the plus sign (+) for 30 seconds at the start. Whenever you see the plus +,  please don’t practice Noting – just relax.\n\nOnce the circles appear, please start the Noting practice. This practice will last 2.5 min.'
90.0465 	DATA 	Keypress: space
90.0515 	EXP 	waiting_for_trigger_text: autoDraw = True
128.5314 	DATA 	Keypress: 5
128.5622 	EXP 	waiting_for_trigger_text: autoDraw = False
128.5622 	EXP 	text_2: autoDraw = True
128.5622 	EXP 	text_relax: autoDraw = True
158.5631 	EXP 	text_2: autoDraw = False
158.5631 	EXP 	text_relax: autoDraw = False
158.5631 	EXP 	text_2: autoDraw = False
158.8661 	EXP 	unnamed Circle: fillColor = <class 'numpy.ndarray'>
158.8661 	EXP 	unnamed Circle: fillColor = <class 'numpy.ndarray'>
160.1129 	EXP 	unnamed Circle: fillColor = <class 'numpy.ndarray'>
160.1129 	EXP 	unnamed Circle: fillColor = <class 'numpy.ndarray'>
161.3768 	EXP 	unnamed Circle: fillColor = <class 'numpy.ndarray'>
161.3768 	EXP 	unnamed Circle: fillColor = <class 'numpy.ndarray'>
162.6392 	EXP 	unnamed Circle: fillColor = <class 'numpy.ndarray'>
162.6392 	EXP 	unnamed Circle: fillColor = <class 'numpy.ndarray'>
163.8763 	EXP 	unnamed Circle: fillColor = <class 'numpy.ndarray'>
163.8763 	EXP 	unnamed Circle: fillColor = <class 'numpy.ndarray'>
165.1421 	EXP 	unnamed Circle: fillColor = <class 'numpy.ndarray'>
165.1421 	EXP 	unnamed Circle: fillColor = <class 'numpy.ndarray'>
166.3687 	EXP 	unnamed Circle: fillColor = <class 'numpy.ndarray'>
166.3687 	EXP 	unnamed Circle: fillColor = <class 'numpy.ndarray'>
167.6126 	EXP 	unnamed Circle: fillColor = <class 'numpy.ndarray'>
167.6126 	EXP 	unnamed Circle: fillColor = <class 'numpy.ndarray'>
168.8391 	EXP 	unnamed Circle: fillColor = <class 'numpy.ndarray'>
168.8391 	EXP 	unnamed Circle: fillColor = <class 'numpy.ndarray'>
170.0868 	EXP 	unnamed Circle: fillColor = <class 'numpy.ndarray'>
170.0868 	EXP 	unnamed Circle: fillColor = <class 'numpy.ndarray'>
171.3229 	EXP 	unnamed Circle: fillColor = <class 'numpy.ndarray'>
171.3229 	EXP 	unnamed Circle: fillColor = <class 'numpy.ndarray'>
172.5218 	EXP 	unnamed Circle: fillColor = <class 'numpy.ndarray'>
172.5218 	EXP 	unnamed Circle: fillColor = <class 'numpy.ndarray'>
173.7805 	EXP 	unnamed Circle: fillColor = <class 'numpy.ndarray'>
173.7805 	EXP 	unnamed Circle: fillColor = <class 'numpy.ndarray'>
174.9879 	EXP 	unnamed Circle: fillColor = <class 'numpy.ndarray'>
174.9879 	EXP 	unnamed Circle: fillColor = <class 'numpy.ndarray'>
176.2292 	EXP 	unnamed Circle: fillColor = <class 'numpy.ndarray'>
176.2292 	EXP 	unnamed Circle: fillColor = <class 'numpy.ndarray'>
177.4772 	EXP 	unnamed Circle: fillColor = <class 'numpy.ndarray'>
177.4772 	EXP 	unnamed Circle: fillColor = <class 'numpy.ndarray'>
178.7425 	EXP 	unnamed Circle: fillColor = <class 'numpy.ndarray'>
178.7425 	EXP 	unnamed Circle: radius = 0.135
178.7425 	EXP 	unnamed Circle: fillColor = 'white'
178.7425 	EXP 	unnamed Circle: fillColor = <class 'numpy.ndarray'>
179.9964 	EXP 	unnamed Circle: fillColor = <class 'numpy.ndarray'>
179.9964 	EXP 	unnamed Circle: fillColor = <class 'numpy.ndarray'>
181.2215 	EXP 	unnamed Circle: fillColor = <class 'numpy.ndarray'>
181.2215 	EXP 	unnamed Circle: fillColor = <class 'numpy.ndarray'>
182.4704 	EXP 	unnamed Circle: fillColor = <class 'numpy.ndarray'>
182.4704 	EXP 	unnamed Circle: fillColor = <class 'numpy.ndarray'>
183.7745 	EXP 	unnamed Circle: fillColor = <class 'numpy.ndarray'>
183.7745 	EXP 	unnamed Circle: fillColor = <class 'numpy.ndarray'>
184.9925 	EXP 	unnamed Circle: fillColor = <class 'numpy.ndarray'>
184.9925 	EXP 	unnamed Circle: fillColor = <class 'numpy.ndarray'>
186.2210 	EXP 	unnamed Circle: fillColor = <class 'numpy.ndarray'>
186.2210 	EXP 	unnamed Circle: fillColor = <class 'numpy.ndarray'>
187.4439 	EXP 	unnamed Circle: fillColor = <class 'numpy.ndarray'>
187.4439 	EXP 	unnamed Circle: fillColor = <class 'numpy.ndarray'>
188.6791 	EXP 	unnamed Circle: fillColor = <class 'numpy.ndarray'>
188.6791 	EXP 	unnamed Circle: fillColor = <class 'numpy.ndarray'>
189.9110 	EXP 	unnamed Circle: fillColor = <class 'numpy.ndarray'>
189.9110 	EXP 	unnamed Circle: fillColor = <class 'numpy.ndarray'>
191.1303 	EXP 	unnamed Circle: fillColor = <class 'numpy.ndarray'>
191.1303 	EXP 	unnamed Circle: fillColor = <class 'numpy.ndarray'>
192.3803 	EXP 	unnamed Circle: fillColor = <class 'numpy.ndarray'>
192.3803 	EXP 	unnamed Circle: fillColor = <class 'numpy.ndarray'>
193.6094 	EXP 	unnamed Circle: fillColor = <class 'numpy.ndarray'>
193.6094 	EXP 	unnamed Circle: fillColor = <class 'numpy.ndarray'>
194.8506 	EXP 	unnamed Circle: fillColor = <class 'numpy.ndarray'>
194.8506 	EXP 	unnamed Circle: fillColor = <class 'numpy.ndarray'>
196.1229 	EXP 	unnamed Circle: fillColor = <class 'numpy.ndarray'>
196.1229 	EXP 	unnamed Circle: fillColor = <class 'numpy.ndarray'>
197.3321 	EXP 	unnamed Circle: fillColor = <class 'numpy.ndarray'>
197.3321 	EXP 	unnamed Circle: fillColor = <class 'numpy.ndarray'>
198.5778 	EXP 	unnamed Circle: fillColor = <class 'numpy.ndarray'>
198.5778 	EXP 	unnamed Circle: fillColor = <class 'numpy.ndarray'>
199.8669 	EXP 	unnamed Circle: fillColor = <class 'numpy.ndarray'>
199.8669 	EXP 	unnamed Circle: fillColor = <class 'numpy.ndarray'>
201.1506 	EXP 	unnamed Circle: fillColor = <class 'numpy.ndarray'>
201.1506 	EXP 	unnamed Circle: fillColor = <class 'numpy.ndarray'>
202.3273 	EXP 	unnamed Circle: fillColor = <class 'numpy.ndarray'>
202.3273 	EXP 	unnamed Circle: fillColor = <class 'numpy.ndarray'>
203.6004 	EXP 	unnamed Circle: fillColor = <class 'numpy.ndarray'>
203.6004 	EXP 	unnamed Circle: fillColor = <class 'numpy.ndarray'>
204.8186 	EXP 	unnamed Circle: fillColor = <class 'numpy.ndarray'>
204.8186 	EXP 	unnamed Circle: fillColor = <class 'numpy.ndarray'>
206.0640 	EXP 	unnamed Circle: fillColor = <class 'numpy.ndarray'>
206.0640 	EXP 	unnamed Circle: fillColor = <class 'numpy.ndarray'>
207.3583 	EXP 	unnamed Circle: fillColor = <class 'numpy.ndarray'>
207.3583 	EXP 	unnamed Circle: fillColor = <class 'numpy.ndarray'>
208.5507 	EXP 	unnamed Circle: fillColor = <class 'numpy.ndarray'>
208.5507 	EXP 	unnamed Circle: fillColor = <class 'numpy.ndarray'>
209.8077 	EXP 	unnamed Circle: fillColor = <class 'numpy.ndarray'>
209.8077 	EXP 	unnamed Circle: fillColor = <class 'numpy.ndarray'>
211.0445 	EXP 	unnamed Circle: fillColor = <class 'numpy.ndarray'>
211.0445 	EXP 	unnamed Circle: fillColor = <class 'numpy.ndarray'>
212.3361 	EXP 	unnamed Circle: fillColor = <class 'numpy.ndarray'>
212.3361 	EXP 	unnamed Circle: radius = 0.12150000000000001
212.3361 	EXP 	unnamed Circle: fillColor = 'white'
212.3361 	EXP 	unnamed Circle: fillColor = <class 'numpy.ndarray'>
213.5662 	EXP 	unnamed Circle: fillColor = <class 'numpy.ndarray'>
213.5662 	EXP 	unnamed Circle: fillColor = <class 'numpy.ndarray'>
214.8174 	EXP 	unnamed Circle: fillColor = <class 'numpy.ndarray'>
214.8174 	EXP 	unnamed Circle: fillColor = <class 'numpy.ndarray'>
216.0741 	EXP 	unnamed Circle: fillColor = <class 'numpy.ndarray'>
216.0741 	EXP 	unnamed Circle: fillColor = <class 'numpy.ndarray'>
217.2772 	EXP 	unnamed Circle: fillColor = <class 'numpy.ndarray'>
217.2772 	EXP 	unnamed Circle: fillColor = <class 'numpy.ndarray'>
218.5438 	EXP 	unnamed Circle: fillColor = <class 'numpy.ndarray'>
218.5438 	EXP 	unnamed Circle: fillColor = <class 'numpy.ndarray'>
219.8245 	EXP 	unnamed Circle: fillColor = <class 'numpy.ndarray'>
219.8245 	EXP 	unnamed Circle: radius = 0.10935000000000002
219.8245 	EXP 	unnamed Circle: fillColor = 'white'
219.8245 	EXP 	unnamed Circle: fillColor = <class 'numpy.ndarray'>
221.0637 	EXP 	unnamed Circle: fillColor = <class 'numpy.ndarray'>
221.0637 	EXP 	unnamed Circle: fillColor = <class 'numpy.ndarray'>
222.3202 	EXP 	unnamed Circle: fillColor = <class 'numpy.ndarray'>
222.3202 	EXP 	unnamed Circle: fillColor = <class 'numpy.ndarray'>
223.6138 	EXP 	unnamed Circle: fillColor = <class 'numpy.ndarray'>
223.6138 	EXP 	unnamed Circle: fillColor = <class 'numpy.ndarray'>
224.8397 	EXP 	unnamed Circle: fillColor = <class 'numpy.ndarray'>
224.8397 	EXP 	unnamed Circle: fillColor = <class 'numpy.ndarray'>
226.1316 	EXP 	unnamed Circle: fillColor = <class 'numpy.ndarray'>
226.1316 	EXP 	unnamed Circle: fillColor = <class 'numpy.ndarray'>
227.3529 	EXP 	unnamed Circle: fillColor = <class 'numpy.ndarray'>
227.3529 	EXP 	unnamed Circle: fillColor = <class 'numpy.ndarray'>
228.6565 	EXP 	unnamed Circle: fillColor = <class 'numpy.ndarray'>
228.6565 	EXP 	unnamed Circle: fillColor = <class 'numpy.ndarray'>
229.8367 	EXP 	unnamed Circle: fillColor = <class 'numpy.ndarray'>
229.8367 	EXP 	unnamed Circle: fillColor = <class 'numpy.ndarray'>
231.1091 	EXP 	unnamed Circle: fillColor = <class 'numpy.ndarray'>
231.1091 	EXP 	unnamed Circle: fillColor = <class 'numpy.ndarray'>
232.3714 	EXP 	unnamed Circle: fillColor = <class 'numpy.ndarray'>
232.3714 	EXP 	unnamed Circle: fillColor = <class 'numpy.ndarray'>
233.6694 	EXP 	unnamed Circle: fillColor = <class 'numpy.ndarray'>
233.6694 	EXP 	unnamed Circle: fillColor = <class 'numpy.ndarray'>
234.8974 	EXP 	unnamed Circle: fillColor = <class 'numpy.ndarray'>
234.8974 	EXP 	unnamed Circle: fillColor = <class 'numpy.ndarray'>
236.1568 	EXP 	unnamed Circle: fillColor = <class 'numpy.ndarray'>
236.1568 	EXP 	unnamed Circle: fillColor = <class 'numpy.ndarray'>
237.3959 	EXP 	unnamed Circle: fillColor = <class 'numpy.ndarray'>
237.3959 	EXP 	unnamed Circle: fillColor = <class 'numpy.ndarray'>
238.6124 	EXP 	unnamed Circle: fillColor = <class 'numpy.ndarray'>
238.6124 	EXP 	unnamed Circle: fillColor = <class 'numpy.ndarray'>
239.8261 	EXP 	unnamed Circle: fillColor = <class 'numpy.ndarray'>
239.8261 	EXP 	unnamed Circle: fillColor = <class 'numpy.ndarray'>
241.0950 	EXP 	unnamed Circle: fillColor = <class 'numpy.ndarray'>
241.0950 	EXP 	unnamed Circle: fillColor = <class 'numpy.ndarray'>
242.3379 	EXP 	unnamed Circle: fillColor = <class 'numpy.ndarray'>
242.3379 	EXP 	unnamed Circle: fillColor = <class 'numpy.ndarray'>
243.5681 	EXP 	unnamed Circle: fillColor = <class 'numpy.ndarray'>
243.5681 	EXP 	unnamed Circle: fillColor = <class 'numpy.ndarray'>
244.8164 	EXP 	unnamed Circle: fillColor = <class 'numpy.ndarray'>
244.8164 	EXP 	unnamed Circle: fillColor = <class 'numpy.ndarray'>
246.0697 	EXP 	unnamed Circle: fillColor = <class 'numpy.ndarray'>
246.0697 	EXP 	unnamed Circle: radius = 0.09841500000000002
246.0697 	EXP 	unnamed Circle: fillColor = 'white'
246.0697 	EXP 	unnamed Circle: fillColor = <class 'numpy.ndarray'>
247.3072 	EXP 	unnamed Circle: fillColor = <class 'numpy.ndarray'>
247.3072 	EXP 	unnamed Circle: fillColor = <class 'numpy.ndarray'>
248.5890 	EXP 	unnamed Circle: fillColor = <class 'numpy.ndarray'>
248.5890 	EXP 	unnamed Circle: fillColor = <class 'numpy.ndarray'>
249.8100 	EXP 	unnamed Circle: fillColor = <class 'numpy.ndarray'>
249.8100 	EXP 	unnamed Circle: fillColor = <class 'numpy.ndarray'>
251.0674 	EXP 	unnamed Circle: fillColor = <class 'numpy.ndarray'>
251.0674 	EXP 	unnamed Circle: fillColor = <class 'numpy.ndarray'>
252.3118 	EXP 	unnamed Circle: fillColor = <class 'numpy.ndarray'>
252.3118 	EXP 	unnamed Circle: fillColor = <class 'numpy.ndarray'>
253.5743 	EXP 	unnamed Circle: fillColor = <class 'numpy.ndarray'>
253.5743 	EXP 	unnamed Circle: fillColor = <class 'numpy.ndarray'>
254.8370 	EXP 	unnamed Circle: fillColor = <class 'numpy.ndarray'>
254.8370 	EXP 	unnamed Circle: fillColor = <class 'numpy.ndarray'>
256.0966 	EXP 	unnamed Circle: fillColor = <class 'numpy.ndarray'>
256.0966 	EXP 	unnamed Circle: fillColor = <class 'numpy.ndarray'>
257.3923 	EXP 	unnamed Circle: fillColor = <class 'numpy.ndarray'>
257.3923 	EXP 	unnamed Circle: fillColor = <class 'numpy.ndarray'>
258.6378 	EXP 	unnamed Circle: fillColor = <class 'numpy.ndarray'>
258.6378 	EXP 	unnamed Circle: fillColor = <class 'numpy.ndarray'>
259.9020 	EXP 	unnamed Circle: fillColor = <class 'numpy.ndarray'>
259.9020 	EXP 	unnamed Circle: fillColor = <class 'numpy.ndarray'>
261.1309 	EXP 	unnamed Circle: fillColor = <class 'numpy.ndarray'>
261.1309 	EXP 	unnamed Circle: fillColor = <class 'numpy.ndarray'>
262.3859 	EXP 	unnamed Circle: fillColor = <class 'numpy.ndarray'>
262.3859 	EXP 	unnamed Circle: fillColor = <class 'numpy.ndarray'>
263.6573 	EXP 	unnamed Circle: fillColor = <class 'numpy.ndarray'>
263.6573 	EXP 	unnamed Circle: fillColor = <class 'numpy.ndarray'>
264.8616 	EXP 	unnamed Circle: fillColor = <class 'numpy.ndarray'>
264.8616 	EXP 	unnamed Circle: fillColor = <class 'numpy.ndarray'>
266.0938 	EXP 	unnamed Circle: fillColor = <class 'numpy.ndarray'>
266.0938 	EXP 	unnamed Circle: fillColor = <class 'numpy.ndarray'>
267.3262 	EXP 	unnamed Circle: fillColor = <class 'numpy.ndarray'>
267.3262 	EXP 	unnamed Circle: fillColor = <class 'numpy.ndarray'>
268.5357 	EXP 	unnamed Circle: fillColor = <class 'numpy.ndarray'>
268.5357 	EXP 	unnamed Circle: fillColor = <class 'numpy.ndarray'>
269.7782 	EXP 	unnamed Circle: fillColor = <class 'numpy.ndarray'>
269.7782 	EXP 	unnamed Circle: fillColor = <class 'numpy.ndarray'>
271.0128 	EXP 	unnamed Circle: fillColor = <class 'numpy.ndarray'>
271.0128 	EXP 	unnamed Circle: fillColor = <class 'numpy.ndarray'>
272.2218 	EXP 	unnamed Circle: fillColor = <class 'numpy.ndarray'>
272.2218 	EXP 	unnamed Circle: fillColor = <class 'numpy.ndarray'>
273.4662 	EXP 	unnamed Circle: fillColor = <class 'numpy.ndarray'>
273.4662 	EXP 	unnamed Circle: fillColor = <class 'numpy.ndarray'>
274.7272 	EXP 	unnamed Circle: fillColor = <class 'numpy.ndarray'>
274.7272 	EXP 	unnamed Circle: fillColor = <class 'numpy.ndarray'>
275.9480 	EXP 	unnamed Circle: fillColor = <class 'numpy.ndarray'>
275.9480 	EXP 	unnamed Circle: fillColor = <class 'numpy.ndarray'>
277.1995 	EXP 	unnamed Circle: fillColor = <class 'numpy.ndarray'>
277.1995 	EXP 	unnamed Circle: fillColor = <class 'numpy.ndarray'>
278.4177 	EXP 	unnamed Circle: fillColor = <class 'numpy.ndarray'>
278.4177 	EXP 	unnamed Circle: fillColor = <class 'numpy.ndarray'>
279.6479 	EXP 	unnamed Circle: fillColor = <class 'numpy.ndarray'>
279.6479 	EXP 	unnamed Circle: radius = 0.08857350000000001
279.6479 	EXP 	unnamed Circle: fillColor = 'white'
279.6479 	EXP 	unnamed Circle: fillColor = <class 'numpy.ndarray'>
280.9094 	EXP 	unnamed Circle: fillColor = <class 'numpy.ndarray'>
280.9094 	EXP 	unnamed Circle: fillColor = <class 'numpy.ndarray'>
282.1325 	EXP 	unnamed Circle: fillColor = <class 'numpy.ndarray'>
282.1325 	EXP 	unnamed Circle: fillColor = <class 'numpy.ndarray'>
283.4116 	EXP 	unnamed Circle: fillColor = <class 'numpy.ndarray'>
283.4116 	EXP 	unnamed Circle: fillColor = <class 'numpy.ndarray'>
284.6318 	EXP 	unnamed Circle: fillColor = <class 'numpy.ndarray'>
284.6318 	EXP 	unnamed Circle: fillColor = <class 'numpy.ndarray'>
285.8732 	EXP 	unnamed Circle: fillColor = <class 'numpy.ndarray'>
285.8732 	EXP 	unnamed Circle: fillColor = <class 'numpy.ndarray'>
287.1051 	EXP 	unnamed Circle: fillColor = <class 'numpy.ndarray'>
287.1051 	EXP 	unnamed Circle: fillColor = <class 'numpy.ndarray'>
288.3716 	EXP 	unnamed Circle: fillColor = <class 'numpy.ndarray'>
288.3716 	EXP 	unnamed Circle: fillColor = <class 'numpy.ndarray'>
289.6216 	EXP 	unnamed Circle: fillColor = <class 'numpy.ndarray'>
289.6216 	EXP 	unnamed Circle: fillColor = <class 'numpy.ndarray'>
290.8229 	EXP 	unnamed Circle: fillColor = <class 'numpy.ndarray'>
290.8229 	EXP 	unnamed Circle: fillColor = <class 'numpy.ndarray'>
292.0892 	EXP 	unnamed Circle: fillColor = <class 'numpy.ndarray'>
292.0892 	EXP 	unnamed Circle: fillColor = <class 'numpy.ndarray'>
293.3545 	EXP 	unnamed Circle: fillColor = <class 'numpy.ndarray'>
293.3545 	EXP 	unnamed Circle: fillColor = <class 'numpy.ndarray'>
294.5896 	EXP 	unnamed Circle: fillColor = <class 'numpy.ndarray'>
294.5896 	EXP 	unnamed Circle: fillColor = <class 'numpy.ndarray'>
295.8162 	EXP 	unnamed Circle: fillColor = <class 'numpy.ndarray'>
295.8162 	EXP 	unnamed Circle: fillColor = <class 'numpy.ndarray'>
297.0899 	EXP 	unnamed Circle: fillColor = <class 'numpy.ndarray'>
297.0899 	EXP 	unnamed Circle: fillColor = <class 'numpy.ndarray'>
298.2747 	EXP 	unnamed Circle: fillColor = <class 'numpy.ndarray'>
298.2747 	EXP 	unnamed Circle: fillColor = <class 'numpy.ndarray'>
299.5762 	EXP 	unnamed Circle: fillColor = <class 'numpy.ndarray'>
299.5762 	EXP 	unnamed Circle: fillColor = <class 'numpy.ndarray'>
300.8481 	EXP 	unnamed Circle: fillColor = <class 'numpy.ndarray'>
300.8481 	EXP 	unnamed Circle: radius = 0.07971615000000001
300.8481 	EXP 	unnamed Circle: fillColor = 'white'
300.8481 	EXP 	unnamed Circle: fillColor = <class 'numpy.ndarray'>
302.0658 	EXP 	unnamed Circle: fillColor = <class 'numpy.ndarray'>
302.0658 	EXP 	unnamed Circle: fillColor = <class 'numpy.ndarray'>
303.2884 	EXP 	unnamed Circle: fillColor = <class 'numpy.ndarray'>
303.2884 	EXP 	unnamed Circle: fillColor = <class 'numpy.ndarray'>
304.5356 	EXP 	unnamed Circle: fillColor = <class 'numpy.ndarray'>
304.5356 	EXP 	unnamed Circle: fillColor = <class 'numpy.ndarray'>
305.7499 	EXP 	unnamed Circle: fillColor = <class 'numpy.ndarray'>
305.7499 	EXP 	unnamed Circle: fillColor = <class 'numpy.ndarray'>
306.9943 	EXP 	unnamed Circle: fillColor = <class 'numpy.ndarray'>
306.9943 	EXP 	unnamed Circle: fillColor = <class 'numpy.ndarray'>
308.2249 	EXP 	unnamed Circle: fillColor = <class 'numpy.ndarray'>
308.2249 	EXP 	unnamed Circle: fillColor = <class 'numpy.ndarray'>
308.5651 	EXP 	text_2: autoDraw = True
309.5669 	EXP 	text_2: autoDraw = False
319.7311 	DATA 	Keypress: space
323.9279 	DATA 	Keypress: 2
324.4461 	DATA 	Keypress: 1
324.4513 	EXP 	Created text = TextStim(__class__=<class 'psychopy.visual.text.TextStim'>, alignHoriz=method-wrapper(...), alignText='center', alignVert=method-wrapper(...), anchorHoriz='center', anchorVert='center', antialias=True, autoDraw=False, autoLog=True, bold=False, color=array([1, 1, 1]), colorSpace='rgb', contrast=1.0, depth=0.0, flipHoriz=False, flipVert=False, font='Arial', fontFiles=[], height=0.06, italic=False, languageStyle='LTR', name='text', opacity=1.0, ori=0, pos=array([0. , 0.2]), rgb=UNKNOWN, text=str(...), units='norm', win=Window(...), wrapWidth=1.2)
324.4585 	EXP 	window1: mouseVisible = True
324.5044 	EXP 	Created None = Slider(__class__=<class 'psychopy.visual.slider.Slider'>, autoDraw=False, autoLog=True, borderColor=None, color=None, colorSpace='rgb', depth=0, fillColor=None, flip=False, font='Arial', granularity=1, labelColor=None, labelHeight=0.05, labelWrapWidth=None, labels=('Never', 'Always'), lineColor=None, markerColor=None, name=None, opacity=None, ori=0, pos=array([0., 0.]), readOnly=False, self=UNKNOWN, size=array([0.85, 0.1 ]), startValue=None, style='rating', styleTweaks=[], ticks=array([1, 9]), units='norm', win=Window(...))
324.5962 	EXP 	None: autoLog = True
324.5962 	EXP 	None: markerPos = None
324.5962 	EXP 	None: styleTweaks = []
324.5962 	EXP 	None: styleTweaks = []
324.5962 	EXP 	None: styleTweaks = []
324.5962 	EXP 	None: styleTweaks = []
324.5962 	EXP 	None: contrast = 1.0
324.5962 	EXP 	None: autoLog = True
324.5962 	EXP 	None: markerPos = 5
325.6845 	DATA 	Keypress: 3
325.6951 	EXP 	None: markerPos = 4
326.3195 	DATA 	Keypress: 3
326.3303 	EXP 	None: markerPos = 3
326.6595 	DATA 	Keypress: 3
326.6703 	EXP 	None: markerPos = 2
327.8117 	DATA 	Keypress: 4
327.8188 	EXP 	None: markerPos = 2
327.8233 	EXP 	Created text = TextStim(__class__=<class 'psychopy.visual.text.TextStim'>, alignHoriz=method-wrapper(...), alignText='center', alignVert=method-wrapper(...), anchorHoriz='center', anchorVert='center', antialias=True, autoDraw=False, autoLog=True, bold=False, color=array([1, 1, 1]), colorSpace='rgb', contrast=1.0, depth=0.0, flipHoriz=False, flipVert=False, font='Arial', fontFiles=[], height=0.06, italic=False, languageStyle='LTR', name='text', opacity=1.0, ori=0, pos=array([0. , 0.2]), rgb=UNKNOWN, text=str(...), units='norm', win=Window(...), wrapWidth=1.2)
327.8252 	EXP 	window1: mouseVisible = True
327.8588 	EXP 	Created None = Slider(__class__=<class 'psychopy.visual.slider.Slider'>, autoDraw=False, autoLog=True, borderColor=None, color=None, colorSpace='rgb', depth=0, fillColor=None, flip=False, font='Arial', granularity=1, labelColor=None, labelHeight=0.05, labelWrapWidth=None, labels=('Never', 'All the time'), lineColor=None, markerColor=None, name=None, opacity=None, ori=0, pos=array([0., 0.]), readOnly=False, self=UNKNOWN, size=array([0.85, 0.1 ]), startValue=None, style='rating', styleTweaks=[], ticks=array([1, 9]), units='norm', win=Window(...))
327.8738 	EXP 	None: autoLog = True
327.8738 	EXP 	None: markerPos = None
327.8738 	EXP 	None: styleTweaks = []
327.8738 	EXP 	None: styleTweaks = []
327.8738 	EXP 	None: styleTweaks = []
327.8738 	EXP 	None: styleTweaks = []
327.8738 	EXP 	None: contrast = 1.0
327.8738 	EXP 	None: autoLog = True
327.8738 	EXP 	None: markerPos = 5
328.3600 	DATA 	Keypress: 3
328.3702 	EXP 	None: markerPos = 4
328.5481 	DATA 	Keypress: 3
328.5578 	EXP 	None: markerPos = 3
328.7867 	DATA 	Keypress: 4
328.7940 	EXP 	None: markerPos = 3
328.7986 	EXP 	Created text = TextStim(__class__=<class 'psychopy.visual.text.TextStim'>, alignHoriz=method-wrapper(...), alignText='center', alignVert=method-wrapper(...), anchorHoriz='center', anchorVert='center', antialias=True, autoDraw=False, autoLog=True, bold=False, color=array([1, 1, 1]), colorSpace='rgb', contrast=1.0, depth=0.0, flipHoriz=False, flipVert=False, font='Arial', fontFiles=[], height=0.06, italic=False, languageStyle='LTR', name='text', opacity=1.0, ori=0, pos=array([0. , 0.2]), rgb=UNKNOWN, text='How difficult was it to apply mental noting?', units='norm', win=Window(...), wrapWidth=1.2)
328.8005 	EXP 	window1: mouseVisible = True
328.8311 	EXP 	Created None = Slider(__class__=<class 'psychopy.visual.slider.Slider'>, autoDraw=False, autoLog=True, borderColor=None, color=None, colorSpace='rgb', depth=0, fillColor=None, flip=False, font='Arial', granularity=1, labelColor=None, labelHeight=0.05, labelWrapWidth=None, labels=('Not at all', 'Very Difficult'), lineColor=None, markerColor=None, name=None, opacity=None, ori=0, pos=array([0., 0.]), readOnly=False, self=UNKNOWN, size=array([0.85, 0.1 ]), startValue=None, style='rating', styleTweaks=[], ticks=array([1, 9]), units='norm', win=Window(...))
328.8466 	EXP 	None: autoLog = True
328.8466 	EXP 	None: markerPos = None
328.8466 	EXP 	None: styleTweaks = []
328.8466 	EXP 	None: styleTweaks = []
328.8466 	EXP 	None: styleTweaks = []
328.8466 	EXP 	None: styleTweaks = []
328.8466 	EXP 	None: contrast = 1.0
328.8466 	EXP 	None: autoLog = True
328.8466 	EXP 	None: markerPos = 5
329.2197 	DATA 	Keypress: 3
329.2305 	EXP 	None: markerPos = 4
329.4186 	DATA 	Keypress: 3
329.4265 	EXP 	None: markerPos = 3
329.7738 	DATA 	Keypress: 4
329.7813 	EXP 	None: markerPos = 3
329.7853 	EXP 	Created text = TextStim(__class__=<class 'psychopy.visual.text.TextStim'>, alignHoriz=method-wrapper(...), alignText='center', alignVert=method-wrapper(...), anchorHoriz='center', anchorVert='center', antialias=True, autoDraw=False, autoLog=True, bold=False, color=array([1, 1, 1]), colorSpace='rgb', contrast=1.0, depth=0.0, flipHoriz=False, flipVert=False, font='Arial', fontFiles=[], height=0.06, italic=False, languageStyle='LTR', name='text', opacity=1.0, ori=0, pos=array([0. , 0.2]), rgb=UNKNOWN, text='How calm do you feel right now?', units='norm', win=Window(...), wrapWidth=1.2)
329.7872 	EXP 	window1: mouseVisible = True
329.8102 	EXP 	Created None = Slider(__class__=<class 'psychopy.visual.slider.Slider'>, autoDraw=False, autoLog=True, borderColor=None, color=None, colorSpace='rgb', depth=0, fillColor=None, flip=False, font='Arial', granularity=1, labelColor=None, labelHeight=0.05, labelWrapWidth=None, labels=('Not at all', 'Very calm'), lineColor=None, markerColor=None, name=None, opacity=None, ori=0, pos=array([0., 0.]), readOnly=False, self=UNKNOWN, size=array([0.85, 0.1 ]), startValue=None, style='rating', styleTweaks=[], ticks=array([1, 9]), units='norm', win=Window(...))
329.8222 	EXP 	None: autoLog = True
329.8222 	EXP 	None: markerPos = None
329.8222 	EXP 	None: styleTweaks = []
329.8222 	EXP 	None: styleTweaks = []
329.8222 	EXP 	None: styleTweaks = []
329.8222 	EXP 	None: styleTweaks = []
329.8222 	EXP 	None: contrast = 1.0
329.8222 	EXP 	None: autoLog = True
329.8222 	EXP 	None: markerPos = 5
330.3423 	DATA 	Keypress: 3
330.3531 	EXP 	None: markerPos = 4
330.5283 	DATA 	Keypress: 3
330.5374 	EXP 	None: markerPos = 3
330.8048 	DATA 	Keypress: 4
330.8118 	EXP 	None: markerPos = 3
333.9339 	EXP 	window1: mouseVisible = True
